mode: set
github.com/Vector/vector-leads-scraper/internal/database/database.go:170.70,171.19 1 1
github.com/Vector/vector-leads-scraper/internal/database/database.go:171.19,173.3 1 1
github.com/Vector/vector-leads-scraper/internal/database/database.go:175.2,182.44 2 1
github.com/Vector/vector-leads-scraper/internal/database/database.go:182.44,184.3 1 1
github.com/Vector/vector-leads-scraper/internal/database/database.go:187.2,187.58 1 1
github.com/Vector/vector-leads-scraper/internal/database/database.go:187.58,189.3 1 0
github.com/Vector/vector-leads-scraper/internal/database/database.go:191.2,191.22 1 1
github.com/Vector/vector-leads-scraper/internal/database/database.go:196.32,197.22 1 1
github.com/Vector/vector-leads-scraper/internal/database/database.go:197.22,199.3 1 1
github.com/Vector/vector-leads-scraper/internal/database/database.go:201.2,201.29 1 1
github.com/Vector/vector-leads-scraper/internal/database/database.go:201.29,203.3 1 1
github.com/Vector/vector-leads-scraper/internal/database/database.go:205.2,205.22 1 1
github.com/Vector/vector-leads-scraper/internal/database/database.go:205.22,207.3 1 1
github.com/Vector/vector-leads-scraper/internal/database/database.go:209.2,209.12 1 1
github.com/Vector/vector-leads-scraper/internal/database/database.go:214.46,220.15 2 1
github.com/Vector/vector-leads-scraper/internal/database/database.go:220.15,222.3 1 1
github.com/Vector/vector-leads-scraper/internal/database/database.go:224.2,224.46 1 1
github.com/Vector/vector-leads-scraper/internal/database/database.go:224.46,226.3 1 0
github.com/Vector/vector-leads-scraper/internal/database/database.go:228.2,228.21 1 1
github.com/Vector/vector-leads-scraper/internal/database/database.go:228.21,230.16 2 1
github.com/Vector/vector-leads-scraper/internal/database/database.go:230.16,231.32 1 1
github.com/Vector/vector-leads-scraper/internal/database/database.go:231.32,233.5 1 0
github.com/Vector/vector-leads-scraper/internal/database/database.go:237.3,237.55 1 1
github.com/Vector/vector-leads-scraper/internal/database/database.go:237.55,241.4 2 0
github.com/Vector/vector-leads-scraper/internal/database/database.go:243.3,245.53 2 1
github.com/Vector/vector-leads-scraper/internal/database/database.go:248.2,248.12 1 1
github.com/Vector/vector-leads-scraper/internal/database/database.go:252.47,254.2 1 1
github.com/Vector/vector-leads-scraper/internal/database/database.go:257.39,259.2 1 1
github.com/Vector/vector-leads-scraper/internal/database/db_account_create.go:25.47,26.87 1 1
github.com/Vector/vector-leads-scraper/internal/database/db_account_create.go:26.87,28.3 1 1
github.com/Vector/vector-leads-scraper/internal/database/db_account_create.go:30.2,30.22 1 1
github.com/Vector/vector-leads-scraper/internal/database/db_account_create.go:30.22,32.3 1 0
github.com/Vector/vector-leads-scraper/internal/database/db_account_create.go:35.2,35.27 1 1
github.com/Vector/vector-leads-scraper/internal/database/db_account_create.go:35.27,37.3 1 1
github.com/Vector/vector-leads-scraper/internal/database/db_account_create.go:39.2,39.12 1 1
github.com/Vector/vector-leads-scraper/internal/database/db_account_create.go:85.118,90.18 3 1
github.com/Vector/vector-leads-scraper/internal/database/db_account_create.go:90.18,92.3 1 1
github.com/Vector/vector-leads-scraper/internal/database/db_account_create.go:95.2,95.41 1 1
github.com/Vector/vector-leads-scraper/internal/database/db_account_create.go:95.41,97.3 1 1
github.com/Vector/vector-leads-scraper/internal/database/db_account_create.go:100.2,105.16 3 1
github.com/Vector/vector-leads-scraper/internal/database/db_account_create.go:105.16,107.3 1 1
github.com/Vector/vector-leads-scraper/internal/database/db_account_create.go:109.2,109.22 1 1
github.com/Vector/vector-leads-scraper/internal/database/db_account_create.go:109.22,111.3 1 0
github.com/Vector/vector-leads-scraper/internal/database/db_account_create.go:114.2,115.35 2 1
github.com/Vector/vector-leads-scraper/internal/database/db_account_create.go:115.35,117.3 1 1
github.com/Vector/vector-leads-scraper/internal/database/db_account_create.go:120.2,120.94 1 1
github.com/Vector/vector-leads-scraper/internal/database/db_account_create.go:120.94,122.3 1 0
github.com/Vector/vector-leads-scraper/internal/database/db_account_create.go:125.2,126.16 2 1
github.com/Vector/vector-leads-scraper/internal/database/db_account_create.go:126.16,128.3 1 0
github.com/Vector/vector-leads-scraper/internal/database/db_account_create.go:130.2,130.97 1 1
github.com/Vector/vector-leads-scraper/internal/database/db_account_create.go:130.97,132.3 1 0
github.com/Vector/vector-leads-scraper/internal/database/db_account_create.go:135.2,136.16 2 1
github.com/Vector/vector-leads-scraper/internal/database/db_account_create.go:136.16,138.3 1 0
github.com/Vector/vector-leads-scraper/internal/database/db_account_create.go:140.2,140.27 1 1
github.com/Vector/vector-leads-scraper/internal/database/db_account_create.go:140.27,142.3 1 0
github.com/Vector/vector-leads-scraper/internal/database/db_account_create.go:145.2,146.16 2 1
github.com/Vector/vector-leads-scraper/internal/database/db_account_create.go:146.16,148.3 1 0
github.com/Vector/vector-leads-scraper/internal/database/db_account_create.go:150.2,150.19 1 1
github.com/Vector/vector-leads-scraper/internal/database/db_account_create.go:154.119,160.37 4 1
github.com/Vector/vector-leads-scraper/internal/database/db_account_create.go:160.37,162.3 1 1
github.com/Vector/vector-leads-scraper/internal/database/db_account_create.go:164.2,170.16 5 1
github.com/Vector/vector-leads-scraper/internal/database/db_account_create.go:170.16,172.3 1 1
github.com/Vector/vector-leads-scraper/internal/database/db_account_create.go:174.2,174.21 1 1
github.com/Vector/vector-leads-scraper/internal/database/db_account_delete.go:41.48,42.87 1 1
github.com/Vector/vector-leads-scraper/internal/database/db_account_delete.go:42.87,44.3 1 1
github.com/Vector/vector-leads-scraper/internal/database/db_account_delete.go:45.2,45.12 1 1
github.com/Vector/vector-leads-scraper/internal/database/db_account_delete.go:63.85,68.19 3 1
github.com/Vector/vector-leads-scraper/internal/database/db_account_delete.go:68.19,70.3 1 0
github.com/Vector/vector-leads-scraper/internal/database/db_account_delete.go:73.2,73.42 1 1
github.com/Vector/vector-leads-scraper/internal/database/db_account_delete.go:73.42,75.3 1 1
github.com/Vector/vector-leads-scraper/internal/database/db_account_delete.go:78.2,82.87 2 1
github.com/Vector/vector-leads-scraper/internal/database/db_account_delete.go:82.87,84.3 1 1
github.com/Vector/vector-leads-scraper/internal/database/db_account_delete.go:86.2,87.16 2 1
github.com/Vector/vector-leads-scraper/internal/database/db_account_delete.go:87.16,89.3 1 1
github.com/Vector/vector-leads-scraper/internal/database/db_account_delete.go:90.2,90.20 1 1
github.com/Vector/vector-leads-scraper/internal/database/db_account_delete.go:90.20,92.3 1 0
github.com/Vector/vector-leads-scraper/internal/database/db_account_delete.go:95.2,97.45 3 1
github.com/Vector/vector-leads-scraper/internal/database/db_account_delete.go:97.45,99.3 1 1
github.com/Vector/vector-leads-scraper/internal/database/db_account_delete.go:99.8,101.3 1 0
github.com/Vector/vector-leads-scraper/internal/database/db_account_delete.go:103.2,104.16 2 1
github.com/Vector/vector-leads-scraper/internal/database/db_account_delete.go:104.16,106.3 1 0
github.com/Vector/vector-leads-scraper/internal/database/db_account_delete.go:107.2,107.27 1 1
github.com/Vector/vector-leads-scraper/internal/database/db_account_delete.go:107.27,109.3 1 0
github.com/Vector/vector-leads-scraper/internal/database/db_account_delete.go:111.2,111.12 1 1
github.com/Vector/vector-leads-scraper/internal/database/db_account_delete.go:115.77,116.30 1 1
github.com/Vector/vector-leads-scraper/internal/database/db_account_delete.go:116.30,118.3 1 1
github.com/Vector/vector-leads-scraper/internal/database/db_account_delete.go:121.2,122.16 2 1
github.com/Vector/vector-leads-scraper/internal/database/db_account_delete.go:122.16,123.45 1 1
github.com/Vector/vector-leads-scraper/internal/database/db_account_delete.go:123.45,125.4 1 0
github.com/Vector/vector-leads-scraper/internal/database/db_account_delete.go:126.3,126.65 1 1
github.com/Vector/vector-leads-scraper/internal/database/db_account_delete.go:128.2,128.20 1 1
github.com/Vector/vector-leads-scraper/internal/database/db_account_delete.go:128.20,130.3 1 0
github.com/Vector/vector-leads-scraper/internal/database/db_account_delete.go:133.2,134.16 2 1
github.com/Vector/vector-leads-scraper/internal/database/db_account_delete.go:134.16,136.3 1 0
github.com/Vector/vector-leads-scraper/internal/database/db_account_delete.go:139.2,143.4 1 1
github.com/Vector/vector-leads-scraper/internal/database/db_account_delete.go:153.54,154.87 1 1
github.com/Vector/vector-leads-scraper/internal/database/db_account_delete.go:154.87,156.3 1 1
github.com/Vector/vector-leads-scraper/internal/database/db_account_delete.go:157.2,157.12 1 1
github.com/Vector/vector-leads-scraper/internal/database/db_account_delete.go:178.97,183.19 3 1
github.com/Vector/vector-leads-scraper/internal/database/db_account_delete.go:183.19,185.3 1 1
github.com/Vector/vector-leads-scraper/internal/database/db_account_delete.go:188.2,188.42 1 1
github.com/Vector/vector-leads-scraper/internal/database/db_account_delete.go:188.42,190.3 1 1
github.com/Vector/vector-leads-scraper/internal/database/db_account_delete.go:193.2,195.55 3 1
github.com/Vector/vector-leads-scraper/internal/database/db_account_delete.go:195.55,197.26 2 1
github.com/Vector/vector-leads-scraper/internal/database/db_account_delete.go:197.26,199.4 1 1
github.com/Vector/vector-leads-scraper/internal/database/db_account_delete.go:201.3,207.46 3 1
github.com/Vector/vector-leads-scraper/internal/database/db_account_delete.go:207.46,209.4 1 0
github.com/Vector/vector-leads-scraper/internal/database/db_account_delete.go:212.3,213.17 2 1
github.com/Vector/vector-leads-scraper/internal/database/db_account_delete.go:213.17,218.4 2 0
github.com/Vector/vector-leads-scraper/internal/database/db_account_delete.go:221.3,223.41 1 1
github.com/Vector/vector-leads-scraper/internal/database/db_account_delete.go:226.2,226.12 1 1
github.com/Vector/vector-leads-scraper/internal/database/db_account_read.go:22.44,23.87 1 1
github.com/Vector/vector-leads-scraper/internal/database/db_account_read.go:23.87,25.3 1 1
github.com/Vector/vector-leads-scraper/internal/database/db_account_read.go:26.2,26.12 1 1
github.com/Vector/vector-leads-scraper/internal/database/db_account_read.go:49.112,59.18 4 1
github.com/Vector/vector-leads-scraper/internal/database/db_account_read.go:59.18,61.3 1 0
github.com/Vector/vector-leads-scraper/internal/database/db_account_read.go:64.2,64.41 1 1
github.com/Vector/vector-leads-scraper/internal/database/db_account_read.go:64.41,66.3 1 1
github.com/Vector/vector-leads-scraper/internal/database/db_account_read.go:69.2,72.86 3 1
github.com/Vector/vector-leads-scraper/internal/database/db_account_read.go:72.86,74.3 1 1
github.com/Vector/vector-leads-scraper/internal/database/db_account_read.go:76.2,76.39 1 1
github.com/Vector/vector-leads-scraper/internal/database/db_account_read.go:76.39,78.3 1 0
github.com/Vector/vector-leads-scraper/internal/database/db_account_read.go:80.2,81.16 2 1
github.com/Vector/vector-leads-scraper/internal/database/db_account_read.go:81.16,82.40 1 1
github.com/Vector/vector-leads-scraper/internal/database/db_account_read.go:82.40,84.4 1 1
github.com/Vector/vector-leads-scraper/internal/database/db_account_read.go:85.3,88.59 2 1
github.com/Vector/vector-leads-scraper/internal/database/db_account_read.go:92.2,93.16 2 1
github.com/Vector/vector-leads-scraper/internal/database/db_account_read.go:93.16,95.3 1 0
github.com/Vector/vector-leads-scraper/internal/database/db_account_read.go:97.2,97.21 1 1
github.com/Vector/vector-leads-scraper/internal/database/db_account_read.go:106.46,107.87 1 1
github.com/Vector/vector-leads-scraper/internal/database/db_account_read.go:107.87,109.3 1 1
github.com/Vector/vector-leads-scraper/internal/database/db_account_read.go:110.2,110.12 1 1
github.com/Vector/vector-leads-scraper/internal/database/db_account_read.go:122.118,130.18 4 1
github.com/Vector/vector-leads-scraper/internal/database/db_account_read.go:130.18,132.3 1 0
github.com/Vector/vector-leads-scraper/internal/database/db_account_read.go:135.2,135.41 1 1
github.com/Vector/vector-leads-scraper/internal/database/db_account_read.go:135.41,137.3 1 1
github.com/Vector/vector-leads-scraper/internal/database/db_account_read.go:140.2,146.37 2 1
github.com/Vector/vector-leads-scraper/internal/database/db_account_read.go:146.37,150.3 2 0
github.com/Vector/vector-leads-scraper/internal/database/db_account_read.go:153.2,154.35 2 1
github.com/Vector/vector-leads-scraper/internal/database/db_account_read.go:154.35,156.17 2 1
github.com/Vector/vector-leads-scraper/internal/database/db_account_read.go:156.17,160.4 2 0
github.com/Vector/vector-leads-scraper/internal/database/db_account_read.go:161.3,161.18 1 1
github.com/Vector/vector-leads-scraper/internal/database/db_account_read.go:164.2,164.20 1 1
github.com/Vector/vector-leads-scraper/internal/database/db_account_update.go:11.156,13.33 1 1
github.com/Vector/vector-leads-scraper/internal/database/db_account_update.go:13.33,15.3 1 0
github.com/Vector/vector-leads-scraper/internal/database/db_account_update.go:17.2,17.20 1 1
github.com/Vector/vector-leads-scraper/internal/database/db_account_update.go:17.20,19.3 1 1
github.com/Vector/vector-leads-scraper/internal/database/db_account_update.go:22.2,22.25 1 1
github.com/Vector/vector-leads-scraper/internal/database/db_account_update.go:22.25,24.3 1 1
github.com/Vector/vector-leads-scraper/internal/database/db_account_update.go:27.2,30.16 2 1
github.com/Vector/vector-leads-scraper/internal/database/db_account_update.go:30.16,32.3 1 1
github.com/Vector/vector-leads-scraper/internal/database/db_account_update.go:33.2,33.21 1 1
github.com/Vector/vector-leads-scraper/internal/database/db_account_update.go:33.21,35.3 1 0
github.com/Vector/vector-leads-scraper/internal/database/db_account_update.go:37.2,44.16 4 1
github.com/Vector/vector-leads-scraper/internal/database/db_account_update.go:44.16,46.3 1 0
github.com/Vector/vector-leads-scraper/internal/database/db_account_update.go:47.2,47.25 1 1
github.com/Vector/vector-leads-scraper/internal/database/db_account_update.go:47.25,49.3 1 0
github.com/Vector/vector-leads-scraper/internal/database/db_account_update.go:52.2,56.16 2 1
github.com/Vector/vector-leads-scraper/internal/database/db_account_update.go:56.16,58.3 1 0
github.com/Vector/vector-leads-scraper/internal/database/db_account_update.go:60.2,60.19 1 1
github.com/Vector/vector-leads-scraper/internal/database/db_account_update.go:60.19,62.3 1 0
github.com/Vector/vector-leads-scraper/internal/database/db_account_update.go:65.2,66.16 2 1
github.com/Vector/vector-leads-scraper/internal/database/db_account_update.go:66.16,68.3 1 0
github.com/Vector/vector-leads-scraper/internal/database/db_account_update.go:71.2,71.96 1 1
github.com/Vector/vector-leads-scraper/internal/database/db_account_update.go:71.96,73.3 1 0
github.com/Vector/vector-leads-scraper/internal/database/db_account_update.go:76.2,77.16 2 1
github.com/Vector/vector-leads-scraper/internal/database/db_account_update.go:77.16,79.3 1 0
github.com/Vector/vector-leads-scraper/internal/database/db_account_update.go:81.2,81.27 1 1
github.com/Vector/vector-leads-scraper/internal/database/db_account_update.go:81.27,83.3 1 0
github.com/Vector/vector-leads-scraper/internal/database/db_account_update.go:85.2,85.21 1 1
github.com/Vector/vector-leads-scraper/internal/database/db_api_key_create.go:11.128,12.19 1 1
github.com/Vector/vector-leads-scraper/internal/database/db_api_key_create.go:12.19,14.3 1 1
github.com/Vector/vector-leads-scraper/internal/database/db_api_key_create.go:16.2,21.16 4 1
github.com/Vector/vector-leads-scraper/internal/database/db_api_key_create.go:21.16,23.3 1 0
github.com/Vector/vector-leads-scraper/internal/database/db_api_key_create.go:26.2,27.25 2 1
github.com/Vector/vector-leads-scraper/internal/database/db_api_key_create.go:27.25,29.3 1 1
github.com/Vector/vector-leads-scraper/internal/database/db_api_key_create.go:32.2,33.16 2 1
github.com/Vector/vector-leads-scraper/internal/database/db_api_key_create.go:33.16,35.3 1 0
github.com/Vector/vector-leads-scraper/internal/database/db_api_key_create.go:37.2,37.23 1 1
github.com/Vector/vector-leads-scraper/internal/database/db_api_key_update.go:11.128,12.37 1 1
github.com/Vector/vector-leads-scraper/internal/database/db_api_key_update.go:12.37,14.3 1 1
github.com/Vector/vector-leads-scraper/internal/database/db_api_key_update.go:16.2,21.16 4 1
github.com/Vector/vector-leads-scraper/internal/database/db_api_key_update.go:21.16,23.3 1 0
github.com/Vector/vector-leads-scraper/internal/database/db_api_key_update.go:26.2,30.16 3 1
github.com/Vector/vector-leads-scraper/internal/database/db_api_key_update.go:30.16,32.3 1 1
github.com/Vector/vector-leads-scraper/internal/database/db_api_key_update.go:34.2,34.27 1 1
github.com/Vector/vector-leads-scraper/internal/database/db_api_key_update.go:34.27,36.3 1 1
github.com/Vector/vector-leads-scraper/internal/database/db_api_key_update.go:38.2,39.16 2 1
github.com/Vector/vector-leads-scraper/internal/database/db_api_key_update.go:39.16,41.3 1 0
github.com/Vector/vector-leads-scraper/internal/database/db_api_key_update.go:43.2,43.23 1 1
github.com/Vector/vector-leads-scraper/internal/database/db_delete_api_key.go:11.66,16.13 2 1
github.com/Vector/vector-leads-scraper/internal/database/db_delete_api_key.go:16.13,18.3 1 1
github.com/Vector/vector-leads-scraper/internal/database/db_delete_api_key.go:20.2,25.16 4 1
github.com/Vector/vector-leads-scraper/internal/database/db_delete_api_key.go:25.16,27.3 1 1
github.com/Vector/vector-leads-scraper/internal/database/db_delete_api_key.go:29.2,29.19 1 1
github.com/Vector/vector-leads-scraper/internal/database/db_delete_api_key.go:29.19,31.3 1 0
github.com/Vector/vector-leads-scraper/internal/database/db_delete_api_key.go:34.2,34.112 1 1
github.com/Vector/vector-leads-scraper/internal/database/db_delete_api_key.go:34.112,36.3 1 0
github.com/Vector/vector-leads-scraper/internal/database/db_delete_api_key.go:38.2,38.12 1 1
github.com/Vector/vector-leads-scraper/internal/database/db_get_api_key.go:11.97,12.13 1 1
github.com/Vector/vector-leads-scraper/internal/database/db_get_api_key.go:12.13,14.3 1 1
github.com/Vector/vector-leads-scraper/internal/database/db_get_api_key.go:16.2,24.16 5 1
github.com/Vector/vector-leads-scraper/internal/database/db_get_api_key.go:24.16,26.3 1 1
github.com/Vector/vector-leads-scraper/internal/database/db_get_api_key.go:28.2,29.16 2 1
github.com/Vector/vector-leads-scraper/internal/database/db_get_api_key.go:29.16,31.3 1 0
github.com/Vector/vector-leads-scraper/internal/database/db_get_api_key.go:33.2,33.23 1 1
github.com/Vector/vector-leads-scraper/internal/database/db_lead_batch_delete.go:15.100,20.19 2 1
github.com/Vector/vector-leads-scraper/internal/database/db_lead_batch_delete.go:20.19,22.3 1 1
github.com/Vector/vector-leads-scraper/internal/database/db_lead_batch_delete.go:24.2,29.16 4 1
github.com/Vector/vector-leads-scraper/internal/database/db_lead_batch_delete.go:29.16,31.3 1 0
github.com/Vector/vector-leads-scraper/internal/database/db_lead_batch_delete.go:33.2,33.17 1 1
github.com/Vector/vector-leads-scraper/internal/database/db_lead_batch_delete.go:33.17,35.3 1 0
github.com/Vector/vector-leads-scraper/internal/database/db_lead_batch_delete.go:38.2,39.38 2 1
github.com/Vector/vector-leads-scraper/internal/database/db_lead_batch_delete.go:39.38,41.3 1 0
github.com/Vector/vector-leads-scraper/internal/database/db_lead_batch_delete.go:43.2,44.16 2 1
github.com/Vector/vector-leads-scraper/internal/database/db_lead_batch_delete.go:44.16,46.3 1 0
github.com/Vector/vector-leads-scraper/internal/database/db_lead_batch_delete.go:48.2,48.44 1 1
github.com/Vector/vector-leads-scraper/internal/database/db_lead_batch_delete.go:48.44,50.3 1 0
github.com/Vector/vector-leads-scraper/internal/database/db_lead_batch_delete.go:52.2,52.12 1 1
github.com/Vector/vector-leads-scraper/internal/database/db_lead_create.go:11.142,16.17 2 1
github.com/Vector/vector-leads-scraper/internal/database/db_lead_create.go:16.17,18.3 1 1
github.com/Vector/vector-leads-scraper/internal/database/db_lead_create.go:20.2,25.16 4 1
github.com/Vector/vector-leads-scraper/internal/database/db_lead_create.go:25.16,27.3 1 1
github.com/Vector/vector-leads-scraper/internal/database/db_lead_create.go:30.2,31.16 2 1
github.com/Vector/vector-leads-scraper/internal/database/db_lead_create.go:31.16,33.3 1 0
github.com/Vector/vector-leads-scraper/internal/database/db_lead_create.go:35.2,35.88 1 1
github.com/Vector/vector-leads-scraper/internal/database/db_lead_create.go:35.88,37.3 1 0
github.com/Vector/vector-leads-scraper/internal/database/db_lead_create.go:40.2,40.70 1 1
github.com/Vector/vector-leads-scraper/internal/database/db_lead_create.go:40.70,42.3 1 0
github.com/Vector/vector-leads-scraper/internal/database/db_lead_create.go:44.2,44.16 1 1
github.com/Vector/vector-leads-scraper/internal/database/db_lead_create.go:44.16,46.3 1 0
github.com/Vector/vector-leads-scraper/internal/database/db_lead_create.go:49.2,50.16 2 1
github.com/Vector/vector-leads-scraper/internal/database/db_lead_create.go:50.16,52.3 1 0
github.com/Vector/vector-leads-scraper/internal/database/db_lead_create.go:54.2,54.23 1 1
github.com/Vector/vector-leads-scraper/internal/database/db_lead_create.go:57.153,63.21 2 1
github.com/Vector/vector-leads-scraper/internal/database/db_lead_create.go:63.21,65.3 1 1
github.com/Vector/vector-leads-scraper/internal/database/db_lead_create.go:67.2,71.90 3 1
github.com/Vector/vector-leads-scraper/internal/database/db_lead_create.go:71.90,73.3 1 1
github.com/Vector/vector-leads-scraper/internal/database/db_lead_create.go:76.2,77.16 2 1
github.com/Vector/vector-leads-scraper/internal/database/db_lead_create.go:77.16,79.3 1 0
github.com/Vector/vector-leads-scraper/internal/database/db_lead_create.go:82.2,82.135 1 1
github.com/Vector/vector-leads-scraper/internal/database/db_lead_create.go:82.135,84.3 1 0
github.com/Vector/vector-leads-scraper/internal/database/db_lead_create.go:87.2,88.35 2 1
github.com/Vector/vector-leads-scraper/internal/database/db_lead_create.go:88.35,90.17 2 1
github.com/Vector/vector-leads-scraper/internal/database/db_lead_create.go:90.17,92.4 1 0
github.com/Vector/vector-leads-scraper/internal/database/db_lead_create.go:93.3,93.43 1 1
github.com/Vector/vector-leads-scraper/internal/database/db_lead_create.go:96.2,96.23 1 1
github.com/Vector/vector-leads-scraper/internal/database/db_lead_delete.go:11.91,16.13 2 1
github.com/Vector/vector-leads-scraper/internal/database/db_lead_delete.go:16.13,18.3 1 1
github.com/Vector/vector-leads-scraper/internal/database/db_lead_delete.go:20.2,25.16 4 1
github.com/Vector/vector-leads-scraper/internal/database/db_lead_delete.go:25.16,26.40 1 1
github.com/Vector/vector-leads-scraper/internal/database/db_lead_delete.go:26.40,28.4 1 1
github.com/Vector/vector-leads-scraper/internal/database/db_lead_delete.go:29.3,29.51 1 1
github.com/Vector/vector-leads-scraper/internal/database/db_lead_delete.go:32.2,33.38 2 1
github.com/Vector/vector-leads-scraper/internal/database/db_lead_delete.go:33.38,35.3 1 1
github.com/Vector/vector-leads-scraper/internal/database/db_lead_delete.go:35.8,37.3 1 1
github.com/Vector/vector-leads-scraper/internal/database/db_lead_delete.go:39.2,40.16 2 1
github.com/Vector/vector-leads-scraper/internal/database/db_lead_delete.go:40.16,42.3 1 0
github.com/Vector/vector-leads-scraper/internal/database/db_lead_delete.go:44.2,44.30 1 1
github.com/Vector/vector-leads-scraper/internal/database/db_lead_delete.go:44.30,46.3 1 0
github.com/Vector/vector-leads-scraper/internal/database/db_lead_delete.go:48.2,48.12 1 1
github.com/Vector/vector-leads-scraper/internal/database/db_lead_get.go:11.93,16.13 2 1
github.com/Vector/vector-leads-scraper/internal/database/db_lead_get.go:16.13,18.3 1 1
github.com/Vector/vector-leads-scraper/internal/database/db_lead_get.go:20.2,29.16 4 1
github.com/Vector/vector-leads-scraper/internal/database/db_lead_get.go:29.16,30.40 1 1
github.com/Vector/vector-leads-scraper/internal/database/db_lead_get.go:30.40,32.4 1 1
github.com/Vector/vector-leads-scraper/internal/database/db_lead_get.go:33.3,33.56 1 1
github.com/Vector/vector-leads-scraper/internal/database/db_lead_get.go:36.2,37.16 2 1
github.com/Vector/vector-leads-scraper/internal/database/db_lead_get.go:37.16,39.3 1 0
github.com/Vector/vector-leads-scraper/internal/database/db_lead_get.go:41.2,41.23 1 1
github.com/Vector/vector-leads-scraper/internal/database/db_lead_list.go:11.105,13.16 1 1
github.com/Vector/vector-leads-scraper/internal/database/db_lead_list.go:13.16,15.3 1 1
github.com/Vector/vector-leads-scraper/internal/database/db_lead_list.go:16.2,16.16 1 1
github.com/Vector/vector-leads-scraper/internal/database/db_lead_list.go:16.16,18.3 1 1
github.com/Vector/vector-leads-scraper/internal/database/db_lead_list.go:20.2,32.16 5 1
github.com/Vector/vector-leads-scraper/internal/database/db_lead_list.go:32.16,34.3 1 0
github.com/Vector/vector-leads-scraper/internal/database/db_lead_list.go:36.2,37.35 2 1
github.com/Vector/vector-leads-scraper/internal/database/db_lead_list.go:37.35,39.17 2 1
github.com/Vector/vector-leads-scraper/internal/database/db_lead_list.go:39.17,41.4 1 0
github.com/Vector/vector-leads-scraper/internal/database/db_lead_list.go:42.3,42.31 1 1
github.com/Vector/vector-leads-scraper/internal/database/db_lead_list.go:45.2,45.19 1 1
github.com/Vector/vector-leads-scraper/internal/database/db_lead_update.go:11.120,12.33 1 1
github.com/Vector/vector-leads-scraper/internal/database/db_lead_update.go:12.33,14.3 1 1
github.com/Vector/vector-leads-scraper/internal/database/db_lead_update.go:16.2,25.16 5 1
github.com/Vector/vector-leads-scraper/internal/database/db_lead_update.go:25.16,27.3 1 0
github.com/Vector/vector-leads-scraper/internal/database/db_lead_update.go:30.2,30.94 1 1
github.com/Vector/vector-leads-scraper/internal/database/db_lead_update.go:30.94,32.3 1 1
github.com/Vector/vector-leads-scraper/internal/database/db_lead_update.go:35.2,35.84 1 1
github.com/Vector/vector-leads-scraper/internal/database/db_lead_update.go:35.84,37.3 1 1
github.com/Vector/vector-leads-scraper/internal/database/db_lead_update.go:39.2,40.16 2 1
github.com/Vector/vector-leads-scraper/internal/database/db_lead_update.go:40.16,42.3 1 0
github.com/Vector/vector-leads-scraper/internal/database/db_lead_update.go:44.2,44.23 1 1
github.com/Vector/vector-leads-scraper/internal/database/db_list_api_key.go:11.109,13.16 1 1
github.com/Vector/vector-leads-scraper/internal/database/db_list_api_key.go:13.16,15.3 1 1
github.com/Vector/vector-leads-scraper/internal/database/db_list_api_key.go:16.2,16.16 1 1
github.com/Vector/vector-leads-scraper/internal/database/db_list_api_key.go:16.16,18.3 1 1
github.com/Vector/vector-leads-scraper/internal/database/db_list_api_key.go:20.2,32.16 5 1
github.com/Vector/vector-leads-scraper/internal/database/db_list_api_key.go:32.16,34.3 1 1
github.com/Vector/vector-leads-scraper/internal/database/db_list_api_key.go:36.2,37.39 2 1
github.com/Vector/vector-leads-scraper/internal/database/db_list_api_key.go:37.39,39.17 2 1
github.com/Vector/vector-leads-scraper/internal/database/db_list_api_key.go:39.17,41.4 1 0
github.com/Vector/vector-leads-scraper/internal/database/db_list_api_key.go:42.3,42.37 1 1
github.com/Vector/vector-leads-scraper/internal/database/db_list_api_key.go:45.2,45.21 1 1
github.com/Vector/vector-leads-scraper/internal/database/db_organization.go:19.52,20.87 1 1
github.com/Vector/vector-leads-scraper/internal/database/db_organization.go:20.87,22.3 1 0
github.com/Vector/vector-leads-scraper/internal/database/db_organization.go:24.2,24.27 1 1
github.com/Vector/vector-leads-scraper/internal/database/db_organization.go:24.27,26.3 1 0
github.com/Vector/vector-leads-scraper/internal/database/db_organization.go:29.2,29.50 1 1
github.com/Vector/vector-leads-scraper/internal/database/db_organization.go:29.50,31.3 1 1
github.com/Vector/vector-leads-scraper/internal/database/db_organization.go:33.2,33.12 1 1
github.com/Vector/vector-leads-scraper/internal/database/db_organization.go:37.133,41.18 3 1
github.com/Vector/vector-leads-scraper/internal/database/db_organization.go:41.18,43.3 1 1
github.com/Vector/vector-leads-scraper/internal/database/db_organization.go:45.2,45.41 1 1
github.com/Vector/vector-leads-scraper/internal/database/db_organization.go:45.41,47.3 1 1
github.com/Vector/vector-leads-scraper/internal/database/db_organization.go:49.2,52.16 3 1
github.com/Vector/vector-leads-scraper/internal/database/db_organization.go:52.16,54.3 1 0
github.com/Vector/vector-leads-scraper/internal/database/db_organization.go:56.2,57.64 2 1
github.com/Vector/vector-leads-scraper/internal/database/db_organization.go:57.64,62.3 2 0
github.com/Vector/vector-leads-scraper/internal/database/db_organization.go:64.2,64.17 1 1
github.com/Vector/vector-leads-scraper/internal/database/db_organization.go:72.49,73.87 1 1
github.com/Vector/vector-leads-scraper/internal/database/db_organization.go:73.87,75.3 1 0
github.com/Vector/vector-leads-scraper/internal/database/db_organization.go:76.2,76.12 1 1
github.com/Vector/vector-leads-scraper/internal/database/db_organization.go:80.127,84.18 3 1
github.com/Vector/vector-leads-scraper/internal/database/db_organization.go:84.18,86.3 1 1
github.com/Vector/vector-leads-scraper/internal/database/db_organization.go:88.2,88.41 1 1
github.com/Vector/vector-leads-scraper/internal/database/db_organization.go:88.41,90.3 1 0
github.com/Vector/vector-leads-scraper/internal/database/db_organization.go:93.2,97.16 3 1
github.com/Vector/vector-leads-scraper/internal/database/db_organization.go:97.16,98.40 1 1
github.com/Vector/vector-leads-scraper/internal/database/db_organization.go:98.40,100.4 1 1
github.com/Vector/vector-leads-scraper/internal/database/db_organization.go:101.3,104.64 2 0
github.com/Vector/vector-leads-scraper/internal/database/db_organization.go:108.2,109.16 2 1
github.com/Vector/vector-leads-scraper/internal/database/db_organization.go:109.16,111.3 1 0
github.com/Vector/vector-leads-scraper/internal/database/db_organization.go:113.2,113.20 1 1
github.com/Vector/vector-leads-scraper/internal/database/db_organization.go:123.52,124.87 1 1
github.com/Vector/vector-leads-scraper/internal/database/db_organization.go:124.87,126.3 1 0
github.com/Vector/vector-leads-scraper/internal/database/db_organization.go:127.2,127.12 1 1
github.com/Vector/vector-leads-scraper/internal/database/db_organization.go:131.133,135.18 3 1
github.com/Vector/vector-leads-scraper/internal/database/db_organization.go:135.18,137.3 1 1
github.com/Vector/vector-leads-scraper/internal/database/db_organization.go:139.2,139.41 1 1
github.com/Vector/vector-leads-scraper/internal/database/db_organization.go:139.41,141.3 1 0
github.com/Vector/vector-leads-scraper/internal/database/db_organization.go:144.2,154.94 3 1
github.com/Vector/vector-leads-scraper/internal/database/db_organization.go:154.94,159.3 2 0
github.com/Vector/vector-leads-scraper/internal/database/db_organization.go:162.2,163.16 2 1
github.com/Vector/vector-leads-scraper/internal/database/db_organization.go:163.16,165.3 1 0
github.com/Vector/vector-leads-scraper/internal/database/db_organization.go:168.2,169.16 2 1
github.com/Vector/vector-leads-scraper/internal/database/db_organization.go:169.16,171.3 1 0
github.com/Vector/vector-leads-scraper/internal/database/db_organization.go:173.2,173.20 1 1
github.com/Vector/vector-leads-scraper/internal/database/db_organization.go:181.52,182.87 1 1
github.com/Vector/vector-leads-scraper/internal/database/db_organization.go:182.87,184.3 1 1
github.com/Vector/vector-leads-scraper/internal/database/db_organization.go:185.2,185.12 1 1
github.com/Vector/vector-leads-scraper/internal/database/db_organization.go:189.93,193.18 3 1
github.com/Vector/vector-leads-scraper/internal/database/db_organization.go:193.18,195.3 1 1
github.com/Vector/vector-leads-scraper/internal/database/db_organization.go:197.2,197.41 1 1
github.com/Vector/vector-leads-scraper/internal/database/db_organization.go:197.41,199.3 1 1
github.com/Vector/vector-leads-scraper/internal/database/db_organization.go:202.2,203.21 2 1
github.com/Vector/vector-leads-scraper/internal/database/db_organization.go:203.21,205.3 1 0
github.com/Vector/vector-leads-scraper/internal/database/db_organization.go:206.2,206.15 1 1
github.com/Vector/vector-leads-scraper/internal/database/db_organization.go:206.15,207.31 1 1
github.com/Vector/vector-leads-scraper/internal/database/db_organization.go:207.31,209.4 1 0
github.com/Vector/vector-leads-scraper/internal/database/db_organization.go:213.2,217.16 3 1
github.com/Vector/vector-leads-scraper/internal/database/db_organization.go:217.16,219.40 2 1
github.com/Vector/vector-leads-scraper/internal/database/db_organization.go:219.40,221.4 1 1
github.com/Vector/vector-leads-scraper/internal/database/db_organization.go:222.3,225.59 2 0
github.com/Vector/vector-leads-scraper/internal/database/db_organization.go:229.2,230.140 2 1
github.com/Vector/vector-leads-scraper/internal/database/db_organization.go:230.140,236.3 3 0
github.com/Vector/vector-leads-scraper/internal/database/db_organization.go:239.2,239.122 1 1
github.com/Vector/vector-leads-scraper/internal/database/db_organization.go:239.122,245.3 3 0
github.com/Vector/vector-leads-scraper/internal/database/db_organization.go:247.2,247.42 1 1
github.com/Vector/vector-leads-scraper/internal/database/db_organization.go:247.42,249.3 1 0
github.com/Vector/vector-leads-scraper/internal/database/db_organization.go:251.2,251.12 1 1
github.com/Vector/vector-leads-scraper/internal/database/db_organization.go:260.51,261.87 1 1
github.com/Vector/vector-leads-scraper/internal/database/db_organization.go:261.87,263.3 1 0
github.com/Vector/vector-leads-scraper/internal/database/db_organization.go:264.2,264.12 1 1
github.com/Vector/vector-leads-scraper/internal/database/db_organization.go:268.133,272.18 3 1
github.com/Vector/vector-leads-scraper/internal/database/db_organization.go:272.18,274.3 1 1
github.com/Vector/vector-leads-scraper/internal/database/db_organization.go:276.2,276.41 1 1
github.com/Vector/vector-leads-scraper/internal/database/db_organization.go:276.41,278.3 1 0
github.com/Vector/vector-leads-scraper/internal/database/db_organization.go:281.2,289.16 3 1
github.com/Vector/vector-leads-scraper/internal/database/db_organization.go:289.16,292.3 2 0
github.com/Vector/vector-leads-scraper/internal/database/db_organization.go:295.2,296.27 2 1
github.com/Vector/vector-leads-scraper/internal/database/db_organization.go:296.27,298.17 2 1
github.com/Vector/vector-leads-scraper/internal/database/db_organization.go:298.17,302.4 2 0
github.com/Vector/vector-leads-scraper/internal/database/db_organization.go:303.3,303.18 1 1
github.com/Vector/vector-leads-scraper/internal/database/db_organization.go:306.2,306.20 1 1
github.com/Vector/vector-leads-scraper/internal/database/db_scraping_job_batch_update.go:14.171,23.16 5 1
github.com/Vector/vector-leads-scraper/internal/database/db_scraping_job_batch_update.go:23.16,25.3 1 0
github.com/Vector/vector-leads-scraper/internal/database/db_scraping_job_batch_update.go:27.2,27.20 1 1
github.com/Vector/vector-leads-scraper/internal/database/db_scraping_job_batch_update.go:27.20,29.3 1 1
github.com/Vector/vector-leads-scraper/internal/database/db_scraping_job_batch_update.go:31.2,35.32 3 1
github.com/Vector/vector-leads-scraper/internal/database/db_scraping_job_batch_update.go:35.32,37.17 2 1
github.com/Vector/vector-leads-scraper/internal/database/db_scraping_job_batch_update.go:37.17,39.4 1 0
github.com/Vector/vector-leads-scraper/internal/database/db_scraping_job_batch_update.go:42.3,42.89 1 1
github.com/Vector/vector-leads-scraper/internal/database/db_scraping_job_batch_update.go:42.89,44.4 1 0
github.com/Vector/vector-leads-scraper/internal/database/db_scraping_job_batch_update.go:47.3,48.17 2 1
github.com/Vector/vector-leads-scraper/internal/database/db_scraping_job_batch_update.go:48.17,50.4 1 0
github.com/Vector/vector-leads-scraper/internal/database/db_scraping_job_batch_update.go:52.3,52.48 1 1
github.com/Vector/vector-leads-scraper/internal/database/db_scraping_job_batch_update.go:52.48,53.24 1 0
github.com/Vector/vector-leads-scraper/internal/database/db_scraping_job_batch_update.go:53.24,55.5 1 0
github.com/Vector/vector-leads-scraper/internal/database/db_scraping_job_batch_update.go:57.4,57.86 1 0
github.com/Vector/vector-leads-scraper/internal/database/db_scraping_job_batch_update.go:60.3,60.52 1 1
github.com/Vector/vector-leads-scraper/internal/database/db_scraping_job_batch_update.go:64.2,65.16 2 1
github.com/Vector/vector-leads-scraper/internal/database/db_scraping_job_batch_update.go:65.16,67.3 1 0
github.com/Vector/vector-leads-scraper/internal/database/db_scraping_job_batch_update.go:69.2,69.23 1 1
github.com/Vector/vector-leads-scraper/internal/database/db_scraping_job_batch_update.go:73.147,75.27 2 1
github.com/Vector/vector-leads-scraper/internal/database/db_scraping_job_batch_update.go:75.27,77.17 2 1
github.com/Vector/vector-leads-scraper/internal/database/db_scraping_job_batch_update.go:77.17,79.4 1 0
github.com/Vector/vector-leads-scraper/internal/database/db_scraping_job_batch_update.go:80.3,80.37 1 1
github.com/Vector/vector-leads-scraper/internal/database/db_scraping_job_batch_update.go:82.2,82.21 1 1
github.com/Vector/vector-leads-scraper/internal/database/db_scraping_job_batch_update.go:86.154,88.33 2 1
github.com/Vector/vector-leads-scraper/internal/database/db_scraping_job_batch_update.go:88.33,90.17 2 1
github.com/Vector/vector-leads-scraper/internal/database/db_scraping_job_batch_update.go:90.17,92.4 1 0
github.com/Vector/vector-leads-scraper/internal/database/db_scraping_job_batch_update.go:93.3,93.28 1 1
github.com/Vector/vector-leads-scraper/internal/database/db_scraping_job_batch_update.go:95.2,95.18 1 1
github.com/Vector/vector-leads-scraper/internal/database/db_scraping_job_create.go:11.160,16.16 3 1
github.com/Vector/vector-leads-scraper/internal/database/db_scraping_job_create.go:16.16,18.3 1 1
github.com/Vector/vector-leads-scraper/internal/database/db_scraping_job_create.go:21.2,21.39 1 1
github.com/Vector/vector-leads-scraper/internal/database/db_scraping_job_create.go:21.39,23.3 1 1
github.com/Vector/vector-leads-scraper/internal/database/db_scraping_job_create.go:26.2,28.16 3 1
github.com/Vector/vector-leads-scraper/internal/database/db_scraping_job_create.go:28.16,30.3 1 1
github.com/Vector/vector-leads-scraper/internal/database/db_scraping_job_create.go:33.2,34.16 2 1
github.com/Vector/vector-leads-scraper/internal/database/db_scraping_job_create.go:34.16,36.3 1 0
github.com/Vector/vector-leads-scraper/internal/database/db_scraping_job_create.go:39.2,39.84 1 1
github.com/Vector/vector-leads-scraper/internal/database/db_scraping_job_create.go:39.84,41.3 1 0
github.com/Vector/vector-leads-scraper/internal/database/db_scraping_job_create.go:44.2,45.16 2 1
github.com/Vector/vector-leads-scraper/internal/database/db_scraping_job_create.go:45.16,47.3 1 0
github.com/Vector/vector-leads-scraper/internal/database/db_scraping_job_create.go:49.2,49.47 1 1
github.com/Vector/vector-leads-scraper/internal/database/db_scraping_job_create.go:49.47,50.23 1 0
github.com/Vector/vector-leads-scraper/internal/database/db_scraping_job_create.go:50.23,52.4 1 0
github.com/Vector/vector-leads-scraper/internal/database/db_scraping_job_create.go:54.3,54.85 1 0
github.com/Vector/vector-leads-scraper/internal/database/db_scraping_job_create.go:58.2,59.16 2 1
github.com/Vector/vector-leads-scraper/internal/database/db_scraping_job_create.go:59.16,61.3 1 0
github.com/Vector/vector-leads-scraper/internal/database/db_scraping_job_create.go:63.2,63.23 1 1
github.com/Vector/vector-leads-scraper/internal/database/db_scraping_job_create.go:66.171,71.20 2 1
github.com/Vector/vector-leads-scraper/internal/database/db_scraping_job_create.go:71.20,73.3 1 1
github.com/Vector/vector-leads-scraper/internal/database/db_scraping_job_create.go:75.2,75.22 1 1
github.com/Vector/vector-leads-scraper/internal/database/db_scraping_job_create.go:75.22,77.3 1 1
github.com/Vector/vector-leads-scraper/internal/database/db_scraping_job_create.go:79.2,84.16 4 1
github.com/Vector/vector-leads-scraper/internal/database/db_scraping_job_create.go:84.16,86.3 1 0
github.com/Vector/vector-leads-scraper/internal/database/db_scraping_job_create.go:89.2,89.122 1 1
github.com/Vector/vector-leads-scraper/internal/database/db_scraping_job_create.go:89.122,91.3 1 1
github.com/Vector/vector-leads-scraper/internal/database/db_scraping_job_create.go:94.2,95.33 2 1
github.com/Vector/vector-leads-scraper/internal/database/db_scraping_job_create.go:95.33,97.17 2 1
github.com/Vector/vector-leads-scraper/internal/database/db_scraping_job_create.go:97.17,99.4 1 0
github.com/Vector/vector-leads-scraper/internal/database/db_scraping_job_create.go:100.3,100.43 1 1
github.com/Vector/vector-leads-scraper/internal/database/db_scraping_job_create.go:103.2,103.23 1 1
github.com/Vector/vector-leads-scraper/internal/database/db_scraping_job_create.go:106.155,108.27 2 1
github.com/Vector/vector-leads-scraper/internal/database/db_scraping_job_create.go:108.27,110.17 2 1
github.com/Vector/vector-leads-scraper/internal/database/db_scraping_job_create.go:110.17,112.4 1 0
github.com/Vector/vector-leads-scraper/internal/database/db_scraping_job_create.go:113.3,113.37 1 1
github.com/Vector/vector-leads-scraper/internal/database/db_scraping_job_create.go:116.2,116.21 1 1
github.com/Vector/vector-leads-scraper/internal/database/db_scraping_job_delete.go:9.71,14.13 2 1
github.com/Vector/vector-leads-scraper/internal/database/db_scraping_job_delete.go:14.13,16.3 1 1
github.com/Vector/vector-leads-scraper/internal/database/db_scraping_job_delete.go:18.2,23.16 4 1
github.com/Vector/vector-leads-scraper/internal/database/db_scraping_job_delete.go:23.16,25.3 1 1
github.com/Vector/vector-leads-scraper/internal/database/db_scraping_job_delete.go:26.2,26.17 1 1
github.com/Vector/vector-leads-scraper/internal/database/db_scraping_job_delete.go:26.17,28.3 1 1
github.com/Vector/vector-leads-scraper/internal/database/db_scraping_job_delete.go:31.2,32.16 2 1
github.com/Vector/vector-leads-scraper/internal/database/db_scraping_job_delete.go:32.16,34.3 1 0
github.com/Vector/vector-leads-scraper/internal/database/db_scraping_job_delete.go:37.2,37.30 1 1
github.com/Vector/vector-leads-scraper/internal/database/db_scraping_job_delete.go:37.30,39.3 1 0
github.com/Vector/vector-leads-scraper/internal/database/db_scraping_job_delete.go:41.2,41.12 1 1
github.com/Vector/vector-leads-scraper/internal/database/db_scraping_job_delete.go:44.80,49.19 2 1
github.com/Vector/vector-leads-scraper/internal/database/db_scraping_job_delete.go:49.19,51.3 1 1
github.com/Vector/vector-leads-scraper/internal/database/db_scraping_job_delete.go:53.2,58.16 4 1
github.com/Vector/vector-leads-scraper/internal/database/db_scraping_job_delete.go:58.16,60.3 1 1
github.com/Vector/vector-leads-scraper/internal/database/db_scraping_job_delete.go:62.2,62.17 1 1
github.com/Vector/vector-leads-scraper/internal/database/db_scraping_job_delete.go:62.17,64.3 1 0
github.com/Vector/vector-leads-scraper/internal/database/db_scraping_job_delete.go:67.2,68.16 2 1
github.com/Vector/vector-leads-scraper/internal/database/db_scraping_job_delete.go:68.16,70.3 1 0
github.com/Vector/vector-leads-scraper/internal/database/db_scraping_job_delete.go:72.2,72.44 1 1
github.com/Vector/vector-leads-scraper/internal/database/db_scraping_job_delete.go:72.44,74.3 1 1
github.com/Vector/vector-leads-scraper/internal/database/db_scraping_job_delete.go:76.2,76.12 1 1
github.com/Vector/vector-leads-scraper/internal/database/db_scraping_job_get.go:11.107,12.13 1 1
github.com/Vector/vector-leads-scraper/internal/database/db_scraping_job_get.go:12.13,14.3 1 1
github.com/Vector/vector-leads-scraper/internal/database/db_scraping_job_get.go:16.2,24.16 5 1
github.com/Vector/vector-leads-scraper/internal/database/db_scraping_job_get.go:24.16,25.40 1 1
github.com/Vector/vector-leads-scraper/internal/database/db_scraping_job_get.go:25.40,27.4 1 1
github.com/Vector/vector-leads-scraper/internal/database/db_scraping_job_get.go:28.3,28.64 1 1
github.com/Vector/vector-leads-scraper/internal/database/db_scraping_job_get.go:31.2,32.16 2 1
github.com/Vector/vector-leads-scraper/internal/database/db_scraping_job_get.go:32.16,34.3 1 0
github.com/Vector/vector-leads-scraper/internal/database/db_scraping_job_get.go:36.2,36.23 1 1
github.com/Vector/vector-leads-scraper/internal/database/db_scraping_job_list.go:11.122,13.36 1 1
github.com/Vector/vector-leads-scraper/internal/database/db_scraping_job_list.go:13.36,15.3 1 1
github.com/Vector/vector-leads-scraper/internal/database/db_scraping_job_list.go:16.2,16.23 1 1
github.com/Vector/vector-leads-scraper/internal/database/db_scraping_job_list.go:16.23,18.3 1 1
github.com/Vector/vector-leads-scraper/internal/database/db_scraping_job_list.go:20.2,32.16 5 1
github.com/Vector/vector-leads-scraper/internal/database/db_scraping_job_list.go:32.16,34.3 1 1
github.com/Vector/vector-leads-scraper/internal/database/db_scraping_job_list.go:36.2,37.33 2 1
github.com/Vector/vector-leads-scraper/internal/database/db_scraping_job_list.go:37.33,39.17 2 1
github.com/Vector/vector-leads-scraper/internal/database/db_scraping_job_list.go:39.17,41.4 1 0
github.com/Vector/vector-leads-scraper/internal/database/db_scraping_job_list.go:42.3,42.27 1 1
github.com/Vector/vector-leads-scraper/internal/database/db_scraping_job_list.go:45.2,45.23 1 1
github.com/Vector/vector-leads-scraper/internal/database/db_scraping_job_list.go:49.181,51.36 1 1
github.com/Vector/vector-leads-scraper/internal/database/db_scraping_job_list.go:51.36,53.3 1 1
github.com/Vector/vector-leads-scraper/internal/database/db_scraping_job_list.go:54.2,54.23 1 1
github.com/Vector/vector-leads-scraper/internal/database/db_scraping_job_list.go:54.23,56.3 1 1
github.com/Vector/vector-leads-scraper/internal/database/db_scraping_job_list.go:58.2,71.16 5 1
github.com/Vector/vector-leads-scraper/internal/database/db_scraping_job_list.go:71.16,73.3 1 0
github.com/Vector/vector-leads-scraper/internal/database/db_scraping_job_list.go:75.2,76.33 2 1
github.com/Vector/vector-leads-scraper/internal/database/db_scraping_job_list.go:76.33,78.17 2 1
github.com/Vector/vector-leads-scraper/internal/database/db_scraping_job_list.go:78.17,80.4 1 0
github.com/Vector/vector-leads-scraper/internal/database/db_scraping_job_list.go:81.3,81.27 1 1
github.com/Vector/vector-leads-scraper/internal/database/db_scraping_job_list.go:84.2,84.23 1 1
github.com/Vector/vector-leads-scraper/internal/database/db_scraping_job_update.go:11.140,12.31 1 1
github.com/Vector/vector-leads-scraper/internal/database/db_scraping_job_update.go:12.31,14.3 1 1
github.com/Vector/vector-leads-scraper/internal/database/db_scraping_job_update.go:16.2,24.16 5 1
github.com/Vector/vector-leads-scraper/internal/database/db_scraping_job_update.go:24.16,26.3 1 1
github.com/Vector/vector-leads-scraper/internal/database/db_scraping_job_update.go:29.2,30.16 2 1
github.com/Vector/vector-leads-scraper/internal/database/db_scraping_job_update.go:30.16,32.3 1 0
github.com/Vector/vector-leads-scraper/internal/database/db_scraping_job_update.go:35.2,35.61 1 1
github.com/Vector/vector-leads-scraper/internal/database/db_scraping_job_update.go:35.61,37.3 1 0
github.com/Vector/vector-leads-scraper/internal/database/db_scraping_job_update.go:40.2,41.16 2 1
github.com/Vector/vector-leads-scraper/internal/database/db_scraping_job_update.go:41.16,43.3 1 0
github.com/Vector/vector-leads-scraper/internal/database/db_scraping_job_update.go:46.2,46.96 1 1
github.com/Vector/vector-leads-scraper/internal/database/db_scraping_job_update.go:46.96,48.3 1 0
github.com/Vector/vector-leads-scraper/internal/database/db_scraping_job_update.go:51.2,52.16 2 1
github.com/Vector/vector-leads-scraper/internal/database/db_scraping_job_update.go:52.16,54.3 1 0
github.com/Vector/vector-leads-scraper/internal/database/db_scraping_job_update.go:56.2,57.16 2 1
github.com/Vector/vector-leads-scraper/internal/database/db_scraping_job_update.go:57.16,59.3 1 0
github.com/Vector/vector-leads-scraper/internal/database/db_scraping_job_update.go:61.2,61.23 1 1
github.com/Vector/vector-leads-scraper/internal/database/db_scraping_job_update.go:65.88,67.16 1 1
github.com/Vector/vector-leads-scraper/internal/database/db_scraping_job_update.go:67.16,69.3 1 0
github.com/Vector/vector-leads-scraper/internal/database/db_scraping_job_update.go:72.2,72.14 1 1
github.com/Vector/vector-leads-scraper/internal/database/db_scraping_job_update.go:73.84,75.14 1 1
github.com/Vector/vector-leads-scraper/internal/database/db_scraping_job_update.go:76.79,79.84 1 1
github.com/Vector/vector-leads-scraper/internal/database/db_scraping_job_update.go:80.84,85.84 1 1
github.com/Vector/vector-leads-scraper/internal/database/db_scraping_job_update.go:89.78,91.87 1 1
github.com/Vector/vector-leads-scraper/internal/database/db_scraping_job_update.go:92.10,93.15 1 0
github.com/Vector/vector-leads-scraper/internal/database/db_scraping_job_update.go:98.79,99.16 1 1
github.com/Vector/vector-leads-scraper/internal/database/db_scraping_job_update.go:103.78,104.14 1 1
github.com/Vector/vector-leads-scraper/internal/database/db_scraping_job_update.go:105.10,106.15 1 1
github.com/Vector/vector-leads-scraper/internal/database/db_scraping_workflow_create.go:14.48,17.22 2 1
github.com/Vector/vector-leads-scraper/internal/database/db_scraping_workflow_create.go:17.22,19.3 1 1
github.com/Vector/vector-leads-scraper/internal/database/db_scraping_workflow_create.go:22.2,35.31 2 1
github.com/Vector/vector-leads-scraper/internal/database/db_scraping_workflow_create.go:35.31,36.19 1 1
github.com/Vector/vector-leads-scraper/internal/database/db_scraping_workflow_create.go:36.19,37.12 1 1
github.com/Vector/vector-leads-scraper/internal/database/db_scraping_workflow_create.go:41.3,42.15 2 1
github.com/Vector/vector-leads-scraper/internal/database/db_scraping_workflow_create.go:42.15,44.4 1 1
github.com/Vector/vector-leads-scraper/internal/database/db_scraping_workflow_create.go:47.3,47.50 1 1
github.com/Vector/vector-leads-scraper/internal/database/db_scraping_workflow_create.go:47.50,48.50 1 1
github.com/Vector/vector-leads-scraper/internal/database/db_scraping_workflow_create.go:48.50,50.5 1 0
github.com/Vector/vector-leads-scraper/internal/database/db_scraping_workflow_create.go:54.2,54.12 1 1
github.com/Vector/vector-leads-scraper/internal/database/db_scraping_workflow_create.go:58.180,59.21 1 1
github.com/Vector/vector-leads-scraper/internal/database/db_scraping_workflow_create.go:59.21,61.3 1 1
github.com/Vector/vector-leads-scraper/internal/database/db_scraping_workflow_create.go:63.2,67.72 3 1
github.com/Vector/vector-leads-scraper/internal/database/db_scraping_workflow_create.go:67.72,69.3 1 1
github.com/Vector/vector-leads-scraper/internal/database/db_scraping_workflow_create.go:72.2,72.44 1 1
github.com/Vector/vector-leads-scraper/internal/database/db_scraping_workflow_create.go:72.44,74.3 1 1
github.com/Vector/vector-leads-scraper/internal/database/db_scraping_workflow_create.go:77.2,78.16 2 1
github.com/Vector/vector-leads-scraper/internal/database/db_scraping_workflow_create.go:78.16,80.3 1 0
github.com/Vector/vector-leads-scraper/internal/database/db_scraping_workflow_create.go:83.2,85.16 3 1
github.com/Vector/vector-leads-scraper/internal/database/db_scraping_workflow_create.go:85.16,87.3 1 1
github.com/Vector/vector-leads-scraper/internal/database/db_scraping_workflow_create.go:90.2,90.86 1 1
github.com/Vector/vector-leads-scraper/internal/database/db_scraping_workflow_create.go:90.86,92.3 1 0
github.com/Vector/vector-leads-scraper/internal/database/db_scraping_workflow_create.go:95.2,96.16 2 1
github.com/Vector/vector-leads-scraper/internal/database/db_scraping_workflow_create.go:96.16,98.3 1 0
github.com/Vector/vector-leads-scraper/internal/database/db_scraping_workflow_create.go:100.2,100.47 1 1
github.com/Vector/vector-leads-scraper/internal/database/db_scraping_workflow_create.go:100.47,101.23 1 0
github.com/Vector/vector-leads-scraper/internal/database/db_scraping_workflow_create.go:101.23,103.4 1 0
github.com/Vector/vector-leads-scraper/internal/database/db_scraping_workflow_create.go:105.3,105.85 1 0
github.com/Vector/vector-leads-scraper/internal/database/db_scraping_workflow_create.go:109.2,110.16 2 1
github.com/Vector/vector-leads-scraper/internal/database/db_scraping_workflow_create.go:110.16,112.3 1 0
github.com/Vector/vector-leads-scraper/internal/database/db_scraping_workflow_create.go:114.2,114.23 1 1
github.com/Vector/vector-leads-scraper/internal/database/db_scraping_workflow_create.go:118.191,123.25 2 1
github.com/Vector/vector-leads-scraper/internal/database/db_scraping_workflow_create.go:123.25,125.3 1 1
github.com/Vector/vector-leads-scraper/internal/database/db_scraping_workflow_create.go:127.2,127.22 1 1
github.com/Vector/vector-leads-scraper/internal/database/db_scraping_workflow_create.go:127.22,129.3 1 1
github.com/Vector/vector-leads-scraper/internal/database/db_scraping_workflow_create.go:131.2,135.37 3 1
github.com/Vector/vector-leads-scraper/internal/database/db_scraping_workflow_create.go:135.37,136.22 1 1
github.com/Vector/vector-leads-scraper/internal/database/db_scraping_workflow_create.go:136.22,138.4 1 1
github.com/Vector/vector-leads-scraper/internal/database/db_scraping_workflow_create.go:141.3,141.73 1 1
github.com/Vector/vector-leads-scraper/internal/database/db_scraping_workflow_create.go:141.73,143.4 1 1
github.com/Vector/vector-leads-scraper/internal/database/db_scraping_workflow_create.go:146.3,146.45 1 1
github.com/Vector/vector-leads-scraper/internal/database/db_scraping_workflow_create.go:146.45,148.4 1 0
github.com/Vector/vector-leads-scraper/internal/database/db_scraping_workflow_create.go:152.2,153.37 2 1
github.com/Vector/vector-leads-scraper/internal/database/db_scraping_workflow_create.go:153.37,155.17 2 1
github.com/Vector/vector-leads-scraper/internal/database/db_scraping_workflow_create.go:155.17,157.4 1 0
github.com/Vector/vector-leads-scraper/internal/database/db_scraping_workflow_create.go:158.3,158.52 1 1
github.com/Vector/vector-leads-scraper/internal/database/db_scraping_workflow_create.go:162.2,163.16 2 1
github.com/Vector/vector-leads-scraper/internal/database/db_scraping_workflow_create.go:163.16,165.3 1 1
github.com/Vector/vector-leads-scraper/internal/database/db_scraping_workflow_create.go:168.2,169.43 2 1
github.com/Vector/vector-leads-scraper/internal/database/db_scraping_workflow_create.go:169.43,171.17 2 1
github.com/Vector/vector-leads-scraper/internal/database/db_scraping_workflow_create.go:171.17,173.4 1 0
github.com/Vector/vector-leads-scraper/internal/database/db_scraping_workflow_create.go:174.3,174.43 1 1
github.com/Vector/vector-leads-scraper/internal/database/db_scraping_workflow_create.go:177.2,177.23 1 1
github.com/Vector/vector-leads-scraper/internal/database/db_scraping_workflow_delete.go:9.76,17.13 4 1
github.com/Vector/vector-leads-scraper/internal/database/db_scraping_workflow_delete.go:17.13,19.3 1 1
github.com/Vector/vector-leads-scraper/internal/database/db_scraping_workflow_delete.go:22.2,23.16 2 1
github.com/Vector/vector-leads-scraper/internal/database/db_scraping_workflow_delete.go:23.16,25.3 1 1
github.com/Vector/vector-leads-scraper/internal/database/db_scraping_workflow_delete.go:27.2,27.18 1 1
github.com/Vector/vector-leads-scraper/internal/database/db_scraping_workflow_delete.go:27.18,29.3 1 0
github.com/Vector/vector-leads-scraper/internal/database/db_scraping_workflow_delete.go:31.2,32.16 2 1
github.com/Vector/vector-leads-scraper/internal/database/db_scraping_workflow_delete.go:32.16,34.3 1 0
github.com/Vector/vector-leads-scraper/internal/database/db_scraping_workflow_delete.go:36.2,36.30 1 1
github.com/Vector/vector-leads-scraper/internal/database/db_scraping_workflow_delete.go:36.30,38.3 1 0
github.com/Vector/vector-leads-scraper/internal/database/db_scraping_workflow_delete.go:40.2,40.12 1 1
github.com/Vector/vector-leads-scraper/internal/database/db_scraping_workflow_delete.go:44.85,49.19 2 1
github.com/Vector/vector-leads-scraper/internal/database/db_scraping_workflow_delete.go:49.19,51.3 1 1
github.com/Vector/vector-leads-scraper/internal/database/db_scraping_workflow_delete.go:53.2,58.16 4 1
github.com/Vector/vector-leads-scraper/internal/database/db_scraping_workflow_delete.go:58.16,60.3 1 1
github.com/Vector/vector-leads-scraper/internal/database/db_scraping_workflow_delete.go:62.2,62.17 1 1
github.com/Vector/vector-leads-scraper/internal/database/db_scraping_workflow_delete.go:62.17,64.3 1 0
github.com/Vector/vector-leads-scraper/internal/database/db_scraping_workflow_delete.go:67.2,68.16 2 1
github.com/Vector/vector-leads-scraper/internal/database/db_scraping_workflow_delete.go:68.16,70.3 1 0
github.com/Vector/vector-leads-scraper/internal/database/db_scraping_workflow_delete.go:72.2,72.44 1 1
github.com/Vector/vector-leads-scraper/internal/database/db_scraping_workflow_delete.go:72.44,74.3 1 1
github.com/Vector/vector-leads-scraper/internal/database/db_scraping_workflow_delete.go:76.2,76.12 1 1
github.com/Vector/vector-leads-scraper/internal/database/db_scraping_workflow_get.go:11.117,12.13 1 1
github.com/Vector/vector-leads-scraper/internal/database/db_scraping_workflow_get.go:12.13,14.3 1 1
github.com/Vector/vector-leads-scraper/internal/database/db_scraping_workflow_get.go:16.2,24.16 5 1
github.com/Vector/vector-leads-scraper/internal/database/db_scraping_workflow_get.go:24.16,25.40 1 1
github.com/Vector/vector-leads-scraper/internal/database/db_scraping_workflow_get.go:25.40,27.4 1 1
github.com/Vector/vector-leads-scraper/internal/database/db_scraping_workflow_get.go:28.3,28.69 1 1
github.com/Vector/vector-leads-scraper/internal/database/db_scraping_workflow_get.go:31.2,32.16 2 1
github.com/Vector/vector-leads-scraper/internal/database/db_scraping_workflow_get.go:32.16,34.3 1 0
github.com/Vector/vector-leads-scraper/internal/database/db_scraping_workflow_get.go:36.2,36.23 1 1
github.com/Vector/vector-leads-scraper/internal/database/db_scraping_workflow_list.go:11.129,13.15 1 1
github.com/Vector/vector-leads-scraper/internal/database/db_scraping_workflow_list.go:13.15,15.3 1 1
github.com/Vector/vector-leads-scraper/internal/database/db_scraping_workflow_list.go:16.2,16.16 1 1
github.com/Vector/vector-leads-scraper/internal/database/db_scraping_workflow_list.go:16.16,18.3 1 1
github.com/Vector/vector-leads-scraper/internal/database/db_scraping_workflow_list.go:21.2,21.16 1 1
github.com/Vector/vector-leads-scraper/internal/database/db_scraping_workflow_list.go:21.16,23.3 1 0
github.com/Vector/vector-leads-scraper/internal/database/db_scraping_workflow_list.go:25.2,37.16 5 1
github.com/Vector/vector-leads-scraper/internal/database/db_scraping_workflow_list.go:37.16,39.3 1 1
github.com/Vector/vector-leads-scraper/internal/database/db_scraping_workflow_list.go:41.2,42.43 2 1
github.com/Vector/vector-leads-scraper/internal/database/db_scraping_workflow_list.go:42.43,44.17 2 1
github.com/Vector/vector-leads-scraper/internal/database/db_scraping_workflow_list.go:44.17,46.4 1 0
github.com/Vector/vector-leads-scraper/internal/database/db_scraping_workflow_list.go:47.3,47.43 1 1
github.com/Vector/vector-leads-scraper/internal/database/db_scraping_workflow_list.go:50.2,50.23 1 1
github.com/Vector/vector-leads-scraper/internal/database/db_scraping_workflow_update.go:11.160,12.41 1 1
github.com/Vector/vector-leads-scraper/internal/database/db_scraping_workflow_update.go:12.41,14.3 1 1
github.com/Vector/vector-leads-scraper/internal/database/db_scraping_workflow_update.go:16.2,24.16 5 1
github.com/Vector/vector-leads-scraper/internal/database/db_scraping_workflow_update.go:24.16,26.3 1 0
github.com/Vector/vector-leads-scraper/internal/database/db_scraping_workflow_update.go:29.2,29.116 1 1
github.com/Vector/vector-leads-scraper/internal/database/db_scraping_workflow_update.go:29.116,31.3 1 0
github.com/Vector/vector-leads-scraper/internal/database/db_scraping_workflow_update.go:34.2,35.16 2 1
github.com/Vector/vector-leads-scraper/internal/database/db_scraping_workflow_update.go:35.16,37.3 1 1
github.com/Vector/vector-leads-scraper/internal/database/db_scraping_workflow_update.go:39.2,40.16 2 1
github.com/Vector/vector-leads-scraper/internal/database/db_scraping_workflow_update.go:40.16,42.3 1 0
github.com/Vector/vector-leads-scraper/internal/database/db_scraping_workflow_update.go:44.2,44.23 1 1
github.com/Vector/vector-leads-scraper/internal/database/db_tenant.go:19.46,20.87 1 1
github.com/Vector/vector-leads-scraper/internal/database/db_tenant.go:20.87,22.3 1 1
github.com/Vector/vector-leads-scraper/internal/database/db_tenant.go:23.2,23.12 1 1
github.com/Vector/vector-leads-scraper/internal/database/db_tenant.go:27.115,31.18 3 1
github.com/Vector/vector-leads-scraper/internal/database/db_tenant.go:31.18,33.3 1 1
github.com/Vector/vector-leads-scraper/internal/database/db_tenant.go:35.2,35.41 1 1
github.com/Vector/vector-leads-scraper/internal/database/db_tenant.go:35.41,37.3 1 1
github.com/Vector/vector-leads-scraper/internal/database/db_tenant.go:39.2,42.16 3 1
github.com/Vector/vector-leads-scraper/internal/database/db_tenant.go:42.16,44.3 1 0
github.com/Vector/vector-leads-scraper/internal/database/db_tenant.go:47.2,52.21 4 1
github.com/Vector/vector-leads-scraper/internal/database/db_tenant.go:52.21,54.3 1 0
github.com/Vector/vector-leads-scraper/internal/database/db_tenant.go:55.2,55.15 1 1
github.com/Vector/vector-leads-scraper/internal/database/db_tenant.go:55.15,56.31 1 1
github.com/Vector/vector-leads-scraper/internal/database/db_tenant.go:56.31,58.4 1 0
github.com/Vector/vector-leads-scraper/internal/database/db_tenant.go:62.2,63.16 2 1
github.com/Vector/vector-leads-scraper/internal/database/db_tenant.go:63.16,65.40 2 0
github.com/Vector/vector-leads-scraper/internal/database/db_tenant.go:65.40,67.4 1 0
github.com/Vector/vector-leads-scraper/internal/database/db_tenant.go:68.3,68.64 1 0
github.com/Vector/vector-leads-scraper/internal/database/db_tenant.go:72.2,75.70 2 1
github.com/Vector/vector-leads-scraper/internal/database/db_tenant.go:75.70,78.3 2 0
github.com/Vector/vector-leads-scraper/internal/database/db_tenant.go:81.2,81.86 1 1
github.com/Vector/vector-leads-scraper/internal/database/db_tenant.go:81.86,84.3 2 0
github.com/Vector/vector-leads-scraper/internal/database/db_tenant.go:87.2,87.106 1 1
github.com/Vector/vector-leads-scraper/internal/database/db_tenant.go:87.106,90.3 2 0
github.com/Vector/vector-leads-scraper/internal/database/db_tenant.go:93.2,96.16 2 1
github.com/Vector/vector-leads-scraper/internal/database/db_tenant.go:96.16,99.3 2 0
github.com/Vector/vector-leads-scraper/internal/database/db_tenant.go:102.2,102.42 1 1
github.com/Vector/vector-leads-scraper/internal/database/db_tenant.go:102.42,104.3 1 0
github.com/Vector/vector-leads-scraper/internal/database/db_tenant.go:107.2,108.16 2 1
github.com/Vector/vector-leads-scraper/internal/database/db_tenant.go:108.16,110.3 1 0
github.com/Vector/vector-leads-scraper/internal/database/db_tenant.go:112.2,112.23 1 1
github.com/Vector/vector-leads-scraper/internal/database/db_tenant.go:120.43,121.87 1 1
github.com/Vector/vector-leads-scraper/internal/database/db_tenant.go:121.87,123.3 1 1
github.com/Vector/vector-leads-scraper/internal/database/db_tenant.go:124.2,124.12 1 1
github.com/Vector/vector-leads-scraper/internal/database/db_tenant.go:128.109,132.18 3 1
github.com/Vector/vector-leads-scraper/internal/database/db_tenant.go:132.18,134.3 1 1
github.com/Vector/vector-leads-scraper/internal/database/db_tenant.go:136.2,136.41 1 1
github.com/Vector/vector-leads-scraper/internal/database/db_tenant.go:136.41,138.3 1 0
github.com/Vector/vector-leads-scraper/internal/database/db_tenant.go:141.2,147.16 3 1
github.com/Vector/vector-leads-scraper/internal/database/db_tenant.go:147.16,148.40 1 1
github.com/Vector/vector-leads-scraper/internal/database/db_tenant.go:148.40,150.4 1 1
github.com/Vector/vector-leads-scraper/internal/database/db_tenant.go:151.3,154.58 2 0
github.com/Vector/vector-leads-scraper/internal/database/db_tenant.go:158.2,159.16 2 1
github.com/Vector/vector-leads-scraper/internal/database/db_tenant.go:159.16,161.3 1 0
github.com/Vector/vector-leads-scraper/internal/database/db_tenant.go:163.2,163.23 1 1
github.com/Vector/vector-leads-scraper/internal/database/db_tenant.go:172.46,173.87 1 1
github.com/Vector/vector-leads-scraper/internal/database/db_tenant.go:173.87,175.3 1 1
github.com/Vector/vector-leads-scraper/internal/database/db_tenant.go:177.2,177.21 1 1
github.com/Vector/vector-leads-scraper/internal/database/db_tenant.go:177.21,179.3 1 1
github.com/Vector/vector-leads-scraper/internal/database/db_tenant.go:181.2,181.47 1 1
github.com/Vector/vector-leads-scraper/internal/database/db_tenant.go:181.47,183.3 1 1
github.com/Vector/vector-leads-scraper/internal/database/db_tenant.go:185.2,185.12 1 1
github.com/Vector/vector-leads-scraper/internal/database/db_tenant.go:189.115,193.18 3 1
github.com/Vector/vector-leads-scraper/internal/database/db_tenant.go:193.18,195.3 1 1
github.com/Vector/vector-leads-scraper/internal/database/db_tenant.go:197.2,197.41 1 1
github.com/Vector/vector-leads-scraper/internal/database/db_tenant.go:197.41,199.3 1 0
github.com/Vector/vector-leads-scraper/internal/database/db_tenant.go:202.2,206.21 3 1
github.com/Vector/vector-leads-scraper/internal/database/db_tenant.go:206.21,208.3 1 0
github.com/Vector/vector-leads-scraper/internal/database/db_tenant.go:209.2,209.15 1 1
github.com/Vector/vector-leads-scraper/internal/database/db_tenant.go:209.15,210.31 1 1
github.com/Vector/vector-leads-scraper/internal/database/db_tenant.go:210.31,212.4 1 0
github.com/Vector/vector-leads-scraper/internal/database/db_tenant.go:216.2,217.16 2 1
github.com/Vector/vector-leads-scraper/internal/database/db_tenant.go:217.16,220.3 2 0
github.com/Vector/vector-leads-scraper/internal/database/db_tenant.go:222.2,222.27 1 1
github.com/Vector/vector-leads-scraper/internal/database/db_tenant.go:222.27,225.3 2 0
github.com/Vector/vector-leads-scraper/internal/database/db_tenant.go:228.2,229.16 2 1
github.com/Vector/vector-leads-scraper/internal/database/db_tenant.go:229.16,232.3 2 0
github.com/Vector/vector-leads-scraper/internal/database/db_tenant.go:235.2,238.111 2 1
github.com/Vector/vector-leads-scraper/internal/database/db_tenant.go:238.111,241.3 2 0
github.com/Vector/vector-leads-scraper/internal/database/db_tenant.go:244.2,245.16 2 1
github.com/Vector/vector-leads-scraper/internal/database/db_tenant.go:245.16,248.3 2 0
github.com/Vector/vector-leads-scraper/internal/database/db_tenant.go:251.2,251.42 1 1
github.com/Vector/vector-leads-scraper/internal/database/db_tenant.go:251.42,253.3 1 0
github.com/Vector/vector-leads-scraper/internal/database/db_tenant.go:256.2,257.16 2 1
github.com/Vector/vector-leads-scraper/internal/database/db_tenant.go:257.16,259.3 1 0
github.com/Vector/vector-leads-scraper/internal/database/db_tenant.go:261.2,261.21 1 1
github.com/Vector/vector-leads-scraper/internal/database/db_tenant.go:269.46,270.87 1 1
github.com/Vector/vector-leads-scraper/internal/database/db_tenant.go:270.87,272.3 1 1
github.com/Vector/vector-leads-scraper/internal/database/db_tenant.go:273.2,273.12 1 1
github.com/Vector/vector-leads-scraper/internal/database/db_tenant.go:277.81,281.18 3 1
github.com/Vector/vector-leads-scraper/internal/database/db_tenant.go:281.18,283.3 1 1
github.com/Vector/vector-leads-scraper/internal/database/db_tenant.go:285.2,285.41 1 1
github.com/Vector/vector-leads-scraper/internal/database/db_tenant.go:285.41,287.3 1 0
github.com/Vector/vector-leads-scraper/internal/database/db_tenant.go:290.2,294.16 3 1
github.com/Vector/vector-leads-scraper/internal/database/db_tenant.go:294.16,295.40 1 1
github.com/Vector/vector-leads-scraper/internal/database/db_tenant.go:295.40,297.4 1 1
github.com/Vector/vector-leads-scraper/internal/database/db_tenant.go:298.3,301.53 2 0
github.com/Vector/vector-leads-scraper/internal/database/db_tenant.go:305.2,306.21 2 1
github.com/Vector/vector-leads-scraper/internal/database/db_tenant.go:306.21,308.3 1 0
github.com/Vector/vector-leads-scraper/internal/database/db_tenant.go:309.2,309.15 1 1
github.com/Vector/vector-leads-scraper/internal/database/db_tenant.go:309.15,310.31 1 1
github.com/Vector/vector-leads-scraper/internal/database/db_tenant.go:310.31,312.4 1 0
github.com/Vector/vector-leads-scraper/internal/database/db_tenant.go:316.2,316.96 1 1
github.com/Vector/vector-leads-scraper/internal/database/db_tenant.go:316.96,322.3 3 0
github.com/Vector/vector-leads-scraper/internal/database/db_tenant.go:324.2,324.42 1 1
github.com/Vector/vector-leads-scraper/internal/database/db_tenant.go:324.42,326.3 1 0
github.com/Vector/vector-leads-scraper/internal/database/db_tenant.go:328.2,328.12 1 1
github.com/Vector/vector-leads-scraper/internal/database/db_tenant.go:338.45,339.87 1 1
github.com/Vector/vector-leads-scraper/internal/database/db_tenant.go:339.87,341.3 1 1
github.com/Vector/vector-leads-scraper/internal/database/db_tenant.go:342.2,342.12 1 1
github.com/Vector/vector-leads-scraper/internal/database/db_tenant.go:346.115,350.18 3 1
github.com/Vector/vector-leads-scraper/internal/database/db_tenant.go:350.18,352.3 1 1
github.com/Vector/vector-leads-scraper/internal/database/db_tenant.go:354.2,354.41 1 1
github.com/Vector/vector-leads-scraper/internal/database/db_tenant.go:354.41,356.3 1 1
github.com/Vector/vector-leads-scraper/internal/database/db_tenant.go:359.2,366.30 3 1
github.com/Vector/vector-leads-scraper/internal/database/db_tenant.go:366.30,368.3 1 1
github.com/Vector/vector-leads-scraper/internal/database/db_tenant.go:371.2,376.16 2 1
github.com/Vector/vector-leads-scraper/internal/database/db_tenant.go:376.16,379.3 2 0
github.com/Vector/vector-leads-scraper/internal/database/db_tenant.go:382.2,383.33 2 1
github.com/Vector/vector-leads-scraper/internal/database/db_tenant.go:383.33,385.17 2 1
github.com/Vector/vector-leads-scraper/internal/database/db_tenant.go:385.17,390.4 2 0
github.com/Vector/vector-leads-scraper/internal/database/db_tenant.go:391.3,391.18 1 1
github.com/Vector/vector-leads-scraper/internal/database/db_tenant.go:394.2,394.20 1 1
github.com/Vector/vector-leads-scraper/internal/database/db_tenant_api_key.go:18.163,26.19 4 1
github.com/Vector/vector-leads-scraper/internal/database/db_tenant_api_key.go:26.19,28.3 1 1
github.com/Vector/vector-leads-scraper/internal/database/db_tenant_api_key.go:30.2,30.19 1 1
github.com/Vector/vector-leads-scraper/internal/database/db_tenant_api_key.go:30.19,32.3 1 1
github.com/Vector/vector-leads-scraper/internal/database/db_tenant_api_key.go:35.2,36.16 2 1
github.com/Vector/vector-leads-scraper/internal/database/db_tenant_api_key.go:36.16,38.3 1 1
github.com/Vector/vector-leads-scraper/internal/database/db_tenant_api_key.go:40.2,41.16 2 1
github.com/Vector/vector-leads-scraper/internal/database/db_tenant_api_key.go:41.16,43.3 1 0
github.com/Vector/vector-leads-scraper/internal/database/db_tenant_api_key.go:46.2,46.87 1 1
github.com/Vector/vector-leads-scraper/internal/database/db_tenant_api_key.go:46.87,48.3 1 0
github.com/Vector/vector-leads-scraper/internal/database/db_tenant_api_key.go:51.2,51.94 1 1
github.com/Vector/vector-leads-scraper/internal/database/db_tenant_api_key.go:51.94,53.3 1 0
github.com/Vector/vector-leads-scraper/internal/database/db_tenant_api_key.go:56.2,57.16 2 1
github.com/Vector/vector-leads-scraper/internal/database/db_tenant_api_key.go:57.16,59.3 1 0
github.com/Vector/vector-leads-scraper/internal/database/db_tenant_api_key.go:61.2,61.23 1 1
github.com/Vector/vector-leads-scraper/internal/database/db_tenant_api_key.go:64.132,72.36 4 1
github.com/Vector/vector-leads-scraper/internal/database/db_tenant_api_key.go:72.36,74.3 1 1
github.com/Vector/vector-leads-scraper/internal/database/db_tenant_api_key.go:76.2,77.16 2 1
github.com/Vector/vector-leads-scraper/internal/database/db_tenant_api_key.go:77.16,79.3 1 1
github.com/Vector/vector-leads-scraper/internal/database/db_tenant_api_key.go:81.2,82.16 2 1
github.com/Vector/vector-leads-scraper/internal/database/db_tenant_api_key.go:82.16,84.3 1 0
github.com/Vector/vector-leads-scraper/internal/database/db_tenant_api_key.go:86.2,86.23 1 1
github.com/Vector/vector-leads-scraper/internal/database/db_tenant_api_key.go:89.163,97.54 4 1
github.com/Vector/vector-leads-scraper/internal/database/db_tenant_api_key.go:97.54,99.3 1 1
github.com/Vector/vector-leads-scraper/internal/database/db_tenant_api_key.go:102.2,103.16 2 1
github.com/Vector/vector-leads-scraper/internal/database/db_tenant_api_key.go:103.16,105.3 1 0
github.com/Vector/vector-leads-scraper/internal/database/db_tenant_api_key.go:108.2,112.16 2 1
github.com/Vector/vector-leads-scraper/internal/database/db_tenant_api_key.go:112.16,114.3 1 0
github.com/Vector/vector-leads-scraper/internal/database/db_tenant_api_key.go:116.2,116.30 1 1
github.com/Vector/vector-leads-scraper/internal/database/db_tenant_api_key.go:116.30,118.3 1 1
github.com/Vector/vector-leads-scraper/internal/database/db_tenant_api_key.go:121.2,125.16 2 1
github.com/Vector/vector-leads-scraper/internal/database/db_tenant_api_key.go:125.16,127.3 1 0
github.com/Vector/vector-leads-scraper/internal/database/db_tenant_api_key.go:130.2,131.16 2 1
github.com/Vector/vector-leads-scraper/internal/database/db_tenant_api_key.go:131.16,133.3 1 0
github.com/Vector/vector-leads-scraper/internal/database/db_tenant_api_key.go:135.2,135.23 1 1
github.com/Vector/vector-leads-scraper/internal/database/db_tenant_api_key.go:138.122,146.36 4 1
github.com/Vector/vector-leads-scraper/internal/database/db_tenant_api_key.go:146.36,148.3 1 1
github.com/Vector/vector-leads-scraper/internal/database/db_tenant_api_key.go:150.2,151.38 2 1
github.com/Vector/vector-leads-scraper/internal/database/db_tenant_api_key.go:151.38,153.3 1 1
github.com/Vector/vector-leads-scraper/internal/database/db_tenant_api_key.go:153.8,155.3 1 1
github.com/Vector/vector-leads-scraper/internal/database/db_tenant_api_key.go:157.2,158.16 2 1
github.com/Vector/vector-leads-scraper/internal/database/db_tenant_api_key.go:158.16,160.3 1 0
github.com/Vector/vector-leads-scraper/internal/database/db_tenant_api_key.go:162.2,162.30 1 1
github.com/Vector/vector-leads-scraper/internal/database/db_tenant_api_key.go:162.30,164.3 1 1
github.com/Vector/vector-leads-scraper/internal/database/db_tenant_api_key.go:166.2,166.12 1 1
github.com/Vector/vector-leads-scraper/internal/database/db_tenant_api_key.go:169.142,177.19 4 1
github.com/Vector/vector-leads-scraper/internal/database/db_tenant_api_key.go:177.19,179.3 1 1
github.com/Vector/vector-leads-scraper/internal/database/db_tenant_api_key.go:182.2,182.16 1 1
github.com/Vector/vector-leads-scraper/internal/database/db_tenant_api_key.go:182.16,184.3 1 1
github.com/Vector/vector-leads-scraper/internal/database/db_tenant_api_key.go:185.2,185.16 1 1
github.com/Vector/vector-leads-scraper/internal/database/db_tenant_api_key.go:185.16,187.3 1 1
github.com/Vector/vector-leads-scraper/internal/database/db_tenant_api_key.go:190.2,195.16 2 1
github.com/Vector/vector-leads-scraper/internal/database/db_tenant_api_key.go:195.16,197.3 1 0
github.com/Vector/vector-leads-scraper/internal/database/db_tenant_api_key.go:200.2,201.33 2 1
github.com/Vector/vector-leads-scraper/internal/database/db_tenant_api_key.go:201.33,203.17 2 1
github.com/Vector/vector-leads-scraper/internal/database/db_tenant_api_key.go:203.17,205.4 1 0
github.com/Vector/vector-leads-scraper/internal/database/db_tenant_api_key.go:206.3,206.37 1 1
github.com/Vector/vector-leads-scraper/internal/database/db_tenant_api_key.go:209.2,209.20 1 1
github.com/Vector/vector-leads-scraper/internal/database/db_validate_api_key.go:11.104,18.16 2 1
github.com/Vector/vector-leads-scraper/internal/database/db_validate_api_key.go:18.16,20.3 1 1
github.com/Vector/vector-leads-scraper/internal/database/db_validate_api_key.go:22.2,25.93 3 1
github.com/Vector/vector-leads-scraper/internal/database/db_validate_api_key.go:25.93,26.40 1 1
github.com/Vector/vector-leads-scraper/internal/database/db_validate_api_key.go:26.40,28.4 1 1
github.com/Vector/vector-leads-scraper/internal/database/db_validate_api_key.go:29.3,29.64 1 1
github.com/Vector/vector-leads-scraper/internal/database/db_validate_api_key.go:32.2,33.16 2 1
github.com/Vector/vector-leads-scraper/internal/database/db_validate_api_key.go:33.16,35.3 1 0
github.com/Vector/vector-leads-scraper/internal/database/db_validate_api_key.go:37.2,37.23 1 1
github.com/Vector/vector-leads-scraper/internal/database/db_webhook_config.go:10.167,18.19 4 1
github.com/Vector/vector-leads-scraper/internal/database/db_webhook_config.go:18.19,20.3 1 1
github.com/Vector/vector-leads-scraper/internal/database/db_webhook_config.go:22.2,22.20 1 1
github.com/Vector/vector-leads-scraper/internal/database/db_webhook_config.go:22.20,24.3 1 1
github.com/Vector/vector-leads-scraper/internal/database/db_webhook_config.go:27.2,28.16 2 1
github.com/Vector/vector-leads-scraper/internal/database/db_webhook_config.go:28.16,30.3 1 0
github.com/Vector/vector-leads-scraper/internal/database/db_webhook_config.go:32.2,33.16 2 1
github.com/Vector/vector-leads-scraper/internal/database/db_webhook_config.go:33.16,35.3 1 0
github.com/Vector/vector-leads-scraper/internal/database/db_webhook_config.go:38.2,38.89 1 1
github.com/Vector/vector-leads-scraper/internal/database/db_webhook_config.go:38.89,40.3 1 0
github.com/Vector/vector-leads-scraper/internal/database/db_webhook_config.go:43.2,43.94 1 1
github.com/Vector/vector-leads-scraper/internal/database/db_webhook_config.go:43.94,45.3 1 0
github.com/Vector/vector-leads-scraper/internal/database/db_webhook_config.go:48.2,49.16 2 1
github.com/Vector/vector-leads-scraper/internal/database/db_webhook_config.go:49.16,51.3 1 0
github.com/Vector/vector-leads-scraper/internal/database/db_webhook_config.go:53.2,53.23 1 1
github.com/Vector/vector-leads-scraper/internal/database/db_webhook_config.go:56.138,64.40 4 1
github.com/Vector/vector-leads-scraper/internal/database/db_webhook_config.go:64.40,66.3 1 1
github.com/Vector/vector-leads-scraper/internal/database/db_webhook_config.go:68.2,69.16 2 1
github.com/Vector/vector-leads-scraper/internal/database/db_webhook_config.go:69.16,71.3 1 1
github.com/Vector/vector-leads-scraper/internal/database/db_webhook_config.go:73.2,74.16 2 1
github.com/Vector/vector-leads-scraper/internal/database/db_webhook_config.go:74.16,76.3 1 0
github.com/Vector/vector-leads-scraper/internal/database/db_webhook_config.go:78.2,78.23 1 1
github.com/Vector/vector-leads-scraper/internal/database/db_webhook_config.go:81.170,89.59 4 1
github.com/Vector/vector-leads-scraper/internal/database/db_webhook_config.go:89.59,91.3 1 1
github.com/Vector/vector-leads-scraper/internal/database/db_webhook_config.go:94.2,95.16 2 1
github.com/Vector/vector-leads-scraper/internal/database/db_webhook_config.go:95.16,97.3 1 0
github.com/Vector/vector-leads-scraper/internal/database/db_webhook_config.go:100.2,104.16 2 1
github.com/Vector/vector-leads-scraper/internal/database/db_webhook_config.go:104.16,106.3 1 0
github.com/Vector/vector-leads-scraper/internal/database/db_webhook_config.go:108.2,108.30 1 1
github.com/Vector/vector-leads-scraper/internal/database/db_webhook_config.go:108.30,110.3 1 1
github.com/Vector/vector-leads-scraper/internal/database/db_webhook_config.go:113.2,117.16 2 1
github.com/Vector/vector-leads-scraper/internal/database/db_webhook_config.go:117.16,119.3 1 0
github.com/Vector/vector-leads-scraper/internal/database/db_webhook_config.go:122.2,123.16 2 1
github.com/Vector/vector-leads-scraper/internal/database/db_webhook_config.go:123.16,125.3 1 0
github.com/Vector/vector-leads-scraper/internal/database/db_webhook_config.go:127.2,127.23 1 1
github.com/Vector/vector-leads-scraper/internal/database/db_webhook_config.go:130.127,138.40 4 1
github.com/Vector/vector-leads-scraper/internal/database/db_webhook_config.go:138.40,140.3 1 1
github.com/Vector/vector-leads-scraper/internal/database/db_webhook_config.go:142.2,143.38 2 1
github.com/Vector/vector-leads-scraper/internal/database/db_webhook_config.go:143.38,145.3 1 1
github.com/Vector/vector-leads-scraper/internal/database/db_webhook_config.go:145.8,147.3 1 1
github.com/Vector/vector-leads-scraper/internal/database/db_webhook_config.go:149.2,150.16 2 1
github.com/Vector/vector-leads-scraper/internal/database/db_webhook_config.go:150.16,152.3 1 0
github.com/Vector/vector-leads-scraper/internal/database/db_webhook_config.go:154.2,154.30 1 1
github.com/Vector/vector-leads-scraper/internal/database/db_webhook_config.go:154.30,156.3 1 1
github.com/Vector/vector-leads-scraper/internal/database/db_webhook_config.go:158.2,158.12 1 1
github.com/Vector/vector-leads-scraper/internal/database/db_webhook_config.go:161.147,169.22 4 1
github.com/Vector/vector-leads-scraper/internal/database/db_webhook_config.go:169.22,171.3 1 1
github.com/Vector/vector-leads-scraper/internal/database/db_webhook_config.go:174.2,174.16 1 1
github.com/Vector/vector-leads-scraper/internal/database/db_webhook_config.go:174.16,176.3 1 0
github.com/Vector/vector-leads-scraper/internal/database/db_webhook_config.go:177.2,177.16 1 1
github.com/Vector/vector-leads-scraper/internal/database/db_webhook_config.go:177.16,179.3 1 0
github.com/Vector/vector-leads-scraper/internal/database/db_webhook_config.go:182.2,187.16 2 1
github.com/Vector/vector-leads-scraper/internal/database/db_webhook_config.go:187.16,189.3 1 0
github.com/Vector/vector-leads-scraper/internal/database/db_webhook_config.go:192.2,193.35 2 1
github.com/Vector/vector-leads-scraper/internal/database/db_webhook_config.go:193.35,195.17 2 1
github.com/Vector/vector-leads-scraper/internal/database/db_webhook_config.go:195.17,197.4 1 0
github.com/Vector/vector-leads-scraper/internal/database/db_webhook_config.go:198.3,198.38 1 1
github.com/Vector/vector-leads-scraper/internal/database/db_webhook_config.go:201.2,201.20 1 1
github.com/Vector/vector-leads-scraper/internal/database/db_workspace_create.go:20.49,21.87 1 1
github.com/Vector/vector-leads-scraper/internal/database/db_workspace_create.go:21.87,23.3 1 1
github.com/Vector/vector-leads-scraper/internal/database/db_workspace_create.go:25.2,25.24 1 1
github.com/Vector/vector-leads-scraper/internal/database/db_workspace_create.go:25.24,27.3 1 0
github.com/Vector/vector-leads-scraper/internal/database/db_workspace_create.go:29.2,29.50 1 1
github.com/Vector/vector-leads-scraper/internal/database/db_workspace_create.go:29.50,31.3 1 0
github.com/Vector/vector-leads-scraper/internal/database/db_workspace_create.go:33.2,33.12 1 1
github.com/Vector/vector-leads-scraper/internal/database/db_workspace_create.go:37.124,41.18 3 1
github.com/Vector/vector-leads-scraper/internal/database/db_workspace_create.go:41.18,43.3 1 1
github.com/Vector/vector-leads-scraper/internal/database/db_workspace_create.go:45.2,45.41 1 1
github.com/Vector/vector-leads-scraper/internal/database/db_workspace_create.go:45.41,47.3 1 1
github.com/Vector/vector-leads-scraper/internal/database/db_workspace_create.go:50.2,57.21 6 1
github.com/Vector/vector-leads-scraper/internal/database/db_workspace_create.go:57.21,59.3 1 0
github.com/Vector/vector-leads-scraper/internal/database/db_workspace_create.go:60.2,60.15 1 1
github.com/Vector/vector-leads-scraper/internal/database/db_workspace_create.go:60.15,61.31 1 1
github.com/Vector/vector-leads-scraper/internal/database/db_workspace_create.go:61.31,63.4 1 0
github.com/Vector/vector-leads-scraper/internal/database/db_workspace_create.go:67.2,68.16 2 1
github.com/Vector/vector-leads-scraper/internal/database/db_workspace_create.go:68.16,70.40 2 1
github.com/Vector/vector-leads-scraper/internal/database/db_workspace_create.go:70.40,72.4 1 1
github.com/Vector/vector-leads-scraper/internal/database/db_workspace_create.go:73.3,73.64 1 0
github.com/Vector/vector-leads-scraper/internal/database/db_workspace_create.go:77.2,78.16 2 1
github.com/Vector/vector-leads-scraper/internal/database/db_workspace_create.go:78.16,80.40 2 1
github.com/Vector/vector-leads-scraper/internal/database/db_workspace_create.go:80.40,82.4 1 1
github.com/Vector/vector-leads-scraper/internal/database/db_workspace_create.go:83.3,83.58 1 0
github.com/Vector/vector-leads-scraper/internal/database/db_workspace_create.go:87.2,87.84 1 1
github.com/Vector/vector-leads-scraper/internal/database/db_workspace_create.go:87.84,90.3 2 1
github.com/Vector/vector-leads-scraper/internal/database/db_workspace_create.go:93.2,94.16 2 1
github.com/Vector/vector-leads-scraper/internal/database/db_workspace_create.go:94.16,96.40 2 1
github.com/Vector/vector-leads-scraper/internal/database/db_workspace_create.go:96.40,98.4 1 1
github.com/Vector/vector-leads-scraper/internal/database/db_workspace_create.go:99.3,99.59 1 0
github.com/Vector/vector-leads-scraper/internal/database/db_workspace_create.go:103.2,103.68 1 1
github.com/Vector/vector-leads-scraper/internal/database/db_workspace_create.go:103.68,106.3 2 1
github.com/Vector/vector-leads-scraper/internal/database/db_workspace_create.go:109.2,110.16 2 1
github.com/Vector/vector-leads-scraper/internal/database/db_workspace_create.go:110.16,113.3 2 0
github.com/Vector/vector-leads-scraper/internal/database/db_workspace_create.go:116.2,116.76 1 1
github.com/Vector/vector-leads-scraper/internal/database/db_workspace_create.go:116.76,119.3 2 0
github.com/Vector/vector-leads-scraper/internal/database/db_workspace_create.go:122.2,122.100 1 1
github.com/Vector/vector-leads-scraper/internal/database/db_workspace_create.go:122.100,125.3 2 0
github.com/Vector/vector-leads-scraper/internal/database/db_workspace_create.go:128.2,128.113 1 1
github.com/Vector/vector-leads-scraper/internal/database/db_workspace_create.go:128.113,131.3 2 0
github.com/Vector/vector-leads-scraper/internal/database/db_workspace_create.go:134.2,139.16 2 1
github.com/Vector/vector-leads-scraper/internal/database/db_workspace_create.go:139.16,142.3 2 0
github.com/Vector/vector-leads-scraper/internal/database/db_workspace_create.go:145.2,145.42 1 1
github.com/Vector/vector-leads-scraper/internal/database/db_workspace_create.go:145.42,147.3 1 0
github.com/Vector/vector-leads-scraper/internal/database/db_workspace_create.go:150.2,151.16 2 1
github.com/Vector/vector-leads-scraper/internal/database/db_workspace_create.go:151.16,153.3 1 0
github.com/Vector/vector-leads-scraper/internal/database/db_workspace_create.go:155.2,155.26 1 1
github.com/Vector/vector-leads-scraper/internal/database/db_workspace_delete.go:14.69,19.13 3 1
github.com/Vector/vector-leads-scraper/internal/database/db_workspace_delete.go:19.13,21.3 1 1
github.com/Vector/vector-leads-scraper/internal/database/db_workspace_delete.go:23.2,26.16 3 1
github.com/Vector/vector-leads-scraper/internal/database/db_workspace_delete.go:26.16,27.45 1 1
github.com/Vector/vector-leads-scraper/internal/database/db_workspace_delete.go:27.45,29.4 1 0
github.com/Vector/vector-leads-scraper/internal/database/db_workspace_delete.go:30.3,31.56 2 1
github.com/Vector/vector-leads-scraper/internal/database/db_workspace_delete.go:34.2,34.21 1 1
github.com/Vector/vector-leads-scraper/internal/database/db_workspace_delete.go:34.21,36.3 1 0
github.com/Vector/vector-leads-scraper/internal/database/db_workspace_delete.go:38.2,38.104 1 1
github.com/Vector/vector-leads-scraper/internal/database/db_workspace_delete.go:38.104,39.45 1 0
github.com/Vector/vector-leads-scraper/internal/database/db_workspace_delete.go:39.45,41.4 1 0
github.com/Vector/vector-leads-scraper/internal/database/db_workspace_delete.go:42.3,43.59 2 0
github.com/Vector/vector-leads-scraper/internal/database/db_workspace_delete.go:46.2,46.12 1 1
github.com/Vector/vector-leads-scraper/internal/database/db_workspace_read.go:14.103,15.13 1 1
github.com/Vector/vector-leads-scraper/internal/database/db_workspace_read.go:15.13,17.3 1 1
github.com/Vector/vector-leads-scraper/internal/database/db_workspace_read.go:19.2,21.16 3 1
github.com/Vector/vector-leads-scraper/internal/database/db_workspace_read.go:21.16,22.45 1 1
github.com/Vector/vector-leads-scraper/internal/database/db_workspace_read.go:22.45,24.4 1 1
github.com/Vector/vector-leads-scraper/internal/database/db_workspace_read.go:25.3,26.61 2 0
github.com/Vector/vector-leads-scraper/internal/database/db_workspace_read.go:29.2,29.19 1 1
github.com/Vector/vector-leads-scraper/internal/database/db_workspace_read.go:29.19,31.3 1 0
github.com/Vector/vector-leads-scraper/internal/database/db_workspace_read.go:33.2,33.20 1 1
github.com/Vector/vector-leads-scraper/internal/database/db_workspace_read.go:37.133,38.16 1 1
github.com/Vector/vector-leads-scraper/internal/database/db_workspace_read.go:38.16,40.3 1 1
github.com/Vector/vector-leads-scraper/internal/database/db_workspace_read.go:42.2,42.16 1 1
github.com/Vector/vector-leads-scraper/internal/database/db_workspace_read.go:42.16,44.3 1 1
github.com/Vector/vector-leads-scraper/internal/database/db_workspace_read.go:46.2,54.16 3 1
github.com/Vector/vector-leads-scraper/internal/database/db_workspace_read.go:54.16,55.45 1 0
github.com/Vector/vector-leads-scraper/internal/database/db_workspace_read.go:55.45,57.4 1 0
github.com/Vector/vector-leads-scraper/internal/database/db_workspace_read.go:58.3,59.63 2 0
github.com/Vector/vector-leads-scraper/internal/database/db_workspace_read.go:62.2,62.24 1 1
github.com/Vector/vector-leads-scraper/internal/database/db_workspace_update.go:14.140,15.22 1 1
github.com/Vector/vector-leads-scraper/internal/database/db_workspace_update.go:15.22,17.3 1 1
github.com/Vector/vector-leads-scraper/internal/database/db_workspace_update.go:19.2,19.23 1 1
github.com/Vector/vector-leads-scraper/internal/database/db_workspace_update.go:19.23,21.3 1 1
github.com/Vector/vector-leads-scraper/internal/database/db_workspace_update.go:24.2,25.16 2 1
github.com/Vector/vector-leads-scraper/internal/database/db_workspace_update.go:25.16,26.45 1 1
github.com/Vector/vector-leads-scraper/internal/database/db_workspace_update.go:26.45,28.4 1 0
github.com/Vector/vector-leads-scraper/internal/database/db_workspace_update.go:29.3,30.61 2 1
github.com/Vector/vector-leads-scraper/internal/database/db_workspace_update.go:34.2,34.21 1 1
github.com/Vector/vector-leads-scraper/internal/database/db_workspace_update.go:34.21,36.3 1 0
github.com/Vector/vector-leads-scraper/internal/database/db_workspace_update.go:39.2,40.16 2 1
github.com/Vector/vector-leads-scraper/internal/database/db_workspace_update.go:40.16,42.3 1 0
github.com/Vector/vector-leads-scraper/internal/database/db_workspace_update.go:44.2,46.16 3 1
github.com/Vector/vector-leads-scraper/internal/database/db_workspace_update.go:46.16,48.3 1 0
github.com/Vector/vector-leads-scraper/internal/database/db_workspace_update.go:50.2,50.47 1 1
github.com/Vector/vector-leads-scraper/internal/database/db_workspace_update.go:50.47,51.23 1 0
github.com/Vector/vector-leads-scraper/internal/database/db_workspace_update.go:51.23,53.4 1 0
github.com/Vector/vector-leads-scraper/internal/database/db_workspace_update.go:55.3,55.39 1 0
github.com/Vector/vector-leads-scraper/internal/database/db_workspace_update.go:59.2,60.16 2 1
github.com/Vector/vector-leads-scraper/internal/database/db_workspace_update.go:60.16,62.3 1 0
github.com/Vector/vector-leads-scraper/internal/database/db_workspace_update.go:64.2,64.31 1 1
github.com/Vector/vector-leads-scraper/internal/database/utils.go:25.84,33.2 2 1
github.com/Vector/vector-leads-scraper/internal/database/utils.go:37.62,38.20 1 1
github.com/Vector/vector-leads-scraper/internal/database/utils.go:38.20,40.3 1 1
github.com/Vector/vector-leads-scraper/internal/database/utils.go:42.2,45.45 3 1
github.com/Vector/vector-leads-scraper/internal/database/utils.go:45.45,47.23 2 1
github.com/Vector/vector-leads-scraper/internal/database/utils.go:47.23,49.4 1 1
github.com/Vector/vector-leads-scraper/internal/database/utils.go:50.3,50.42 1 1
github.com/Vector/vector-leads-scraper/internal/database/utils.go:53.2,53.16 1 1
github.com/Vector/vector-leads-scraper/internal/database/utils.go:56.135,58.29 2 1
github.com/Vector/vector-leads-scraper/internal/database/utils.go:58.29,60.17 2 1
github.com/Vector/vector-leads-scraper/internal/database/utils.go:60.17,62.4 1 0
github.com/Vector/vector-leads-scraper/internal/database/utils.go:63.3,63.40 1 1
github.com/Vector/vector-leads-scraper/internal/database/utils.go:65.2,65.22 1 1
