mode: set
github.com/Vector/vector-leads-scraper/pkg/grpc/grpc_create_account_api.go:35.124,41.16 3 1
github.com/Vector/vector-leads-scraper/pkg/grpc/grpc_create_account_api.go:41.16,44.3 2 1
github.com/Vector/vector-leads-scraper/pkg/grpc/grpc_create_account_api.go:47.2,47.42 1 1
github.com/Vector/vector-leads-scraper/pkg/grpc/grpc_create_account_api.go:47.42,50.3 2 1
github.com/Vector/vector-leads-scraper/pkg/grpc/grpc_create_account_api.go:53.2,54.20 2 1
github.com/Vector/vector-leads-scraper/pkg/grpc/grpc_create_account_api.go:54.20,57.3 2 0
github.com/Vector/vector-leads-scraper/pkg/grpc/grpc_create_account_api.go:59.2,67.16 3 1
github.com/Vector/vector-leads-scraper/pkg/grpc/grpc_create_account_api.go:67.16,69.46 2 0
github.com/Vector/vector-leads-scraper/pkg/grpc/grpc_create_account_api.go:69.46,71.4 1 0
github.com/Vector/vector-leads-scraper/pkg/grpc/grpc_create_account_api.go:72.3,72.89 1 0
github.com/Vector/vector-leads-scraper/pkg/grpc/grpc_create_account_api.go:75.2,77.8 1 1
github.com/Vector/vector-leads-scraper/pkg/grpc/grpc_create_api_key_api.go:33.121,37.16 3 1
github.com/Vector/vector-leads-scraper/pkg/grpc/grpc_create_api_key_api.go:37.16,40.3 2 1
github.com/Vector/vector-leads-scraper/pkg/grpc/grpc_create_api_key_api.go:42.2,42.42 1 1
github.com/Vector/vector-leads-scraper/pkg/grpc/grpc_create_api_key_api.go:42.42,45.3 2 1
github.com/Vector/vector-leads-scraper/pkg/grpc/grpc_create_api_key_api.go:50.2,50.72 1 1
github.com/Vector/vector-leads-scraper/pkg/grpc/grpc_create_api_key_api.go:50.72,53.3 2 0
github.com/Vector/vector-leads-scraper/pkg/grpc/grpc_create_api_key_api.go:55.2,80.16 4 1
github.com/Vector/vector-leads-scraper/pkg/grpc/grpc_create_api_key_api.go:80.16,83.3 2 0
github.com/Vector/vector-leads-scraper/pkg/grpc/grpc_create_api_key_api.go:85.2,87.8 1 1
github.com/Vector/vector-leads-scraper/pkg/grpc/grpc_create_organization_api.go:36.139,42.16 3 1
github.com/Vector/vector-leads-scraper/pkg/grpc/grpc_create_organization_api.go:42.16,45.3 2 1
github.com/Vector/vector-leads-scraper/pkg/grpc/grpc_create_organization_api.go:48.2,48.42 1 1
github.com/Vector/vector-leads-scraper/pkg/grpc/grpc_create_organization_api.go:48.42,51.3 2 1
github.com/Vector/vector-leads-scraper/pkg/grpc/grpc_create_organization_api.go:54.2,67.16 7 1
github.com/Vector/vector-leads-scraper/pkg/grpc/grpc_create_organization_api.go:67.16,71.3 2 0
github.com/Vector/vector-leads-scraper/pkg/grpc/grpc_create_organization_api.go:73.2,75.8 1 1
github.com/Vector/vector-leads-scraper/pkg/grpc/grpc_create_tenant_api.go:82.121,93.16 4 1
github.com/Vector/vector-leads-scraper/pkg/grpc/grpc_create_tenant_api.go:93.16,97.3 2 1
github.com/Vector/vector-leads-scraper/pkg/grpc/grpc_create_tenant_api.go:100.2,100.41 1 1
github.com/Vector/vector-leads-scraper/pkg/grpc/grpc_create_tenant_api.go:100.41,104.3 2 1
github.com/Vector/vector-leads-scraper/pkg/grpc/grpc_create_tenant_api.go:106.2,110.19 3 1
github.com/Vector/vector-leads-scraper/pkg/grpc/grpc_create_tenant_api.go:110.19,112.3 1 0
github.com/Vector/vector-leads-scraper/pkg/grpc/grpc_create_tenant_api.go:121.2,125.16 2 1
github.com/Vector/vector-leads-scraper/pkg/grpc/grpc_create_tenant_api.go:125.16,128.3 2 0
github.com/Vector/vector-leads-scraper/pkg/grpc/grpc_create_tenant_api.go:136.2,138.8 1 1
github.com/Vector/vector-leads-scraper/pkg/grpc/grpc_create_webhook_api.go:83.124,89.16 3 1
github.com/Vector/vector-leads-scraper/pkg/grpc/grpc_create_webhook_api.go:89.16,92.3 2 1
github.com/Vector/vector-leads-scraper/pkg/grpc/grpc_create_webhook_api.go:101.2,101.42 1 1
github.com/Vector/vector-leads-scraper/pkg/grpc/grpc_create_webhook_api.go:101.42,104.3 2 1
github.com/Vector/vector-leads-scraper/pkg/grpc/grpc_create_webhook_api.go:107.2,108.20 2 1
github.com/Vector/vector-leads-scraper/pkg/grpc/grpc_create_webhook_api.go:108.20,111.3 2 0
github.com/Vector/vector-leads-scraper/pkg/grpc/grpc_create_webhook_api.go:119.2,129.16 3 1
github.com/Vector/vector-leads-scraper/pkg/grpc/grpc_create_webhook_api.go:129.16,131.34 2 0
github.com/Vector/vector-leads-scraper/pkg/grpc/grpc_create_webhook_api.go:131.34,133.4 1 0
github.com/Vector/vector-leads-scraper/pkg/grpc/grpc_create_webhook_api.go:134.3,134.89 1 0
github.com/Vector/vector-leads-scraper/pkg/grpc/grpc_create_webhook_api.go:149.2,151.8 1 1
github.com/Vector/vector-leads-scraper/pkg/grpc/grpc_create_workflow_api.go:82.127,88.16 3 1
github.com/Vector/vector-leads-scraper/pkg/grpc/grpc_create_workflow_api.go:88.16,91.3 2 1
github.com/Vector/vector-leads-scraper/pkg/grpc/grpc_create_workflow_api.go:100.2,100.42 1 1
github.com/Vector/vector-leads-scraper/pkg/grpc/grpc_create_workflow_api.go:100.42,103.3 2 1
github.com/Vector/vector-leads-scraper/pkg/grpc/grpc_create_workflow_api.go:106.2,107.21 2 1
github.com/Vector/vector-leads-scraper/pkg/grpc/grpc_create_workflow_api.go:107.21,110.3 2 0
github.com/Vector/vector-leads-scraper/pkg/grpc/grpc_create_workflow_api.go:119.2,119.86 1 1
github.com/Vector/vector-leads-scraper/pkg/grpc/grpc_create_workflow_api.go:119.86,122.3 2 0
github.com/Vector/vector-leads-scraper/pkg/grpc/grpc_create_workflow_api.go:124.2,134.16 3 1
github.com/Vector/vector-leads-scraper/pkg/grpc/grpc_create_workflow_api.go:134.16,136.38 2 1
github.com/Vector/vector-leads-scraper/pkg/grpc/grpc_create_workflow_api.go:136.38,138.4 1 0
github.com/Vector/vector-leads-scraper/pkg/grpc/grpc_create_workflow_api.go:139.3,139.56 1 1
github.com/Vector/vector-leads-scraper/pkg/grpc/grpc_create_workflow_api.go:139.56,141.4 1 1
github.com/Vector/vector-leads-scraper/pkg/grpc/grpc_create_workflow_api.go:142.3,142.90 1 0
github.com/Vector/vector-leads-scraper/pkg/grpc/grpc_create_workflow_api.go:159.2,161.8 1 1
github.com/Vector/vector-leads-scraper/pkg/grpc/grpc_create_workflow_api.go:165.46,168.2 2 1
github.com/Vector/vector-leads-scraper/pkg/grpc/grpc_create_workspace_api.go:36.130,42.16 3 1
github.com/Vector/vector-leads-scraper/pkg/grpc/grpc_create_workspace_api.go:42.16,45.3 2 1
github.com/Vector/vector-leads-scraper/pkg/grpc/grpc_create_workspace_api.go:48.2,48.42 1 1
github.com/Vector/vector-leads-scraper/pkg/grpc/grpc_create_workspace_api.go:48.42,51.3 2 1
github.com/Vector/vector-leads-scraper/pkg/grpc/grpc_create_workspace_api.go:54.2,55.22 2 1
github.com/Vector/vector-leads-scraper/pkg/grpc/grpc_create_workspace_api.go:55.22,58.3 2 0
github.com/Vector/vector-leads-scraper/pkg/grpc/grpc_create_workspace_api.go:60.2,73.16 3 1
github.com/Vector/vector-leads-scraper/pkg/grpc/grpc_create_workspace_api.go:73.16,75.38 2 0
github.com/Vector/vector-leads-scraper/pkg/grpc/grpc_create_workspace_api.go:75.38,77.4 1 0
github.com/Vector/vector-leads-scraper/pkg/grpc/grpc_create_workspace_api.go:78.3,78.91 1 0
github.com/Vector/vector-leads-scraper/pkg/grpc/grpc_create_workspace_api.go:81.2,83.8 1 1
github.com/Vector/vector-leads-scraper/pkg/grpc/grpc_delete_account_api.go:32.124,38.16 3 1
github.com/Vector/vector-leads-scraper/pkg/grpc/grpc_delete_account_api.go:38.16,41.3 2 0
github.com/Vector/vector-leads-scraper/pkg/grpc/grpc_delete_account_api.go:44.2,44.42 1 1
github.com/Vector/vector-leads-scraper/pkg/grpc/grpc_delete_account_api.go:44.42,47.3 2 1
github.com/Vector/vector-leads-scraper/pkg/grpc/grpc_delete_account_api.go:50.2,50.22 1 1
github.com/Vector/vector-leads-scraper/pkg/grpc/grpc_delete_account_api.go:50.22,52.3 1 0
github.com/Vector/vector-leads-scraper/pkg/grpc/grpc_delete_account_api.go:54.2,60.17 2 1
github.com/Vector/vector-leads-scraper/pkg/grpc/grpc_delete_account_api.go:60.17,62.45 2 0
github.com/Vector/vector-leads-scraper/pkg/grpc/grpc_delete_account_api.go:62.45,64.4 1 0
github.com/Vector/vector-leads-scraper/pkg/grpc/grpc_delete_account_api.go:65.3,65.71 1 0
github.com/Vector/vector-leads-scraper/pkg/grpc/grpc_delete_account_api.go:68.2,70.8 1 1
github.com/Vector/vector-leads-scraper/pkg/grpc/grpc_delete_api_key_api.go:32.121,36.16 3 1
github.com/Vector/vector-leads-scraper/pkg/grpc/grpc_delete_api_key_api.go:36.16,39.3 2 1
github.com/Vector/vector-leads-scraper/pkg/grpc/grpc_delete_api_key_api.go:41.2,41.42 1 1
github.com/Vector/vector-leads-scraper/pkg/grpc/grpc_delete_api_key_api.go:41.42,44.3 2 0
github.com/Vector/vector-leads-scraper/pkg/grpc/grpc_delete_api_key_api.go:46.2,49.16 3 1
github.com/Vector/vector-leads-scraper/pkg/grpc/grpc_delete_api_key_api.go:49.16,51.34 2 1
github.com/Vector/vector-leads-scraper/pkg/grpc/grpc_delete_api_key_api.go:51.34,53.4 1 0
github.com/Vector/vector-leads-scraper/pkg/grpc/grpc_delete_api_key_api.go:54.3,54.71 1 1
github.com/Vector/vector-leads-scraper/pkg/grpc/grpc_delete_api_key_api.go:57.2,57.43 1 1
github.com/Vector/vector-leads-scraper/pkg/grpc/grpc_delete_organization_api.go:34.139,45.16 4 1
github.com/Vector/vector-leads-scraper/pkg/grpc/grpc_delete_organization_api.go:45.16,49.3 2 1
github.com/Vector/vector-leads-scraper/pkg/grpc/grpc_delete_organization_api.go:52.2,52.41 1 1
github.com/Vector/vector-leads-scraper/pkg/grpc/grpc_delete_organization_api.go:52.41,56.3 2 0
github.com/Vector/vector-leads-scraper/pkg/grpc/grpc_delete_organization_api.go:58.2,58.22 1 1
github.com/Vector/vector-leads-scraper/pkg/grpc/grpc_delete_organization_api.go:58.22,60.3 1 0
github.com/Vector/vector-leads-scraper/pkg/grpc/grpc_delete_organization_api.go:62.2,68.16 3 1
github.com/Vector/vector-leads-scraper/pkg/grpc/grpc_delete_organization_api.go:68.16,71.3 2 0
github.com/Vector/vector-leads-scraper/pkg/grpc/grpc_delete_organization_api.go:74.2,76.8 1 1
github.com/Vector/vector-leads-scraper/pkg/grpc/grpc_delete_tenant_api.go:34.121,45.16 4 1
github.com/Vector/vector-leads-scraper/pkg/grpc/grpc_delete_tenant_api.go:45.16,49.3 2 1
github.com/Vector/vector-leads-scraper/pkg/grpc/grpc_delete_tenant_api.go:52.2,52.41 1 1
github.com/Vector/vector-leads-scraper/pkg/grpc/grpc_delete_tenant_api.go:52.41,56.3 2 1
github.com/Vector/vector-leads-scraper/pkg/grpc/grpc_delete_tenant_api.go:58.2,58.28 1 1
github.com/Vector/vector-leads-scraper/pkg/grpc/grpc_delete_tenant_api.go:58.28,60.3 1 0
github.com/Vector/vector-leads-scraper/pkg/grpc/grpc_delete_tenant_api.go:62.2,68.16 3 1
github.com/Vector/vector-leads-scraper/pkg/grpc/grpc_delete_tenant_api.go:68.16,70.44 2 1
github.com/Vector/vector-leads-scraper/pkg/grpc/grpc_delete_tenant_api.go:70.44,72.4 1 1
github.com/Vector/vector-leads-scraper/pkg/grpc/grpc_delete_tenant_api.go:73.3,73.92 1 0
github.com/Vector/vector-leads-scraper/pkg/grpc/grpc_delete_tenant_api.go:77.2,79.8 1 1
github.com/Vector/vector-leads-scraper/pkg/grpc/grpc_delete_webhook_api.go:33.124,39.16 3 1
github.com/Vector/vector-leads-scraper/pkg/grpc/grpc_delete_webhook_api.go:39.16,42.3 2 1
github.com/Vector/vector-leads-scraper/pkg/grpc/grpc_delete_webhook_api.go:45.2,45.42 1 1
github.com/Vector/vector-leads-scraper/pkg/grpc/grpc_delete_webhook_api.go:45.42,48.3 2 1
github.com/Vector/vector-leads-scraper/pkg/grpc/grpc_delete_webhook_api.go:50.2,54.16 3 1
github.com/Vector/vector-leads-scraper/pkg/grpc/grpc_delete_webhook_api.go:54.16,56.38 2 1
github.com/Vector/vector-leads-scraper/pkg/grpc/grpc_delete_webhook_api.go:56.38,58.4 1 0
github.com/Vector/vector-leads-scraper/pkg/grpc/grpc_delete_webhook_api.go:59.3,59.71 1 1
github.com/Vector/vector-leads-scraper/pkg/grpc/grpc_delete_webhook_api.go:62.2,62.44 1 1
github.com/Vector/vector-leads-scraper/pkg/grpc/grpc_delete_workflow_api.go:34.127,40.16 3 1
github.com/Vector/vector-leads-scraper/pkg/grpc/grpc_delete_workflow_api.go:40.16,43.3 2 1
github.com/Vector/vector-leads-scraper/pkg/grpc/grpc_delete_workflow_api.go:46.2,46.42 1 1
github.com/Vector/vector-leads-scraper/pkg/grpc/grpc_delete_workflow_api.go:46.42,49.3 2 0
github.com/Vector/vector-leads-scraper/pkg/grpc/grpc_delete_workflow_api.go:51.2,55.16 3 1
github.com/Vector/vector-leads-scraper/pkg/grpc/grpc_delete_workflow_api.go:55.16,57.38 2 1
github.com/Vector/vector-leads-scraper/pkg/grpc/grpc_delete_workflow_api.go:57.38,59.4 1 0
github.com/Vector/vector-leads-scraper/pkg/grpc/grpc_delete_workflow_api.go:60.3,60.56 1 1
github.com/Vector/vector-leads-scraper/pkg/grpc/grpc_delete_workflow_api.go:60.56,62.4 1 1
github.com/Vector/vector-leads-scraper/pkg/grpc/grpc_delete_workflow_api.go:63.3,63.72 1 0
github.com/Vector/vector-leads-scraper/pkg/grpc/grpc_delete_workflow_api.go:66.2,66.45 1 1
github.com/Vector/vector-leads-scraper/pkg/grpc/grpc_delete_workspace_api.go:29.130,35.16 3 1
github.com/Vector/vector-leads-scraper/pkg/grpc/grpc_delete_workspace_api.go:35.16,38.3 2 1
github.com/Vector/vector-leads-scraper/pkg/grpc/grpc_delete_workspace_api.go:41.2,41.42 1 1
github.com/Vector/vector-leads-scraper/pkg/grpc/grpc_delete_workspace_api.go:41.42,44.3 2 0
github.com/Vector/vector-leads-scraper/pkg/grpc/grpc_delete_workspace_api.go:46.2,50.16 3 1
github.com/Vector/vector-leads-scraper/pkg/grpc/grpc_delete_workspace_api.go:50.16,52.38 2 1
github.com/Vector/vector-leads-scraper/pkg/grpc/grpc_delete_workspace_api.go:52.38,54.4 1 0
github.com/Vector/vector-leads-scraper/pkg/grpc/grpc_delete_workspace_api.go:55.3,55.73 1 1
github.com/Vector/vector-leads-scraper/pkg/grpc/grpc_delete_workspace_api.go:58.2,58.46 1 1
github.com/Vector/vector-leads-scraper/pkg/grpc/grpc_get_account_api.go:32.115,38.16 3 1
github.com/Vector/vector-leads-scraper/pkg/grpc/grpc_get_account_api.go:38.16,41.3 2 1
github.com/Vector/vector-leads-scraper/pkg/grpc/grpc_get_account_api.go:44.2,44.42 1 1
github.com/Vector/vector-leads-scraper/pkg/grpc/grpc_get_account_api.go:44.42,47.3 2 1
github.com/Vector/vector-leads-scraper/pkg/grpc/grpc_get_account_api.go:50.2,50.22 1 1
github.com/Vector/vector-leads-scraper/pkg/grpc/grpc_get_account_api.go:50.22,52.3 1 0
github.com/Vector/vector-leads-scraper/pkg/grpc/grpc_get_account_api.go:54.2,60.16 3 1
github.com/Vector/vector-leads-scraper/pkg/grpc/grpc_get_account_api.go:60.16,62.45 2 1
github.com/Vector/vector-leads-scraper/pkg/grpc/grpc_get_account_api.go:62.45,64.4 1 1
github.com/Vector/vector-leads-scraper/pkg/grpc/grpc_get_account_api.go:65.3,65.68 1 0
github.com/Vector/vector-leads-scraper/pkg/grpc/grpc_get_account_api.go:68.2,70.8 1 1
github.com/Vector/vector-leads-scraper/pkg/grpc/grpc_get_api_key_api.go:32.112,36.16 3 1
github.com/Vector/vector-leads-scraper/pkg/grpc/grpc_get_api_key_api.go:36.16,39.3 2 1
github.com/Vector/vector-leads-scraper/pkg/grpc/grpc_get_api_key_api.go:41.2,41.42 1 1
github.com/Vector/vector-leads-scraper/pkg/grpc/grpc_get_api_key_api.go:41.42,44.3 2 0
github.com/Vector/vector-leads-scraper/pkg/grpc/grpc_get_api_key_api.go:46.2,49.16 3 1
github.com/Vector/vector-leads-scraper/pkg/grpc/grpc_get_api_key_api.go:49.16,51.34 2 1
github.com/Vector/vector-leads-scraper/pkg/grpc/grpc_get_api_key_api.go:51.34,53.4 1 0
github.com/Vector/vector-leads-scraper/pkg/grpc/grpc_get_api_key_api.go:54.3,54.68 1 1
github.com/Vector/vector-leads-scraper/pkg/grpc/grpc_get_api_key_api.go:57.2,59.8 1 1
github.com/Vector/vector-leads-scraper/pkg/grpc/grpc_get_lead_api.go:31.106,37.16 3 1
github.com/Vector/vector-leads-scraper/pkg/grpc/grpc_get_lead_api.go:37.16,40.3 2 1
github.com/Vector/vector-leads-scraper/pkg/grpc/grpc_get_lead_api.go:43.2,43.42 1 1
github.com/Vector/vector-leads-scraper/pkg/grpc/grpc_get_lead_api.go:43.42,46.3 2 1
github.com/Vector/vector-leads-scraper/pkg/grpc/grpc_get_lead_api.go:49.2,49.21 1 1
github.com/Vector/vector-leads-scraper/pkg/grpc/grpc_get_lead_api.go:49.21,51.3 1 0
github.com/Vector/vector-leads-scraper/pkg/grpc/grpc_get_lead_api.go:53.2,57.16 3 1
github.com/Vector/vector-leads-scraper/pkg/grpc/grpc_get_lead_api.go:57.16,59.41 2 1
github.com/Vector/vector-leads-scraper/pkg/grpc/grpc_get_lead_api.go:59.41,61.4 1 1
github.com/Vector/vector-leads-scraper/pkg/grpc/grpc_get_lead_api.go:62.3,62.65 1 0
github.com/Vector/vector-leads-scraper/pkg/grpc/grpc_get_lead_api.go:65.2,67.8 1 1
github.com/Vector/vector-leads-scraper/pkg/grpc/grpc_get_organization_api.go:32.130,43.16 4 1
github.com/Vector/vector-leads-scraper/pkg/grpc/grpc_get_organization_api.go:43.16,47.3 2 1
github.com/Vector/vector-leads-scraper/pkg/grpc/grpc_get_organization_api.go:50.2,50.41 1 1
github.com/Vector/vector-leads-scraper/pkg/grpc/grpc_get_organization_api.go:50.41,54.3 2 0
github.com/Vector/vector-leads-scraper/pkg/grpc/grpc_get_organization_api.go:56.2,56.22 1 1
github.com/Vector/vector-leads-scraper/pkg/grpc/grpc_get_organization_api.go:56.22,58.3 1 0
github.com/Vector/vector-leads-scraper/pkg/grpc/grpc_get_organization_api.go:60.2,66.16 3 1
github.com/Vector/vector-leads-scraper/pkg/grpc/grpc_get_organization_api.go:66.16,69.3 2 1
github.com/Vector/vector-leads-scraper/pkg/grpc/grpc_get_organization_api.go:71.2,73.8 1 1
github.com/Vector/vector-leads-scraper/pkg/grpc/grpc_get_tenant_api.go:34.112,45.16 4 1
github.com/Vector/vector-leads-scraper/pkg/grpc/grpc_get_tenant_api.go:45.16,49.3 2 1
github.com/Vector/vector-leads-scraper/pkg/grpc/grpc_get_tenant_api.go:52.2,52.41 1 1
github.com/Vector/vector-leads-scraper/pkg/grpc/grpc_get_tenant_api.go:52.41,56.3 2 1
github.com/Vector/vector-leads-scraper/pkg/grpc/grpc_get_tenant_api.go:58.2,58.28 1 1
github.com/Vector/vector-leads-scraper/pkg/grpc/grpc_get_tenant_api.go:58.28,60.3 1 0
github.com/Vector/vector-leads-scraper/pkg/grpc/grpc_get_tenant_api.go:62.2,68.16 3 1
github.com/Vector/vector-leads-scraper/pkg/grpc/grpc_get_tenant_api.go:68.16,70.44 2 1
github.com/Vector/vector-leads-scraper/pkg/grpc/grpc_get_tenant_api.go:70.44,72.4 1 1
github.com/Vector/vector-leads-scraper/pkg/grpc/grpc_get_tenant_api.go:73.3,73.67 1 0
github.com/Vector/vector-leads-scraper/pkg/grpc/grpc_get_tenant_api.go:76.2,78.8 1 1
github.com/Vector/vector-leads-scraper/pkg/grpc/grpc_get_webhook_api.go:31.115,37.16 3 1
github.com/Vector/vector-leads-scraper/pkg/grpc/grpc_get_webhook_api.go:37.16,40.3 2 1
github.com/Vector/vector-leads-scraper/pkg/grpc/grpc_get_webhook_api.go:43.2,43.42 1 1
github.com/Vector/vector-leads-scraper/pkg/grpc/grpc_get_webhook_api.go:43.42,46.3 2 1
github.com/Vector/vector-leads-scraper/pkg/grpc/grpc_get_webhook_api.go:48.2,52.16 3 1
github.com/Vector/vector-leads-scraper/pkg/grpc/grpc_get_webhook_api.go:52.16,55.3 2 1
github.com/Vector/vector-leads-scraper/pkg/grpc/grpc_get_webhook_api.go:57.2,59.8 1 1
github.com/Vector/vector-leads-scraper/pkg/grpc/grpc_get_workflow_api.go:33.118,39.16 3 1
github.com/Vector/vector-leads-scraper/pkg/grpc/grpc_get_workflow_api.go:39.16,42.3 2 1
github.com/Vector/vector-leads-scraper/pkg/grpc/grpc_get_workflow_api.go:45.2,45.42 1 1
github.com/Vector/vector-leads-scraper/pkg/grpc/grpc_get_workflow_api.go:45.42,48.3 2 1
github.com/Vector/vector-leads-scraper/pkg/grpc/grpc_get_workflow_api.go:50.2,54.16 3 1
github.com/Vector/vector-leads-scraper/pkg/grpc/grpc_get_workflow_api.go:54.16,56.38 2 1
github.com/Vector/vector-leads-scraper/pkg/grpc/grpc_get_workflow_api.go:56.38,58.4 1 0
github.com/Vector/vector-leads-scraper/pkg/grpc/grpc_get_workflow_api.go:59.3,59.56 1 1
github.com/Vector/vector-leads-scraper/pkg/grpc/grpc_get_workflow_api.go:59.56,61.4 1 1
github.com/Vector/vector-leads-scraper/pkg/grpc/grpc_get_workflow_api.go:62.3,62.69 1 0
github.com/Vector/vector-leads-scraper/pkg/grpc/grpc_get_workflow_api.go:65.2,67.8 1 1
github.com/Vector/vector-leads-scraper/pkg/grpc/grpc_get_workspace_api.go:28.121,34.16 3 1
github.com/Vector/vector-leads-scraper/pkg/grpc/grpc_get_workspace_api.go:34.16,37.3 2 1
github.com/Vector/vector-leads-scraper/pkg/grpc/grpc_get_workspace_api.go:40.2,40.42 1 1
github.com/Vector/vector-leads-scraper/pkg/grpc/grpc_get_workspace_api.go:40.42,43.3 2 0
github.com/Vector/vector-leads-scraper/pkg/grpc/grpc_get_workspace_api.go:45.2,49.16 3 1
github.com/Vector/vector-leads-scraper/pkg/grpc/grpc_get_workspace_api.go:49.16,51.38 2 1
github.com/Vector/vector-leads-scraper/pkg/grpc/grpc_get_workspace_api.go:51.38,53.4 1 0
github.com/Vector/vector-leads-scraper/pkg/grpc/grpc_get_workspace_api.go:54.3,54.70 1 1
github.com/Vector/vector-leads-scraper/pkg/grpc/grpc_get_workspace_api.go:57.2,59.8 1 1
github.com/Vector/vector-leads-scraper/pkg/grpc/grpc_list_api_keys_api.go:32.118,36.16 3 1
github.com/Vector/vector-leads-scraper/pkg/grpc/grpc_list_api_keys_api.go:36.16,39.3 2 1
github.com/Vector/vector-leads-scraper/pkg/grpc/grpc_list_api_keys_api.go:41.2,41.42 1 1
github.com/Vector/vector-leads-scraper/pkg/grpc/grpc_list_api_keys_api.go:41.42,44.3 2 1
github.com/Vector/vector-leads-scraper/pkg/grpc/grpc_list_api_keys_api.go:46.2,49.19 3 1
github.com/Vector/vector-leads-scraper/pkg/grpc/grpc_list_api_keys_api.go:49.19,51.3 1 0
github.com/Vector/vector-leads-scraper/pkg/grpc/grpc_list_api_keys_api.go:53.2,54.20 2 1
github.com/Vector/vector-leads-scraper/pkg/grpc/grpc_list_api_keys_api.go:54.20,56.3 1 1
github.com/Vector/vector-leads-scraper/pkg/grpc/grpc_list_api_keys_api.go:57.2,60.16 3 1
github.com/Vector/vector-leads-scraper/pkg/grpc/grpc_list_api_keys_api.go:60.16,63.3 2 0
github.com/Vector/vector-leads-scraper/pkg/grpc/grpc_list_api_keys_api.go:65.2,66.30 2 1
github.com/Vector/vector-leads-scraper/pkg/grpc/grpc_list_api_keys_api.go:66.30,68.3 1 1
github.com/Vector/vector-leads-scraper/pkg/grpc/grpc_list_api_keys_api.go:70.2,73.8 1 1
github.com/Vector/vector-leads-scraper/pkg/grpc/grpc_list_leads_api.go:32.112,38.16 3 1
github.com/Vector/vector-leads-scraper/pkg/grpc/grpc_list_leads_api.go:38.16,41.3 2 1
github.com/Vector/vector-leads-scraper/pkg/grpc/grpc_list_leads_api.go:44.2,44.42 1 1
github.com/Vector/vector-leads-scraper/pkg/grpc/grpc_list_leads_api.go:44.42,47.3 2 1
github.com/Vector/vector-leads-scraper/pkg/grpc/grpc_list_leads_api.go:50.2,51.19 2 1
github.com/Vector/vector-leads-scraper/pkg/grpc/grpc_list_leads_api.go:51.19,53.3 1 0
github.com/Vector/vector-leads-scraper/pkg/grpc/grpc_list_leads_api.go:56.2,57.20 2 1
github.com/Vector/vector-leads-scraper/pkg/grpc/grpc_list_leads_api.go:57.20,59.3 1 0
github.com/Vector/vector-leads-scraper/pkg/grpc/grpc_list_leads_api.go:60.2,68.16 4 1
github.com/Vector/vector-leads-scraper/pkg/grpc/grpc_list_leads_api.go:68.16,71.3 2 0
github.com/Vector/vector-leads-scraper/pkg/grpc/grpc_list_leads_api.go:74.2,75.28 2 1
github.com/Vector/vector-leads-scraper/pkg/grpc/grpc_list_leads_api.go:75.28,77.3 1 1
github.com/Vector/vector-leads-scraper/pkg/grpc/grpc_list_leads_api.go:79.2,82.8 1 1
github.com/Vector/vector-leads-scraper/pkg/grpc/grpc_list_organizations_api.go:34.136,45.16 4 1
github.com/Vector/vector-leads-scraper/pkg/grpc/grpc_list_organizations_api.go:45.16,49.3 2 1
github.com/Vector/vector-leads-scraper/pkg/grpc/grpc_list_organizations_api.go:52.2,52.41 1 1
github.com/Vector/vector-leads-scraper/pkg/grpc/grpc_list_organizations_api.go:52.41,56.3 2 1
github.com/Vector/vector-leads-scraper/pkg/grpc/grpc_list_organizations_api.go:58.2,64.19 3 1
github.com/Vector/vector-leads-scraper/pkg/grpc/grpc_list_organizations_api.go:64.19,66.3 1 0
github.com/Vector/vector-leads-scraper/pkg/grpc/grpc_list_organizations_api.go:69.2,76.16 3 1
github.com/Vector/vector-leads-scraper/pkg/grpc/grpc_list_organizations_api.go:76.16,79.3 2 0
github.com/Vector/vector-leads-scraper/pkg/grpc/grpc_list_organizations_api.go:82.2,83.41 2 1
github.com/Vector/vector-leads-scraper/pkg/grpc/grpc_list_organizations_api.go:83.41,85.3 1 1
github.com/Vector/vector-leads-scraper/pkg/grpc/grpc_list_organizations_api.go:87.2,90.8 1 1
github.com/Vector/vector-leads-scraper/pkg/grpc/grpc_list_tenants_api.go:33.118,46.16 6 1
github.com/Vector/vector-leads-scraper/pkg/grpc/grpc_list_tenants_api.go:46.16,50.3 2 1
github.com/Vector/vector-leads-scraper/pkg/grpc/grpc_list_tenants_api.go:53.2,53.41 1 1
github.com/Vector/vector-leads-scraper/pkg/grpc/grpc_list_tenants_api.go:53.41,57.3 2 1
github.com/Vector/vector-leads-scraper/pkg/grpc/grpc_list_tenants_api.go:59.2,65.19 3 1
github.com/Vector/vector-leads-scraper/pkg/grpc/grpc_list_tenants_api.go:65.19,67.3 1 0
github.com/Vector/vector-leads-scraper/pkg/grpc/grpc_list_tenants_api.go:70.2,71.20 2 1
github.com/Vector/vector-leads-scraper/pkg/grpc/grpc_list_tenants_api.go:71.20,73.3 1 0
github.com/Vector/vector-leads-scraper/pkg/grpc/grpc_list_tenants_api.go:74.2,82.16 3 1
github.com/Vector/vector-leads-scraper/pkg/grpc/grpc_list_tenants_api.go:82.16,85.3 2 0
github.com/Vector/vector-leads-scraper/pkg/grpc/grpc_list_tenants_api.go:88.2,89.35 2 1
github.com/Vector/vector-leads-scraper/pkg/grpc/grpc_list_tenants_api.go:89.35,91.3 1 1
github.com/Vector/vector-leads-scraper/pkg/grpc/grpc_list_tenants_api.go:93.2,96.8 1 1
github.com/Vector/vector-leads-scraper/pkg/grpc/grpc_list_webhooks_api.go:34.121,40.16 3 1
github.com/Vector/vector-leads-scraper/pkg/grpc/grpc_list_webhooks_api.go:40.16,43.3 2 1
github.com/Vector/vector-leads-scraper/pkg/grpc/grpc_list_webhooks_api.go:46.2,46.42 1 1
github.com/Vector/vector-leads-scraper/pkg/grpc/grpc_list_webhooks_api.go:46.42,49.3 2 1
github.com/Vector/vector-leads-scraper/pkg/grpc/grpc_list_webhooks_api.go:51.2,57.19 3 1
github.com/Vector/vector-leads-scraper/pkg/grpc/grpc_list_webhooks_api.go:57.19,59.3 1 0
github.com/Vector/vector-leads-scraper/pkg/grpc/grpc_list_webhooks_api.go:62.2,63.20 2 1
github.com/Vector/vector-leads-scraper/pkg/grpc/grpc_list_webhooks_api.go:63.20,65.3 1 0
github.com/Vector/vector-leads-scraper/pkg/grpc/grpc_list_webhooks_api.go:66.2,70.16 3 1
github.com/Vector/vector-leads-scraper/pkg/grpc/grpc_list_webhooks_api.go:70.16,72.38 2 0
github.com/Vector/vector-leads-scraper/pkg/grpc/grpc_list_webhooks_api.go:72.38,74.4 1 0
github.com/Vector/vector-leads-scraper/pkg/grpc/grpc_list_webhooks_api.go:75.3,75.70 1 0
github.com/Vector/vector-leads-scraper/pkg/grpc/grpc_list_webhooks_api.go:78.2,80.8 1 1
github.com/Vector/vector-leads-scraper/pkg/grpc/grpc_list_workflows_api.go:34.124,40.16 3 1
github.com/Vector/vector-leads-scraper/pkg/grpc/grpc_list_workflows_api.go:40.16,43.3 2 1
github.com/Vector/vector-leads-scraper/pkg/grpc/grpc_list_workflows_api.go:46.2,46.42 1 1
github.com/Vector/vector-leads-scraper/pkg/grpc/grpc_list_workflows_api.go:46.42,48.24 1 1
github.com/Vector/vector-leads-scraper/pkg/grpc/grpc_list_workflows_api.go:48.24,50.4 1 1
github.com/Vector/vector-leads-scraper/pkg/grpc/grpc_list_workflows_api.go:50.9,53.4 2 1
github.com/Vector/vector-leads-scraper/pkg/grpc/grpc_list_workflows_api.go:56.2,62.20 3 1
github.com/Vector/vector-leads-scraper/pkg/grpc/grpc_list_workflows_api.go:62.20,64.3 1 1
github.com/Vector/vector-leads-scraper/pkg/grpc/grpc_list_workflows_api.go:67.2,71.16 3 1
github.com/Vector/vector-leads-scraper/pkg/grpc/grpc_list_workflows_api.go:71.16,73.38 2 0
github.com/Vector/vector-leads-scraper/pkg/grpc/grpc_list_workflows_api.go:73.38,75.4 1 0
github.com/Vector/vector-leads-scraper/pkg/grpc/grpc_list_workflows_api.go:76.3,76.71 1 0
github.com/Vector/vector-leads-scraper/pkg/grpc/grpc_list_workflows_api.go:80.2,81.40 2 1
github.com/Vector/vector-leads-scraper/pkg/grpc/grpc_list_workflows_api.go:81.40,83.3 1 0
github.com/Vector/vector-leads-scraper/pkg/grpc/grpc_list_workflows_api.go:85.2,88.8 1 1
github.com/Vector/vector-leads-scraper/pkg/grpc/grpc_list_workspaces_api.go:31.127,37.16 3 1
github.com/Vector/vector-leads-scraper/pkg/grpc/grpc_list_workspaces_api.go:37.16,40.3 2 1
github.com/Vector/vector-leads-scraper/pkg/grpc/grpc_list_workspaces_api.go:43.2,43.42 1 1
github.com/Vector/vector-leads-scraper/pkg/grpc/grpc_list_workspaces_api.go:43.42,46.3 2 1
github.com/Vector/vector-leads-scraper/pkg/grpc/grpc_list_workspaces_api.go:48.2,54.19 3 1
github.com/Vector/vector-leads-scraper/pkg/grpc/grpc_list_workspaces_api.go:54.19,56.3 1 0
github.com/Vector/vector-leads-scraper/pkg/grpc/grpc_list_workspaces_api.go:59.2,60.20 2 1
github.com/Vector/vector-leads-scraper/pkg/grpc/grpc_list_workspaces_api.go:60.20,62.3 1 1
github.com/Vector/vector-leads-scraper/pkg/grpc/grpc_list_workspaces_api.go:63.2,67.16 3 1
github.com/Vector/vector-leads-scraper/pkg/grpc/grpc_list_workspaces_api.go:67.16,69.38 2 0
github.com/Vector/vector-leads-scraper/pkg/grpc/grpc_list_workspaces_api.go:69.38,71.4 1 0
github.com/Vector/vector-leads-scraper/pkg/grpc/grpc_list_workspaces_api.go:72.3,72.72 1 0
github.com/Vector/vector-leads-scraper/pkg/grpc/grpc_list_workspaces_api.go:75.2,78.8 1 1
github.com/Vector/vector-leads-scraper/pkg/grpc/grpc_pause_workflow_api.go:33.124,39.16 3 1
github.com/Vector/vector-leads-scraper/pkg/grpc/grpc_pause_workflow_api.go:39.16,42.3 2 0
github.com/Vector/vector-leads-scraper/pkg/grpc/grpc_pause_workflow_api.go:45.2,45.42 1 1
github.com/Vector/vector-leads-scraper/pkg/grpc/grpc_pause_workflow_api.go:45.42,48.3 2 1
github.com/Vector/vector-leads-scraper/pkg/grpc/grpc_pause_workflow_api.go:50.2,54.16 3 1
github.com/Vector/vector-leads-scraper/pkg/grpc/grpc_pause_workflow_api.go:54.16,57.3 2 1
github.com/Vector/vector-leads-scraper/pkg/grpc/grpc_pause_workflow_api.go:60.2,64.16 3 1
github.com/Vector/vector-leads-scraper/pkg/grpc/grpc_pause_workflow_api.go:64.16,66.38 2 0
github.com/Vector/vector-leads-scraper/pkg/grpc/grpc_pause_workflow_api.go:66.38,68.4 1 0
github.com/Vector/vector-leads-scraper/pkg/grpc/grpc_pause_workflow_api.go:69.3,69.71 1 0
github.com/Vector/vector-leads-scraper/pkg/grpc/grpc_pause_workflow_api.go:72.2,74.8 1 1
github.com/Vector/vector-leads-scraper/pkg/grpc/grpc_rotate_api_key_api.go:42.121,46.16 3 1
github.com/Vector/vector-leads-scraper/pkg/grpc/grpc_rotate_api_key_api.go:46.16,49.3 2 1
github.com/Vector/vector-leads-scraper/pkg/grpc/grpc_rotate_api_key_api.go:51.2,51.42 1 1
github.com/Vector/vector-leads-scraper/pkg/grpc/grpc_rotate_api_key_api.go:51.42,54.3 2 0
github.com/Vector/vector-leads-scraper/pkg/grpc/grpc_rotate_api_key_api.go:56.2,60.16 3 1
github.com/Vector/vector-leads-scraper/pkg/grpc/grpc_rotate_api_key_api.go:60.16,62.34 2 1
github.com/Vector/vector-leads-scraper/pkg/grpc/grpc_rotate_api_key_api.go:62.34,64.4 1 0
github.com/Vector/vector-leads-scraper/pkg/grpc/grpc_rotate_api_key_api.go:65.3,65.68 1 1
github.com/Vector/vector-leads-scraper/pkg/grpc/grpc_rotate_api_key_api.go:69.2,93.16 3 1
github.com/Vector/vector-leads-scraper/pkg/grpc/grpc_rotate_api_key_api.go:93.16,96.3 2 0
github.com/Vector/vector-leads-scraper/pkg/grpc/grpc_rotate_api_key_api.go:98.2,100.8 1 1
github.com/Vector/vector-leads-scraper/pkg/grpc/grpc_scraping_job_api.go:83.136,89.16 3 0
github.com/Vector/vector-leads-scraper/pkg/grpc/grpc_scraping_job_api.go:89.16,92.3 2 0
github.com/Vector/vector-leads-scraper/pkg/grpc/grpc_scraping_job_api.go:101.2,101.42 1 0
github.com/Vector/vector-leads-scraper/pkg/grpc/grpc_scraping_job_api.go:101.42,104.3 2 0
github.com/Vector/vector-leads-scraper/pkg/grpc/grpc_scraping_job_api.go:107.2,108.16 2 0
github.com/Vector/vector-leads-scraper/pkg/grpc/grpc_scraping_job_api.go:108.16,111.3 2 0
github.com/Vector/vector-leads-scraper/pkg/grpc/grpc_scraping_job_api.go:114.2,114.20 1 0
github.com/Vector/vector-leads-scraper/pkg/grpc/grpc_scraping_job_api.go:114.20,117.3 2 0
github.com/Vector/vector-leads-scraper/pkg/grpc/grpc_scraping_job_api.go:120.2,120.23 1 0
github.com/Vector/vector-leads-scraper/pkg/grpc/grpc_scraping_job_api.go:120.23,123.3 2 0
github.com/Vector/vector-leads-scraper/pkg/grpc/grpc_scraping_job_api.go:125.2,133.18 3 0
github.com/Vector/vector-leads-scraper/pkg/grpc/grpc_scraping_job_api.go:134.12,135.44 1 0
github.com/Vector/vector-leads-scraper/pkg/grpc/grpc_scraping_job_api.go:136.12,137.44 1 0
github.com/Vector/vector-leads-scraper/pkg/grpc/grpc_scraping_job_api.go:138.12,139.43 1 0
github.com/Vector/vector-leads-scraper/pkg/grpc/grpc_scraping_job_api.go:140.12,141.43 1 0
github.com/Vector/vector-leads-scraper/pkg/grpc/grpc_scraping_job_api.go:142.12,143.44 1 0
github.com/Vector/vector-leads-scraper/pkg/grpc/grpc_scraping_job_api.go:144.12,145.47 1 0
github.com/Vector/vector-leads-scraper/pkg/grpc/grpc_scraping_job_api.go:146.12,147.42 1 0
github.com/Vector/vector-leads-scraper/pkg/grpc/grpc_scraping_job_api.go:148.12,149.44 1 0
github.com/Vector/vector-leads-scraper/pkg/grpc/grpc_scraping_job_api.go:150.12,151.44 1 0
github.com/Vector/vector-leads-scraper/pkg/grpc/grpc_scraping_job_api.go:152.12,153.45 1 0
github.com/Vector/vector-leads-scraper/pkg/grpc/grpc_scraping_job_api.go:154.12,155.43 1 0
github.com/Vector/vector-leads-scraper/pkg/grpc/grpc_scraping_job_api.go:156.12,157.43 1 0
github.com/Vector/vector-leads-scraper/pkg/grpc/grpc_scraping_job_api.go:158.12,159.42 1 0
github.com/Vector/vector-leads-scraper/pkg/grpc/grpc_scraping_job_api.go:160.12,161.42 1 0
github.com/Vector/vector-leads-scraper/pkg/grpc/grpc_scraping_job_api.go:162.12,163.44 1 0
github.com/Vector/vector-leads-scraper/pkg/grpc/grpc_scraping_job_api.go:164.10,165.48 1 0
github.com/Vector/vector-leads-scraper/pkg/grpc/grpc_scraping_job_api.go:169.2,187.16 3 0
github.com/Vector/vector-leads-scraper/pkg/grpc/grpc_scraping_job_api.go:187.16,189.38 2 0
github.com/Vector/vector-leads-scraper/pkg/grpc/grpc_scraping_job_api.go:189.38,191.4 1 0
github.com/Vector/vector-leads-scraper/pkg/grpc/grpc_scraping_job_api.go:192.3,192.94 1 0
github.com/Vector/vector-leads-scraper/pkg/grpc/grpc_scraping_job_api.go:195.2,198.8 1 0
github.com/Vector/vector-leads-scraper/pkg/grpc/grpc_scraping_job_api.go:222.127,228.16 3 0
github.com/Vector/vector-leads-scraper/pkg/grpc/grpc_scraping_job_api.go:228.16,231.3 2 0
github.com/Vector/vector-leads-scraper/pkg/grpc/grpc_scraping_job_api.go:234.2,234.42 1 0
github.com/Vector/vector-leads-scraper/pkg/grpc/grpc_scraping_job_api.go:234.42,237.3 2 0
github.com/Vector/vector-leads-scraper/pkg/grpc/grpc_scraping_job_api.go:240.2,240.20 1 0
github.com/Vector/vector-leads-scraper/pkg/grpc/grpc_scraping_job_api.go:240.20,243.3 2 0
github.com/Vector/vector-leads-scraper/pkg/grpc/grpc_scraping_job_api.go:246.2,246.20 1 0
github.com/Vector/vector-leads-scraper/pkg/grpc/grpc_scraping_job_api.go:246.20,249.3 2 0
github.com/Vector/vector-leads-scraper/pkg/grpc/grpc_scraping_job_api.go:252.2,252.23 1 0
github.com/Vector/vector-leads-scraper/pkg/grpc/grpc_scraping_job_api.go:252.23,255.3 2 0
github.com/Vector/vector-leads-scraper/pkg/grpc/grpc_scraping_job_api.go:258.2,260.17 1 0
github.com/Vector/vector-leads-scraper/pkg/grpc/grpc_scraping_job_api.go:260.17,263.3 2 0
github.com/Vector/vector-leads-scraper/pkg/grpc/grpc_scraping_job_api.go:266.2,268.17 1 0
github.com/Vector/vector-leads-scraper/pkg/grpc/grpc_scraping_job_api.go:268.17,271.3 2 0
github.com/Vector/vector-leads-scraper/pkg/grpc/grpc_scraping_job_api.go:273.2,281.16 3 0
github.com/Vector/vector-leads-scraper/pkg/grpc/grpc_scraping_job_api.go:281.16,283.41 2 0
github.com/Vector/vector-leads-scraper/pkg/grpc/grpc_scraping_job_api.go:283.41,285.4 1 0
github.com/Vector/vector-leads-scraper/pkg/grpc/grpc_scraping_job_api.go:286.3,286.73 1 0
github.com/Vector/vector-leads-scraper/pkg/grpc/grpc_scraping_job_api.go:289.2,291.8 1 0
github.com/Vector/vector-leads-scraper/pkg/grpc/grpc_scraping_job_api.go:314.133,320.16 3 0
github.com/Vector/vector-leads-scraper/pkg/grpc/grpc_scraping_job_api.go:320.16,323.3 2 0
github.com/Vector/vector-leads-scraper/pkg/grpc/grpc_scraping_job_api.go:326.2,326.42 1 0
github.com/Vector/vector-leads-scraper/pkg/grpc/grpc_scraping_job_api.go:326.42,329.3 2 0
github.com/Vector/vector-leads-scraper/pkg/grpc/grpc_scraping_job_api.go:332.2,332.20 1 0
github.com/Vector/vector-leads-scraper/pkg/grpc/grpc_scraping_job_api.go:332.20,335.3 2 0
github.com/Vector/vector-leads-scraper/pkg/grpc/grpc_scraping_job_api.go:338.2,338.23 1 0
github.com/Vector/vector-leads-scraper/pkg/grpc/grpc_scraping_job_api.go:338.23,341.3 2 0
github.com/Vector/vector-leads-scraper/pkg/grpc/grpc_scraping_job_api.go:343.2,351.17 2 0
github.com/Vector/vector-leads-scraper/pkg/grpc/grpc_scraping_job_api.go:351.17,354.3 2 0
github.com/Vector/vector-leads-scraper/pkg/grpc/grpc_scraping_job_api.go:357.2,359.17 1 0
github.com/Vector/vector-leads-scraper/pkg/grpc/grpc_scraping_job_api.go:359.17,362.3 2 0
github.com/Vector/vector-leads-scraper/pkg/grpc/grpc_scraping_job_api.go:365.2,366.21 2 0
github.com/Vector/vector-leads-scraper/pkg/grpc/grpc_scraping_job_api.go:366.21,368.3 1 0
github.com/Vector/vector-leads-scraper/pkg/grpc/grpc_scraping_job_api.go:370.2,371.19 2 0
github.com/Vector/vector-leads-scraper/pkg/grpc/grpc_scraping_job_api.go:371.19,373.3 1 0
github.com/Vector/vector-leads-scraper/pkg/grpc/grpc_scraping_job_api.go:376.2,385.16 3 0
github.com/Vector/vector-leads-scraper/pkg/grpc/grpc_scraping_job_api.go:385.16,388.3 2 0
github.com/Vector/vector-leads-scraper/pkg/grpc/grpc_scraping_job_api.go:390.2,392.8 1 0
github.com/Vector/vector-leads-scraper/pkg/grpc/grpc_scraping_job_api.go:416.136,422.16 3 0
github.com/Vector/vector-leads-scraper/pkg/grpc/grpc_scraping_job_api.go:422.16,425.3 2 0
github.com/Vector/vector-leads-scraper/pkg/grpc/grpc_scraping_job_api.go:428.2,428.42 1 0
github.com/Vector/vector-leads-scraper/pkg/grpc/grpc_scraping_job_api.go:428.42,431.3 2 0
github.com/Vector/vector-leads-scraper/pkg/grpc/grpc_scraping_job_api.go:434.2,434.20 1 0
github.com/Vector/vector-leads-scraper/pkg/grpc/grpc_scraping_job_api.go:434.20,437.3 2 0
github.com/Vector/vector-leads-scraper/pkg/grpc/grpc_scraping_job_api.go:440.2,440.20 1 0
github.com/Vector/vector-leads-scraper/pkg/grpc/grpc_scraping_job_api.go:440.20,443.3 2 0
github.com/Vector/vector-leads-scraper/pkg/grpc/grpc_scraping_job_api.go:446.2,446.23 1 0
github.com/Vector/vector-leads-scraper/pkg/grpc/grpc_scraping_job_api.go:446.23,449.3 2 0
github.com/Vector/vector-leads-scraper/pkg/grpc/grpc_scraping_job_api.go:451.2,459.16 3 0
github.com/Vector/vector-leads-scraper/pkg/grpc/grpc_scraping_job_api.go:459.16,461.41 2 0
github.com/Vector/vector-leads-scraper/pkg/grpc/grpc_scraping_job_api.go:461.41,463.4 1 0
github.com/Vector/vector-leads-scraper/pkg/grpc/grpc_scraping_job_api.go:464.3,464.76 1 0
github.com/Vector/vector-leads-scraper/pkg/grpc/grpc_scraping_job_api.go:467.2,469.8 1 0
github.com/Vector/vector-leads-scraper/pkg/grpc/grpc_scraping_job_api.go:493.154,499.16 3 0
github.com/Vector/vector-leads-scraper/pkg/grpc/grpc_scraping_job_api.go:499.16,502.3 2 0
github.com/Vector/vector-leads-scraper/pkg/grpc/grpc_scraping_job_api.go:505.2,505.42 1 0
github.com/Vector/vector-leads-scraper/pkg/grpc/grpc_scraping_job_api.go:505.42,508.3 2 0
github.com/Vector/vector-leads-scraper/pkg/grpc/grpc_scraping_job_api.go:511.2,511.20 1 0
github.com/Vector/vector-leads-scraper/pkg/grpc/grpc_scraping_job_api.go:511.20,514.3 2 0
github.com/Vector/vector-leads-scraper/pkg/grpc/grpc_scraping_job_api.go:517.2,517.20 1 0
github.com/Vector/vector-leads-scraper/pkg/grpc/grpc_scraping_job_api.go:517.20,520.3 2 0
github.com/Vector/vector-leads-scraper/pkg/grpc/grpc_scraping_job_api.go:523.2,523.23 1 0
github.com/Vector/vector-leads-scraper/pkg/grpc/grpc_scraping_job_api.go:523.23,526.3 2 0
github.com/Vector/vector-leads-scraper/pkg/grpc/grpc_scraping_job_api.go:528.2,536.16 3 0
github.com/Vector/vector-leads-scraper/pkg/grpc/grpc_scraping_job_api.go:536.16,538.41 2 0
github.com/Vector/vector-leads-scraper/pkg/grpc/grpc_scraping_job_api.go:538.41,540.4 1 0
github.com/Vector/vector-leads-scraper/pkg/grpc/grpc_scraping_job_api.go:541.3,541.73 1 0
github.com/Vector/vector-leads-scraper/pkg/grpc/grpc_scraping_job_api.go:545.2,545.77 1 0
github.com/Vector/vector-leads-scraper/pkg/grpc/grpc_scraping_job_api.go:545.77,548.3 2 0
github.com/Vector/vector-leads-scraper/pkg/grpc/grpc_scraping_job_api.go:556.2,560.8 1 0
github.com/Vector/vector-leads-scraper/pkg/grpc/grpc_tenant_api_key_api.go:15.139,19.16 3 0
github.com/Vector/vector-leads-scraper/pkg/grpc/grpc_tenant_api_key_api.go:19.16,22.3 2 0
github.com/Vector/vector-leads-scraper/pkg/grpc/grpc_tenant_api_key_api.go:24.2,24.42 1 0
github.com/Vector/vector-leads-scraper/pkg/grpc/grpc_tenant_api_key_api.go:24.42,27.3 2 0
github.com/Vector/vector-leads-scraper/pkg/grpc/grpc_tenant_api_key_api.go:30.2,31.16 2 0
github.com/Vector/vector-leads-scraper/pkg/grpc/grpc_tenant_api_key_api.go:31.16,34.3 2 0
github.com/Vector/vector-leads-scraper/pkg/grpc/grpc_tenant_api_key_api.go:36.2,39.16 3 0
github.com/Vector/vector-leads-scraper/pkg/grpc/grpc_tenant_api_key_api.go:39.16,42.3 2 0
github.com/Vector/vector-leads-scraper/pkg/grpc/grpc_tenant_api_key_api.go:44.2,47.8 1 0
github.com/Vector/vector-leads-scraper/pkg/grpc/grpc_tenant_api_key_api.go:51.130,55.16 3 0
github.com/Vector/vector-leads-scraper/pkg/grpc/grpc_tenant_api_key_api.go:55.16,58.3 2 0
github.com/Vector/vector-leads-scraper/pkg/grpc/grpc_tenant_api_key_api.go:60.2,60.42 1 0
github.com/Vector/vector-leads-scraper/pkg/grpc/grpc_tenant_api_key_api.go:60.42,63.3 2 0
github.com/Vector/vector-leads-scraper/pkg/grpc/grpc_tenant_api_key_api.go:65.2,68.16 3 0
github.com/Vector/vector-leads-scraper/pkg/grpc/grpc_tenant_api_key_api.go:68.16,70.34 2 0
github.com/Vector/vector-leads-scraper/pkg/grpc/grpc_tenant_api_key_api.go:70.34,72.4 1 0
github.com/Vector/vector-leads-scraper/pkg/grpc/grpc_tenant_api_key_api.go:73.3,73.75 1 0
github.com/Vector/vector-leads-scraper/pkg/grpc/grpc_tenant_api_key_api.go:76.2,78.8 1 0
github.com/Vector/vector-leads-scraper/pkg/grpc/grpc_tenant_api_key_api.go:82.139,86.16 3 0
github.com/Vector/vector-leads-scraper/pkg/grpc/grpc_tenant_api_key_api.go:86.16,89.3 2 0
github.com/Vector/vector-leads-scraper/pkg/grpc/grpc_tenant_api_key_api.go:91.2,91.42 1 0
github.com/Vector/vector-leads-scraper/pkg/grpc/grpc_tenant_api_key_api.go:91.42,94.3 2 0
github.com/Vector/vector-leads-scraper/pkg/grpc/grpc_tenant_api_key_api.go:97.2,98.16 2 0
github.com/Vector/vector-leads-scraper/pkg/grpc/grpc_tenant_api_key_api.go:98.16,101.3 2 0
github.com/Vector/vector-leads-scraper/pkg/grpc/grpc_tenant_api_key_api.go:103.2,106.16 3 0
github.com/Vector/vector-leads-scraper/pkg/grpc/grpc_tenant_api_key_api.go:106.16,108.34 2 0
github.com/Vector/vector-leads-scraper/pkg/grpc/grpc_tenant_api_key_api.go:108.34,110.4 1 0
github.com/Vector/vector-leads-scraper/pkg/grpc/grpc_tenant_api_key_api.go:111.3,111.78 1 0
github.com/Vector/vector-leads-scraper/pkg/grpc/grpc_tenant_api_key_api.go:114.2,116.8 1 0
github.com/Vector/vector-leads-scraper/pkg/grpc/grpc_tenant_api_key_api.go:120.139,124.16 3 0
github.com/Vector/vector-leads-scraper/pkg/grpc/grpc_tenant_api_key_api.go:124.16,127.3 2 0
github.com/Vector/vector-leads-scraper/pkg/grpc/grpc_tenant_api_key_api.go:129.2,129.42 1 0
github.com/Vector/vector-leads-scraper/pkg/grpc/grpc_tenant_api_key_api.go:129.42,132.3 2 0
github.com/Vector/vector-leads-scraper/pkg/grpc/grpc_tenant_api_key_api.go:134.2,137.16 3 0
github.com/Vector/vector-leads-scraper/pkg/grpc/grpc_tenant_api_key_api.go:137.16,139.34 2 0
github.com/Vector/vector-leads-scraper/pkg/grpc/grpc_tenant_api_key_api.go:139.34,141.4 1 0
github.com/Vector/vector-leads-scraper/pkg/grpc/grpc_tenant_api_key_api.go:142.3,142.78 1 0
github.com/Vector/vector-leads-scraper/pkg/grpc/grpc_tenant_api_key_api.go:145.2,145.49 1 0
github.com/Vector/vector-leads-scraper/pkg/grpc/grpc_tenant_api_key_api.go:149.136,153.16 3 0
github.com/Vector/vector-leads-scraper/pkg/grpc/grpc_tenant_api_key_api.go:153.16,156.3 2 0
github.com/Vector/vector-leads-scraper/pkg/grpc/grpc_tenant_api_key_api.go:158.2,158.42 1 0
github.com/Vector/vector-leads-scraper/pkg/grpc/grpc_tenant_api_key_api.go:158.42,161.3 2 0
github.com/Vector/vector-leads-scraper/pkg/grpc/grpc_tenant_api_key_api.go:163.2,166.19 3 0
github.com/Vector/vector-leads-scraper/pkg/grpc/grpc_tenant_api_key_api.go:166.19,168.3 1 0
github.com/Vector/vector-leads-scraper/pkg/grpc/grpc_tenant_api_key_api.go:170.2,171.20 2 0
github.com/Vector/vector-leads-scraper/pkg/grpc/grpc_tenant_api_key_api.go:171.20,173.3 1 0
github.com/Vector/vector-leads-scraper/pkg/grpc/grpc_tenant_api_key_api.go:174.2,177.16 3 0
github.com/Vector/vector-leads-scraper/pkg/grpc/grpc_tenant_api_key_api.go:177.16,180.3 2 0
github.com/Vector/vector-leads-scraper/pkg/grpc/grpc_tenant_api_key_api.go:182.2,183.30 2 0
github.com/Vector/vector-leads-scraper/pkg/grpc/grpc_tenant_api_key_api.go:183.30,185.3 1 0
github.com/Vector/vector-leads-scraper/pkg/grpc/grpc_tenant_api_key_api.go:187.2,190.8 1 0
github.com/Vector/vector-leads-scraper/pkg/grpc/grpc_trigger_workflow_api.go:33.130,39.16 3 1
github.com/Vector/vector-leads-scraper/pkg/grpc/grpc_trigger_workflow_api.go:39.16,42.3 2 1
github.com/Vector/vector-leads-scraper/pkg/grpc/grpc_trigger_workflow_api.go:45.2,45.42 1 1
github.com/Vector/vector-leads-scraper/pkg/grpc/grpc_trigger_workflow_api.go:45.42,48.3 2 1
github.com/Vector/vector-leads-scraper/pkg/grpc/grpc_trigger_workflow_api.go:50.2,54.16 3 1
github.com/Vector/vector-leads-scraper/pkg/grpc/grpc_trigger_workflow_api.go:54.16,56.56 2 1
github.com/Vector/vector-leads-scraper/pkg/grpc/grpc_trigger_workflow_api.go:56.56,58.4 1 1
github.com/Vector/vector-leads-scraper/pkg/grpc/grpc_trigger_workflow_api.go:59.3,59.69 1 0
github.com/Vector/vector-leads-scraper/pkg/grpc/grpc_trigger_workflow_api.go:63.2,79.8 2 1
github.com/Vector/vector-leads-scraper/pkg/grpc/grpc_update_account_api.go:36.124,42.16 3 1
github.com/Vector/vector-leads-scraper/pkg/grpc/grpc_update_account_api.go:42.16,45.3 2 0
github.com/Vector/vector-leads-scraper/pkg/grpc/grpc_update_account_api.go:48.2,48.42 1 1
github.com/Vector/vector-leads-scraper/pkg/grpc/grpc_update_account_api.go:48.42,51.3 2 0
github.com/Vector/vector-leads-scraper/pkg/grpc/grpc_update_account_api.go:54.2,55.20 2 1
github.com/Vector/vector-leads-scraper/pkg/grpc/grpc_update_account_api.go:55.20,57.3 1 0
github.com/Vector/vector-leads-scraper/pkg/grpc/grpc_update_account_api.go:59.2,60.20 2 1
github.com/Vector/vector-leads-scraper/pkg/grpc/grpc_update_account_api.go:60.20,62.3 1 0
github.com/Vector/vector-leads-scraper/pkg/grpc/grpc_update_account_api.go:64.2,65.16 2 1
github.com/Vector/vector-leads-scraper/pkg/grpc/grpc_update_account_api.go:65.16,67.3 1 0
github.com/Vector/vector-leads-scraper/pkg/grpc/grpc_update_account_api.go:69.2,75.16 4 1
github.com/Vector/vector-leads-scraper/pkg/grpc/grpc_update_account_api.go:75.16,77.45 2 0
github.com/Vector/vector-leads-scraper/pkg/grpc/grpc_update_account_api.go:77.45,79.4 1 0
github.com/Vector/vector-leads-scraper/pkg/grpc/grpc_update_account_api.go:80.3,80.71 1 0
github.com/Vector/vector-leads-scraper/pkg/grpc/grpc_update_account_api.go:83.2,85.8 1 1
github.com/Vector/vector-leads-scraper/pkg/grpc/grpc_update_api_key_api.go:35.121,39.16 3 1
github.com/Vector/vector-leads-scraper/pkg/grpc/grpc_update_api_key_api.go:39.16,42.3 2 1
github.com/Vector/vector-leads-scraper/pkg/grpc/grpc_update_api_key_api.go:44.2,44.42 1 1
github.com/Vector/vector-leads-scraper/pkg/grpc/grpc_update_api_key_api.go:44.42,47.3 2 1
github.com/Vector/vector-leads-scraper/pkg/grpc/grpc_update_api_key_api.go:49.2,50.19 2 1
github.com/Vector/vector-leads-scraper/pkg/grpc/grpc_update_api_key_api.go:50.19,53.3 2 0
github.com/Vector/vector-leads-scraper/pkg/grpc/grpc_update_api_key_api.go:55.2,58.16 3 1
github.com/Vector/vector-leads-scraper/pkg/grpc/grpc_update_api_key_api.go:58.16,60.34 2 1
github.com/Vector/vector-leads-scraper/pkg/grpc/grpc_update_api_key_api.go:60.34,62.4 1 0
github.com/Vector/vector-leads-scraper/pkg/grpc/grpc_update_api_key_api.go:63.3,63.71 1 1
github.com/Vector/vector-leads-scraper/pkg/grpc/grpc_update_api_key_api.go:66.2,68.8 1 1
github.com/Vector/vector-leads-scraper/pkg/grpc/grpc_update_organization_api.go:37.139,48.16 4 1
github.com/Vector/vector-leads-scraper/pkg/grpc/grpc_update_organization_api.go:48.16,52.3 2 1
github.com/Vector/vector-leads-scraper/pkg/grpc/grpc_update_organization_api.go:55.2,55.41 1 1
github.com/Vector/vector-leads-scraper/pkg/grpc/grpc_update_organization_api.go:55.41,59.3 2 1
github.com/Vector/vector-leads-scraper/pkg/grpc/grpc_update_organization_api.go:61.2,61.34 1 1
github.com/Vector/vector-leads-scraper/pkg/grpc/grpc_update_organization_api.go:61.34,63.3 1 0
github.com/Vector/vector-leads-scraper/pkg/grpc/grpc_update_organization_api.go:65.2,73.16 3 1
github.com/Vector/vector-leads-scraper/pkg/grpc/grpc_update_organization_api.go:73.16,76.3 2 0
github.com/Vector/vector-leads-scraper/pkg/grpc/grpc_update_organization_api.go:78.2,80.8 1 1
github.com/Vector/vector-leads-scraper/pkg/grpc/grpc_update_tenant_api.go:38.121,49.16 4 1
github.com/Vector/vector-leads-scraper/pkg/grpc/grpc_update_tenant_api.go:49.16,53.3 2 1
github.com/Vector/vector-leads-scraper/pkg/grpc/grpc_update_tenant_api.go:56.2,56.41 1 1
github.com/Vector/vector-leads-scraper/pkg/grpc/grpc_update_tenant_api.go:56.41,60.3 2 1
github.com/Vector/vector-leads-scraper/pkg/grpc/grpc_update_tenant_api.go:62.2,62.28 1 1
github.com/Vector/vector-leads-scraper/pkg/grpc/grpc_update_tenant_api.go:62.28,64.3 1 0
github.com/Vector/vector-leads-scraper/pkg/grpc/grpc_update_tenant_api.go:66.2,73.16 3 1
github.com/Vector/vector-leads-scraper/pkg/grpc/grpc_update_tenant_api.go:73.16,75.44 2 0
github.com/Vector/vector-leads-scraper/pkg/grpc/grpc_update_tenant_api.go:75.44,77.4 1 0
github.com/Vector/vector-leads-scraper/pkg/grpc/grpc_update_tenant_api.go:78.3,78.70 1 0
github.com/Vector/vector-leads-scraper/pkg/grpc/grpc_update_tenant_api.go:81.2,83.8 1 1
github.com/Vector/vector-leads-scraper/pkg/grpc/grpc_update_webhook_api.go:47.124,53.16 3 1
github.com/Vector/vector-leads-scraper/pkg/grpc/grpc_update_webhook_api.go:53.16,56.3 2 1
github.com/Vector/vector-leads-scraper/pkg/grpc/grpc_update_webhook_api.go:59.2,59.42 1 1
github.com/Vector/vector-leads-scraper/pkg/grpc/grpc_update_webhook_api.go:59.42,62.3 2 0
github.com/Vector/vector-leads-scraper/pkg/grpc/grpc_update_webhook_api.go:65.2,66.20 2 1
github.com/Vector/vector-leads-scraper/pkg/grpc/grpc_update_webhook_api.go:66.20,69.3 2 0
github.com/Vector/vector-leads-scraper/pkg/grpc/grpc_update_webhook_api.go:71.2,77.16 3 1
github.com/Vector/vector-leads-scraper/pkg/grpc/grpc_update_webhook_api.go:77.16,79.38 2 1
github.com/Vector/vector-leads-scraper/pkg/grpc/grpc_update_webhook_api.go:79.38,81.4 1 0
github.com/Vector/vector-leads-scraper/pkg/grpc/grpc_update_webhook_api.go:82.3,82.71 1 1
github.com/Vector/vector-leads-scraper/pkg/grpc/grpc_update_webhook_api.go:85.2,87.8 1 1
github.com/Vector/vector-leads-scraper/pkg/grpc/grpc_update_workflow_api.go:38.127,44.16 3 1
github.com/Vector/vector-leads-scraper/pkg/grpc/grpc_update_workflow_api.go:44.16,47.3 2 1
github.com/Vector/vector-leads-scraper/pkg/grpc/grpc_update_workflow_api.go:50.2,51.21 2 1
github.com/Vector/vector-leads-scraper/pkg/grpc/grpc_update_workflow_api.go:51.21,54.3 2 1
github.com/Vector/vector-leads-scraper/pkg/grpc/grpc_update_workflow_api.go:57.2,58.16 2 1
github.com/Vector/vector-leads-scraper/pkg/grpc/grpc_update_workflow_api.go:58.16,60.56 2 1
github.com/Vector/vector-leads-scraper/pkg/grpc/grpc_update_workflow_api.go:60.56,62.4 1 1
github.com/Vector/vector-leads-scraper/pkg/grpc/grpc_update_workflow_api.go:63.3,63.69 1 0
github.com/Vector/vector-leads-scraper/pkg/grpc/grpc_update_workflow_api.go:67.2,67.42 1 1
github.com/Vector/vector-leads-scraper/pkg/grpc/grpc_update_workflow_api.go:67.42,70.3 2 1
github.com/Vector/vector-leads-scraper/pkg/grpc/grpc_update_workflow_api.go:73.2,73.86 1 1
github.com/Vector/vector-leads-scraper/pkg/grpc/grpc_update_workflow_api.go:73.86,76.3 2 0
github.com/Vector/vector-leads-scraper/pkg/grpc/grpc_update_workflow_api.go:78.2,84.16 3 1
github.com/Vector/vector-leads-scraper/pkg/grpc/grpc_update_workflow_api.go:84.16,86.38 2 0
github.com/Vector/vector-leads-scraper/pkg/grpc/grpc_update_workflow_api.go:86.38,88.4 1 0
github.com/Vector/vector-leads-scraper/pkg/grpc/grpc_update_workflow_api.go:89.3,89.72 1 0
github.com/Vector/vector-leads-scraper/pkg/grpc/grpc_update_workflow_api.go:92.2,94.8 1 1
github.com/Vector/vector-leads-scraper/pkg/grpc/grpc_update_workspace_api.go:33.130,39.16 3 1
github.com/Vector/vector-leads-scraper/pkg/grpc/grpc_update_workspace_api.go:39.16,42.3 2 1
github.com/Vector/vector-leads-scraper/pkg/grpc/grpc_update_workspace_api.go:45.2,45.42 1 1
github.com/Vector/vector-leads-scraper/pkg/grpc/grpc_update_workspace_api.go:45.42,48.3 2 1
github.com/Vector/vector-leads-scraper/pkg/grpc/grpc_update_workspace_api.go:51.2,52.22 2 1
github.com/Vector/vector-leads-scraper/pkg/grpc/grpc_update_workspace_api.go:52.22,55.3 2 0
github.com/Vector/vector-leads-scraper/pkg/grpc/grpc_update_workspace_api.go:57.2,63.16 3 1
github.com/Vector/vector-leads-scraper/pkg/grpc/grpc_update_workspace_api.go:63.16,65.38 2 1
github.com/Vector/vector-leads-scraper/pkg/grpc/grpc_update_workspace_api.go:65.38,67.4 1 0
github.com/Vector/vector-leads-scraper/pkg/grpc/grpc_update_workspace_api.go:68.3,68.117 1 1
github.com/Vector/vector-leads-scraper/pkg/grpc/grpc_update_workspace_api.go:68.117,70.4 1 1
github.com/Vector/vector-leads-scraper/pkg/grpc/grpc_update_workspace_api.go:71.3,71.73 1 0
github.com/Vector/vector-leads-scraper/pkg/grpc/grpc_update_workspace_api.go:74.2,76.8 1 1
github.com/Vector/vector-leads-scraper/pkg/grpc/server.go:112.60,114.2 1 0
github.com/Vector/vector-leads-scraper/pkg/grpc/server.go:124.157,132.27 2 0
github.com/Vector/vector-leads-scraper/pkg/grpc/server.go:132.27,134.3 1 0
github.com/Vector/vector-leads-scraper/pkg/grpc/server.go:136.2,136.17 1 0
github.com/Vector/vector-leads-scraper/pkg/grpc/server.go:150.48,152.16 2 0
github.com/Vector/vector-leads-scraper/pkg/grpc/server.go:152.16,154.3 1 0
github.com/Vector/vector-leads-scraper/pkg/grpc/server.go:156.2,163.12 6 0
github.com/Vector/vector-leads-scraper/pkg/grpc/server.go:163.12,164.45 1 0
github.com/Vector/vector-leads-scraper/pkg/grpc/server.go:164.45,166.4 1 0
github.com/Vector/vector-leads-scraper/pkg/grpc/server.go:169.2,169.12 1 0
github.com/Vector/vector-leads-scraper/pkg/grpc/server.go:180.81,183.53 2 1
github.com/Vector/vector-leads-scraper/pkg/grpc/server.go:183.53,185.71 1 1
github.com/Vector/vector-leads-scraper/pkg/grpc/server.go:185.71,189.4 2 1
github.com/Vector/vector-leads-scraper/pkg/grpc/server.go:193.2,193.14 1 1
github.com/Vector/vector-leads-scraper/pkg/grpc/server.go:193.14,194.41 1 1
github.com/Vector/vector-leads-scraper/pkg/grpc/server.go:194.41,196.4 1 1
github.com/Vector/vector-leads-scraper/pkg/grpc/server.go:200.2,201.53 2 1
github.com/Vector/vector-leads-scraper/pkg/grpc/server.go:201.53,203.66 1 1
github.com/Vector/vector-leads-scraper/pkg/grpc/server.go:203.66,205.4 1 1
github.com/Vector/vector-leads-scraper/pkg/grpc/server.go:205.9,205.61 1 1
github.com/Vector/vector-leads-scraper/pkg/grpc/server.go:205.61,207.4 1 1
github.com/Vector/vector-leads-scraper/pkg/grpc/server.go:211.2,212.53 2 1
github.com/Vector/vector-leads-scraper/pkg/grpc/server.go:212.53,213.58 1 1
github.com/Vector/vector-leads-scraper/pkg/grpc/server.go:213.58,215.4 1 1
github.com/Vector/vector-leads-scraper/pkg/grpc/server.go:219.2,224.27 2 1
github.com/Vector/vector-leads-scraper/pkg/grpc/server_mock.go:68.34,98.16 5 1
github.com/Vector/vector-leads-scraper/pkg/grpc/server_mock.go:98.16,100.3 1 0
github.com/Vector/vector-leads-scraper/pkg/grpc/server_mock.go:102.2,108.3 1 1
github.com/Vector/vector-leads-scraper/pkg/grpc/server_mock.go:117.93,120.16 2 1
github.com/Vector/vector-leads-scraper/pkg/grpc/server_mock.go:120.16,122.3 1 0
github.com/Vector/vector-leads-scraper/pkg/grpc/server_mock.go:125.2,126.16 2 1
github.com/Vector/vector-leads-scraper/pkg/grpc/server_mock.go:126.16,128.3 1 0
github.com/Vector/vector-leads-scraper/pkg/grpc/server_mock.go:130.2,138.16 3 1
github.com/Vector/vector-leads-scraper/pkg/grpc/server_mock.go:138.16,140.3 1 0
github.com/Vector/vector-leads-scraper/pkg/grpc/server_mock.go:143.2,171.16 11 1
github.com/Vector/vector-leads-scraper/pkg/grpc/server_mock.go:171.16,173.3 1 0
github.com/Vector/vector-leads-scraper/pkg/grpc/server_mock.go:175.2,176.16 2 1
github.com/Vector/vector-leads-scraper/pkg/grpc/server_mock.go:176.16,178.3 1 0
github.com/Vector/vector-leads-scraper/pkg/grpc/server_mock.go:181.2,182.16 2 1
github.com/Vector/vector-leads-scraper/pkg/grpc/server_mock.go:182.16,184.3 1 0
github.com/Vector/vector-leads-scraper/pkg/grpc/server_mock.go:187.2,201.16 4 1
github.com/Vector/vector-leads-scraper/pkg/grpc/server_mock.go:201.16,203.3 1 0
github.com/Vector/vector-leads-scraper/pkg/grpc/server_mock.go:205.2,209.8 1 1
github.com/Vector/vector-leads-scraper/pkg/grpc/server_mock.go:225.37,226.31 1 1
github.com/Vector/vector-leads-scraper/pkg/grpc/server_mock.go:226.31,232.13 4 1
github.com/Vector/vector-leads-scraper/pkg/grpc/server_mock.go:232.13,233.49 1 1
github.com/Vector/vector-leads-scraper/pkg/grpc/server_mock.go:233.49,235.5 1 0
github.com/Vector/vector-leads-scraper/pkg/grpc/server_mock.go:238.3,238.58 1 1
github.com/Vector/vector-leads-scraper/pkg/grpc/server_mock.go:238.58,240.4 1 1
github.com/Vector/vector-leads-scraper/pkg/grpc/server_mock.go:256.60,260.16 2 1
github.com/Vector/vector-leads-scraper/pkg/grpc/server_mock.go:260.16,262.3 1 0
github.com/Vector/vector-leads-scraper/pkg/grpc/server_mock.go:263.2,263.13 1 1
github.com/Vector/vector-leads-scraper/pkg/grpc/server_mock.go:275.78,280.2 4 1
github.com/Vector/vector-leads-scraper/pkg/grpc/server_mock.go:290.67,340.19 21 1
github.com/Vector/vector-leads-scraper/pkg/grpc/server_mock.go:340.19,353.72 3 1
github.com/Vector/vector-leads-scraper/pkg/grpc/server_mock.go:353.72,354.48 1 1
github.com/Vector/vector-leads-scraper/pkg/grpc/server_mock.go:354.48,362.20 2 1
github.com/Vector/vector-leads-scraper/pkg/grpc/server_mock.go:362.20,364.7 1 0
github.com/Vector/vector-leads-scraper/pkg/grpc/server_mock.go:369.4,377.75 2 1
github.com/Vector/vector-leads-scraper/pkg/grpc/server_mock.go:377.75,378.51 1 1
github.com/Vector/vector-leads-scraper/pkg/grpc/server_mock.go:378.51,386.20 2 1
github.com/Vector/vector-leads-scraper/pkg/grpc/server_mock.go:386.20,388.7 1 0
github.com/Vector/vector-leads-scraper/pkg/grpc/server_mock.go:393.4,396.18 2 1
github.com/Vector/vector-leads-scraper/pkg/grpc/server_mock.go:396.18,398.5 1 0
github.com/Vector/vector-leads-scraper/pkg/grpc/server_mock.go:401.4,406.18 2 1
github.com/Vector/vector-leads-scraper/pkg/grpc/server_mock.go:406.18,408.5 1 0
github.com/Vector/vector-leads-scraper/pkg/grpc/server_mock.go:411.4,415.18 2 1
github.com/Vector/vector-leads-scraper/pkg/grpc/server_mock.go:415.18,417.5 1 0
github.com/Vector/vector-leads-scraper/pkg/grpc/server_mock.go:420.4,423.18 2 1
github.com/Vector/vector-leads-scraper/pkg/grpc/server_mock.go:423.18,425.5 1 0
github.com/Vector/vector-leads-scraper/pkg/grpc/server_option.go:12.50,13.25 1 1
github.com/Vector/vector-leads-scraper/pkg/grpc/server_option.go:13.25,15.3 1 1
github.com/Vector/vector-leads-scraper/pkg/grpc/util.go:12.106,21.20 5 1
github.com/Vector/vector-leads-scraper/pkg/grpc/util.go:21.20,24.3 2 1
github.com/Vector/vector-leads-scraper/pkg/grpc/util.go:25.2,25.29 1 1
