mode: set
github.com/Vector/vector-leads-scraper/pkg/grpc/grpc_create_account_api.go:35.124,41.16 3 1
github.com/Vector/vector-leads-scraper/pkg/grpc/grpc_create_account_api.go:41.16,44.3 2 1
github.com/Vector/vector-leads-scraper/pkg/grpc/grpc_create_account_api.go:47.2,47.42 1 1
github.com/Vector/vector-leads-scraper/pkg/grpc/grpc_create_account_api.go:47.42,50.3 2 1
github.com/Vector/vector-leads-scraper/pkg/grpc/grpc_create_account_api.go:53.2,54.20 2 1
github.com/Vector/vector-leads-scraper/pkg/grpc/grpc_create_account_api.go:54.20,57.3 2 0
github.com/Vector/vector-leads-scraper/pkg/grpc/grpc_create_account_api.go:59.2,67.16 3 1
github.com/Vector/vector-leads-scraper/pkg/grpc/grpc_create_account_api.go:67.16,69.46 2 0
github.com/Vector/vector-leads-scraper/pkg/grpc/grpc_create_account_api.go:69.46,71.4 1 0
github.com/Vector/vector-leads-scraper/pkg/grpc/grpc_create_account_api.go:72.3,72.89 1 0
github.com/Vector/vector-leads-scraper/pkg/grpc/grpc_create_account_api.go:76.2,76.41 1 1
github.com/Vector/vector-leads-scraper/pkg/grpc/grpc_create_account_api.go:76.41,93.17 3 1
github.com/Vector/vector-leads-scraper/pkg/grpc/grpc_create_account_api.go:93.17,99.19 2 0
github.com/Vector/vector-leads-scraper/pkg/grpc/grpc_create_account_api.go:99.19,101.5 1 0
github.com/Vector/vector-leads-scraper/pkg/grpc/grpc_create_account_api.go:102.4,102.100 1 0
github.com/Vector/vector-leads-scraper/pkg/grpc/grpc_create_account_api.go:106.3,106.65 1 1
github.com/Vector/vector-leads-scraper/pkg/grpc/grpc_create_account_api.go:109.2,111.8 1 1
github.com/Vector/vector-leads-scraper/pkg/grpc/grpc_create_api_key_api.go:33.121,37.16 3 1
github.com/Vector/vector-leads-scraper/pkg/grpc/grpc_create_api_key_api.go:37.16,40.3 2 1
github.com/Vector/vector-leads-scraper/pkg/grpc/grpc_create_api_key_api.go:42.2,42.42 1 1
github.com/Vector/vector-leads-scraper/pkg/grpc/grpc_create_api_key_api.go:42.42,45.3 2 1
github.com/Vector/vector-leads-scraper/pkg/grpc/grpc_create_api_key_api.go:50.2,50.72 1 1
github.com/Vector/vector-leads-scraper/pkg/grpc/grpc_create_api_key_api.go:50.72,53.3 2 0
github.com/Vector/vector-leads-scraper/pkg/grpc/grpc_create_api_key_api.go:55.2,80.16 4 1
github.com/Vector/vector-leads-scraper/pkg/grpc/grpc_create_api_key_api.go:80.16,83.3 2 0
github.com/Vector/vector-leads-scraper/pkg/grpc/grpc_create_api_key_api.go:85.2,87.8 1 1
github.com/Vector/vector-leads-scraper/pkg/grpc/grpc_create_organization_api.go:36.139,42.16 3 1
github.com/Vector/vector-leads-scraper/pkg/grpc/grpc_create_organization_api.go:42.16,45.3 2 1
github.com/Vector/vector-leads-scraper/pkg/grpc/grpc_create_organization_api.go:48.2,48.42 1 1
github.com/Vector/vector-leads-scraper/pkg/grpc/grpc_create_organization_api.go:48.42,51.3 2 1
github.com/Vector/vector-leads-scraper/pkg/grpc/grpc_create_organization_api.go:54.2,67.16 7 1
github.com/Vector/vector-leads-scraper/pkg/grpc/grpc_create_organization_api.go:67.16,71.3 2 0
github.com/Vector/vector-leads-scraper/pkg/grpc/grpc_create_organization_api.go:73.2,75.8 1 1
github.com/Vector/vector-leads-scraper/pkg/grpc/grpc_create_tenant_api.go:82.121,93.16 4 1
github.com/Vector/vector-leads-scraper/pkg/grpc/grpc_create_tenant_api.go:93.16,97.3 2 1
github.com/Vector/vector-leads-scraper/pkg/grpc/grpc_create_tenant_api.go:100.2,100.41 1 1
github.com/Vector/vector-leads-scraper/pkg/grpc/grpc_create_tenant_api.go:100.41,104.3 2 1
github.com/Vector/vector-leads-scraper/pkg/grpc/grpc_create_tenant_api.go:106.2,110.19 3 1
github.com/Vector/vector-leads-scraper/pkg/grpc/grpc_create_tenant_api.go:110.19,112.3 1 0
github.com/Vector/vector-leads-scraper/pkg/grpc/grpc_create_tenant_api.go:121.2,125.16 2 1
github.com/Vector/vector-leads-scraper/pkg/grpc/grpc_create_tenant_api.go:125.16,128.3 2 0
github.com/Vector/vector-leads-scraper/pkg/grpc/grpc_create_tenant_api.go:136.2,138.8 1 1
github.com/Vector/vector-leads-scraper/pkg/grpc/grpc_create_webhook_api.go:83.124,89.16 3 1
github.com/Vector/vector-leads-scraper/pkg/grpc/grpc_create_webhook_api.go:89.16,92.3 2 1
github.com/Vector/vector-leads-scraper/pkg/grpc/grpc_create_webhook_api.go:101.2,101.42 1 1
github.com/Vector/vector-leads-scraper/pkg/grpc/grpc_create_webhook_api.go:101.42,104.3 2 1
github.com/Vector/vector-leads-scraper/pkg/grpc/grpc_create_webhook_api.go:107.2,108.20 2 1
github.com/Vector/vector-leads-scraper/pkg/grpc/grpc_create_webhook_api.go:108.20,111.3 2 0
github.com/Vector/vector-leads-scraper/pkg/grpc/grpc_create_webhook_api.go:119.2,129.16 3 1
github.com/Vector/vector-leads-scraper/pkg/grpc/grpc_create_webhook_api.go:129.16,131.34 2 0
github.com/Vector/vector-leads-scraper/pkg/grpc/grpc_create_webhook_api.go:131.34,133.4 1 0
github.com/Vector/vector-leads-scraper/pkg/grpc/grpc_create_webhook_api.go:134.3,134.89 1 0
github.com/Vector/vector-leads-scraper/pkg/grpc/grpc_create_webhook_api.go:149.2,151.8 1 1
github.com/Vector/vector-leads-scraper/pkg/grpc/grpc_create_workflow_api.go:82.127,88.16 3 1
github.com/Vector/vector-leads-scraper/pkg/grpc/grpc_create_workflow_api.go:88.16,91.3 2 1
github.com/Vector/vector-leads-scraper/pkg/grpc/grpc_create_workflow_api.go:100.2,100.42 1 1
github.com/Vector/vector-leads-scraper/pkg/grpc/grpc_create_workflow_api.go:100.42,103.3 2 1
github.com/Vector/vector-leads-scraper/pkg/grpc/grpc_create_workflow_api.go:106.2,107.21 2 1
github.com/Vector/vector-leads-scraper/pkg/grpc/grpc_create_workflow_api.go:107.21,110.3 2 0
github.com/Vector/vector-leads-scraper/pkg/grpc/grpc_create_workflow_api.go:119.2,119.86 1 1
github.com/Vector/vector-leads-scraper/pkg/grpc/grpc_create_workflow_api.go:119.86,122.3 2 0
github.com/Vector/vector-leads-scraper/pkg/grpc/grpc_create_workflow_api.go:124.2,134.16 3 1
github.com/Vector/vector-leads-scraper/pkg/grpc/grpc_create_workflow_api.go:134.16,136.38 2 1
github.com/Vector/vector-leads-scraper/pkg/grpc/grpc_create_workflow_api.go:136.38,138.4 1 0
github.com/Vector/vector-leads-scraper/pkg/grpc/grpc_create_workflow_api.go:139.3,139.56 1 1
github.com/Vector/vector-leads-scraper/pkg/grpc/grpc_create_workflow_api.go:139.56,141.4 1 1
github.com/Vector/vector-leads-scraper/pkg/grpc/grpc_create_workflow_api.go:142.3,142.90 1 0
github.com/Vector/vector-leads-scraper/pkg/grpc/grpc_create_workflow_api.go:159.2,161.8 1 1
github.com/Vector/vector-leads-scraper/pkg/grpc/grpc_create_workflow_api.go:165.46,168.2 2 1
github.com/Vector/vector-leads-scraper/pkg/grpc/grpc_create_workspace_api.go:36.130,42.16 3 1
github.com/Vector/vector-leads-scraper/pkg/grpc/grpc_create_workspace_api.go:42.16,45.3 2 1
github.com/Vector/vector-leads-scraper/pkg/grpc/grpc_create_workspace_api.go:48.2,48.42 1 1
github.com/Vector/vector-leads-scraper/pkg/grpc/grpc_create_workspace_api.go:48.42,51.3 2 1
github.com/Vector/vector-leads-scraper/pkg/grpc/grpc_create_workspace_api.go:54.2,55.22 2 1
github.com/Vector/vector-leads-scraper/pkg/grpc/grpc_create_workspace_api.go:55.22,58.3 2 0
github.com/Vector/vector-leads-scraper/pkg/grpc/grpc_create_workspace_api.go:60.2,73.16 3 1
github.com/Vector/vector-leads-scraper/pkg/grpc/grpc_create_workspace_api.go:73.16,75.38 2 0
github.com/Vector/vector-leads-scraper/pkg/grpc/grpc_create_workspace_api.go:75.38,77.4 1 0
github.com/Vector/vector-leads-scraper/pkg/grpc/grpc_create_workspace_api.go:78.3,78.91 1 0
github.com/Vector/vector-leads-scraper/pkg/grpc/grpc_create_workspace_api.go:81.2,83.8 1 1
github.com/Vector/vector-leads-scraper/pkg/grpc/grpc_delete_account_api.go:32.124,38.16 3 1
github.com/Vector/vector-leads-scraper/pkg/grpc/grpc_delete_account_api.go:38.16,41.3 2 0
github.com/Vector/vector-leads-scraper/pkg/grpc/grpc_delete_account_api.go:44.2,44.42 1 1
github.com/Vector/vector-leads-scraper/pkg/grpc/grpc_delete_account_api.go:44.42,47.3 2 1
github.com/Vector/vector-leads-scraper/pkg/grpc/grpc_delete_account_api.go:50.2,50.22 1 1
github.com/Vector/vector-leads-scraper/pkg/grpc/grpc_delete_account_api.go:50.22,52.3 1 0
github.com/Vector/vector-leads-scraper/pkg/grpc/grpc_delete_account_api.go:54.2,60.17 2 1
github.com/Vector/vector-leads-scraper/pkg/grpc/grpc_delete_account_api.go:60.17,62.45 2 0
github.com/Vector/vector-leads-scraper/pkg/grpc/grpc_delete_account_api.go:62.45,64.4 1 0
github.com/Vector/vector-leads-scraper/pkg/grpc/grpc_delete_account_api.go:65.3,65.71 1 0
github.com/Vector/vector-leads-scraper/pkg/grpc/grpc_delete_account_api.go:68.2,70.8 1 1
github.com/Vector/vector-leads-scraper/pkg/grpc/grpc_delete_api_key_api.go:32.121,36.16 3 1
github.com/Vector/vector-leads-scraper/pkg/grpc/grpc_delete_api_key_api.go:36.16,39.3 2 1
github.com/Vector/vector-leads-scraper/pkg/grpc/grpc_delete_api_key_api.go:41.2,41.42 1 1
github.com/Vector/vector-leads-scraper/pkg/grpc/grpc_delete_api_key_api.go:41.42,44.3 2 0
github.com/Vector/vector-leads-scraper/pkg/grpc/grpc_delete_api_key_api.go:46.2,49.16 3 1
github.com/Vector/vector-leads-scraper/pkg/grpc/grpc_delete_api_key_api.go:49.16,51.34 2 1
github.com/Vector/vector-leads-scraper/pkg/grpc/grpc_delete_api_key_api.go:51.34,53.4 1 0
github.com/Vector/vector-leads-scraper/pkg/grpc/grpc_delete_api_key_api.go:54.3,54.71 1 1
github.com/Vector/vector-leads-scraper/pkg/grpc/grpc_delete_api_key_api.go:57.2,57.43 1 1
github.com/Vector/vector-leads-scraper/pkg/grpc/grpc_delete_organization_api.go:34.139,45.16 4 1
github.com/Vector/vector-leads-scraper/pkg/grpc/grpc_delete_organization_api.go:45.16,49.3 2 1
github.com/Vector/vector-leads-scraper/pkg/grpc/grpc_delete_organization_api.go:52.2,52.41 1 1
github.com/Vector/vector-leads-scraper/pkg/grpc/grpc_delete_organization_api.go:52.41,56.3 2 0
github.com/Vector/vector-leads-scraper/pkg/grpc/grpc_delete_organization_api.go:58.2,58.22 1 1
github.com/Vector/vector-leads-scraper/pkg/grpc/grpc_delete_organization_api.go:58.22,60.3 1 0
github.com/Vector/vector-leads-scraper/pkg/grpc/grpc_delete_organization_api.go:62.2,68.16 3 1
github.com/Vector/vector-leads-scraper/pkg/grpc/grpc_delete_organization_api.go:68.16,71.3 2 0
github.com/Vector/vector-leads-scraper/pkg/grpc/grpc_delete_organization_api.go:74.2,76.8 1 1
github.com/Vector/vector-leads-scraper/pkg/grpc/grpc_delete_tenant_api.go:34.121,45.16 4 1
github.com/Vector/vector-leads-scraper/pkg/grpc/grpc_delete_tenant_api.go:45.16,49.3 2 1
github.com/Vector/vector-leads-scraper/pkg/grpc/grpc_delete_tenant_api.go:52.2,52.41 1 1
github.com/Vector/vector-leads-scraper/pkg/grpc/grpc_delete_tenant_api.go:52.41,56.3 2 1
github.com/Vector/vector-leads-scraper/pkg/grpc/grpc_delete_tenant_api.go:58.2,58.28 1 1
github.com/Vector/vector-leads-scraper/pkg/grpc/grpc_delete_tenant_api.go:58.28,60.3 1 0
github.com/Vector/vector-leads-scraper/pkg/grpc/grpc_delete_tenant_api.go:62.2,68.16 3 1
github.com/Vector/vector-leads-scraper/pkg/grpc/grpc_delete_tenant_api.go:68.16,70.44 2 1
github.com/Vector/vector-leads-scraper/pkg/grpc/grpc_delete_tenant_api.go:70.44,72.4 1 1
github.com/Vector/vector-leads-scraper/pkg/grpc/grpc_delete_tenant_api.go:73.3,73.92 1 0
github.com/Vector/vector-leads-scraper/pkg/grpc/grpc_delete_tenant_api.go:77.2,79.8 1 1
github.com/Vector/vector-leads-scraper/pkg/grpc/grpc_delete_webhook_api.go:33.124,39.16 3 1
github.com/Vector/vector-leads-scraper/pkg/grpc/grpc_delete_webhook_api.go:39.16,42.3 2 1
github.com/Vector/vector-leads-scraper/pkg/grpc/grpc_delete_webhook_api.go:45.2,45.42 1 1
github.com/Vector/vector-leads-scraper/pkg/grpc/grpc_delete_webhook_api.go:45.42,48.3 2 1
github.com/Vector/vector-leads-scraper/pkg/grpc/grpc_delete_webhook_api.go:50.2,54.16 3 1
github.com/Vector/vector-leads-scraper/pkg/grpc/grpc_delete_webhook_api.go:54.16,56.38 2 1
github.com/Vector/vector-leads-scraper/pkg/grpc/grpc_delete_webhook_api.go:56.38,58.4 1 0
github.com/Vector/vector-leads-scraper/pkg/grpc/grpc_delete_webhook_api.go:59.3,59.71 1 1
github.com/Vector/vector-leads-scraper/pkg/grpc/grpc_delete_webhook_api.go:62.2,62.44 1 1
github.com/Vector/vector-leads-scraper/pkg/grpc/grpc_delete_workflow_api.go:34.127,40.16 3 1
github.com/Vector/vector-leads-scraper/pkg/grpc/grpc_delete_workflow_api.go:40.16,43.3 2 1
github.com/Vector/vector-leads-scraper/pkg/grpc/grpc_delete_workflow_api.go:46.2,46.42 1 1
github.com/Vector/vector-leads-scraper/pkg/grpc/grpc_delete_workflow_api.go:46.42,49.3 2 0
github.com/Vector/vector-leads-scraper/pkg/grpc/grpc_delete_workflow_api.go:51.2,55.16 3 1
github.com/Vector/vector-leads-scraper/pkg/grpc/grpc_delete_workflow_api.go:55.16,57.38 2 1
github.com/Vector/vector-leads-scraper/pkg/grpc/grpc_delete_workflow_api.go:57.38,59.4 1 0
github.com/Vector/vector-leads-scraper/pkg/grpc/grpc_delete_workflow_api.go:60.3,60.56 1 1
github.com/Vector/vector-leads-scraper/pkg/grpc/grpc_delete_workflow_api.go:60.56,62.4 1 1
github.com/Vector/vector-leads-scraper/pkg/grpc/grpc_delete_workflow_api.go:63.3,63.72 1 0
github.com/Vector/vector-leads-scraper/pkg/grpc/grpc_delete_workflow_api.go:66.2,66.45 1 1
github.com/Vector/vector-leads-scraper/pkg/grpc/grpc_delete_workspace_api.go:29.130,35.16 3 1
github.com/Vector/vector-leads-scraper/pkg/grpc/grpc_delete_workspace_api.go:35.16,38.3 2 1
github.com/Vector/vector-leads-scraper/pkg/grpc/grpc_delete_workspace_api.go:41.2,41.42 1 1
github.com/Vector/vector-leads-scraper/pkg/grpc/grpc_delete_workspace_api.go:41.42,44.3 2 0
github.com/Vector/vector-leads-scraper/pkg/grpc/grpc_delete_workspace_api.go:46.2,50.16 3 1
github.com/Vector/vector-leads-scraper/pkg/grpc/grpc_delete_workspace_api.go:50.16,52.38 2 1
github.com/Vector/vector-leads-scraper/pkg/grpc/grpc_delete_workspace_api.go:52.38,54.4 1 0
github.com/Vector/vector-leads-scraper/pkg/grpc/grpc_delete_workspace_api.go:55.3,55.73 1 1
github.com/Vector/vector-leads-scraper/pkg/grpc/grpc_delete_workspace_api.go:58.2,58.46 1 1
github.com/Vector/vector-leads-scraper/pkg/grpc/grpc_get_account_api.go:32.115,38.16 3 1
github.com/Vector/vector-leads-scraper/pkg/grpc/grpc_get_account_api.go:38.16,41.3 2 1
github.com/Vector/vector-leads-scraper/pkg/grpc/grpc_get_account_api.go:44.2,44.42 1 1
github.com/Vector/vector-leads-scraper/pkg/grpc/grpc_get_account_api.go:44.42,47.3 2 1
github.com/Vector/vector-leads-scraper/pkg/grpc/grpc_get_account_api.go:50.2,50.22 1 1
github.com/Vector/vector-leads-scraper/pkg/grpc/grpc_get_account_api.go:50.22,52.3 1 0
github.com/Vector/vector-leads-scraper/pkg/grpc/grpc_get_account_api.go:54.2,60.16 3 1
github.com/Vector/vector-leads-scraper/pkg/grpc/grpc_get_account_api.go:60.16,62.45 2 1
github.com/Vector/vector-leads-scraper/pkg/grpc/grpc_get_account_api.go:62.45,64.4 1 1
github.com/Vector/vector-leads-scraper/pkg/grpc/grpc_get_account_api.go:65.3,65.68 1 0
github.com/Vector/vector-leads-scraper/pkg/grpc/grpc_get_account_api.go:68.2,70.8 1 1
github.com/Vector/vector-leads-scraper/pkg/grpc/grpc_get_api_key_api.go:32.112,36.16 3 1
github.com/Vector/vector-leads-scraper/pkg/grpc/grpc_get_api_key_api.go:36.16,39.3 2 1
github.com/Vector/vector-leads-scraper/pkg/grpc/grpc_get_api_key_api.go:41.2,41.42 1 1
github.com/Vector/vector-leads-scraper/pkg/grpc/grpc_get_api_key_api.go:41.42,44.3 2 0
github.com/Vector/vector-leads-scraper/pkg/grpc/grpc_get_api_key_api.go:46.2,49.16 3 1
github.com/Vector/vector-leads-scraper/pkg/grpc/grpc_get_api_key_api.go:49.16,51.34 2 1
github.com/Vector/vector-leads-scraper/pkg/grpc/grpc_get_api_key_api.go:51.34,53.4 1 0
github.com/Vector/vector-leads-scraper/pkg/grpc/grpc_get_api_key_api.go:54.3,54.68 1 1
github.com/Vector/vector-leads-scraper/pkg/grpc/grpc_get_api_key_api.go:57.2,59.8 1 1
github.com/Vector/vector-leads-scraper/pkg/grpc/grpc_get_lead_api.go:31.106,37.16 3 1
github.com/Vector/vector-leads-scraper/pkg/grpc/grpc_get_lead_api.go:37.16,40.3 2 1
github.com/Vector/vector-leads-scraper/pkg/grpc/grpc_get_lead_api.go:43.2,43.42 1 1
github.com/Vector/vector-leads-scraper/pkg/grpc/grpc_get_lead_api.go:43.42,46.3 2 1
github.com/Vector/vector-leads-scraper/pkg/grpc/grpc_get_lead_api.go:49.2,49.21 1 1
github.com/Vector/vector-leads-scraper/pkg/grpc/grpc_get_lead_api.go:49.21,51.3 1 0
github.com/Vector/vector-leads-scraper/pkg/grpc/grpc_get_lead_api.go:53.2,57.16 3 1
github.com/Vector/vector-leads-scraper/pkg/grpc/grpc_get_lead_api.go:57.16,59.41 2 1
github.com/Vector/vector-leads-scraper/pkg/grpc/grpc_get_lead_api.go:59.41,61.4 1 1
github.com/Vector/vector-leads-scraper/pkg/grpc/grpc_get_lead_api.go:62.3,62.65 1 0
github.com/Vector/vector-leads-scraper/pkg/grpc/grpc_get_lead_api.go:65.2,67.8 1 1
github.com/Vector/vector-leads-scraper/pkg/grpc/grpc_get_organization_api.go:32.130,43.16 4 1
github.com/Vector/vector-leads-scraper/pkg/grpc/grpc_get_organization_api.go:43.16,47.3 2 1
github.com/Vector/vector-leads-scraper/pkg/grpc/grpc_get_organization_api.go:50.2,50.41 1 1
github.com/Vector/vector-leads-scraper/pkg/grpc/grpc_get_organization_api.go:50.41,54.3 2 0
github.com/Vector/vector-leads-scraper/pkg/grpc/grpc_get_organization_api.go:56.2,56.22 1 1
github.com/Vector/vector-leads-scraper/pkg/grpc/grpc_get_organization_api.go:56.22,58.3 1 0
github.com/Vector/vector-leads-scraper/pkg/grpc/grpc_get_organization_api.go:60.2,66.16 3 1
github.com/Vector/vector-leads-scraper/pkg/grpc/grpc_get_organization_api.go:66.16,69.3 2 1
github.com/Vector/vector-leads-scraper/pkg/grpc/grpc_get_organization_api.go:71.2,73.8 1 1
github.com/Vector/vector-leads-scraper/pkg/grpc/grpc_get_tenant_api.go:34.112,45.16 4 1
github.com/Vector/vector-leads-scraper/pkg/grpc/grpc_get_tenant_api.go:45.16,49.3 2 1
github.com/Vector/vector-leads-scraper/pkg/grpc/grpc_get_tenant_api.go:52.2,52.41 1 1
github.com/Vector/vector-leads-scraper/pkg/grpc/grpc_get_tenant_api.go:52.41,56.3 2 1
github.com/Vector/vector-leads-scraper/pkg/grpc/grpc_get_tenant_api.go:58.2,58.28 1 1
github.com/Vector/vector-leads-scraper/pkg/grpc/grpc_get_tenant_api.go:58.28,60.3 1 0
github.com/Vector/vector-leads-scraper/pkg/grpc/grpc_get_tenant_api.go:62.2,68.16 3 1
github.com/Vector/vector-leads-scraper/pkg/grpc/grpc_get_tenant_api.go:68.16,70.44 2 1
github.com/Vector/vector-leads-scraper/pkg/grpc/grpc_get_tenant_api.go:70.44,72.4 1 1
github.com/Vector/vector-leads-scraper/pkg/grpc/grpc_get_tenant_api.go:73.3,73.67 1 0
github.com/Vector/vector-leads-scraper/pkg/grpc/grpc_get_tenant_api.go:76.2,78.8 1 1
github.com/Vector/vector-leads-scraper/pkg/grpc/grpc_get_webhook_api.go:31.115,37.16 3 1
github.com/Vector/vector-leads-scraper/pkg/grpc/grpc_get_webhook_api.go:37.16,40.3 2 1
github.com/Vector/vector-leads-scraper/pkg/grpc/grpc_get_webhook_api.go:43.2,43.42 1 1
github.com/Vector/vector-leads-scraper/pkg/grpc/grpc_get_webhook_api.go:43.42,46.3 2 1
github.com/Vector/vector-leads-scraper/pkg/grpc/grpc_get_webhook_api.go:48.2,52.16 3 1
github.com/Vector/vector-leads-scraper/pkg/grpc/grpc_get_webhook_api.go:52.16,55.3 2 1
github.com/Vector/vector-leads-scraper/pkg/grpc/grpc_get_webhook_api.go:57.2,59.8 1 1
github.com/Vector/vector-leads-scraper/pkg/grpc/grpc_get_workflow_api.go:33.118,39.16 3 1
github.com/Vector/vector-leads-scraper/pkg/grpc/grpc_get_workflow_api.go:39.16,42.3 2 1
github.com/Vector/vector-leads-scraper/pkg/grpc/grpc_get_workflow_api.go:45.2,45.42 1 1
github.com/Vector/vector-leads-scraper/pkg/grpc/grpc_get_workflow_api.go:45.42,48.3 2 1
github.com/Vector/vector-leads-scraper/pkg/grpc/grpc_get_workflow_api.go:50.2,54.16 3 1
github.com/Vector/vector-leads-scraper/pkg/grpc/grpc_get_workflow_api.go:54.16,56.38 2 1
github.com/Vector/vector-leads-scraper/pkg/grpc/grpc_get_workflow_api.go:56.38,58.4 1 0
github.com/Vector/vector-leads-scraper/pkg/grpc/grpc_get_workflow_api.go:59.3,59.56 1 1
github.com/Vector/vector-leads-scraper/pkg/grpc/grpc_get_workflow_api.go:59.56,61.4 1 1
github.com/Vector/vector-leads-scraper/pkg/grpc/grpc_get_workflow_api.go:62.3,62.69 1 0
github.com/Vector/vector-leads-scraper/pkg/grpc/grpc_get_workflow_api.go:65.2,67.8 1 1
github.com/Vector/vector-leads-scraper/pkg/grpc/grpc_get_workspace_api.go:28.121,34.16 3 1
github.com/Vector/vector-leads-scraper/pkg/grpc/grpc_get_workspace_api.go:34.16,37.3 2 1
github.com/Vector/vector-leads-scraper/pkg/grpc/grpc_get_workspace_api.go:40.2,40.42 1 1
github.com/Vector/vector-leads-scraper/pkg/grpc/grpc_get_workspace_api.go:40.42,43.3 2 0
github.com/Vector/vector-leads-scraper/pkg/grpc/grpc_get_workspace_api.go:45.2,49.16 3 1
github.com/Vector/vector-leads-scraper/pkg/grpc/grpc_get_workspace_api.go:49.16,51.38 2 1
github.com/Vector/vector-leads-scraper/pkg/grpc/grpc_get_workspace_api.go:51.38,53.4 1 0
github.com/Vector/vector-leads-scraper/pkg/grpc/grpc_get_workspace_api.go:54.3,54.70 1 1
github.com/Vector/vector-leads-scraper/pkg/grpc/grpc_get_workspace_api.go:57.2,59.8 1 1
github.com/Vector/vector-leads-scraper/pkg/grpc/grpc_list_api_keys_api.go:32.118,36.16 3 1
github.com/Vector/vector-leads-scraper/pkg/grpc/grpc_list_api_keys_api.go:36.16,39.3 2 1
github.com/Vector/vector-leads-scraper/pkg/grpc/grpc_list_api_keys_api.go:41.2,41.42 1 1
github.com/Vector/vector-leads-scraper/pkg/grpc/grpc_list_api_keys_api.go:41.42,44.3 2 1
github.com/Vector/vector-leads-scraper/pkg/grpc/grpc_list_api_keys_api.go:46.2,49.19 3 1
github.com/Vector/vector-leads-scraper/pkg/grpc/grpc_list_api_keys_api.go:49.19,51.3 1 0
github.com/Vector/vector-leads-scraper/pkg/grpc/grpc_list_api_keys_api.go:53.2,54.20 2 1
github.com/Vector/vector-leads-scraper/pkg/grpc/grpc_list_api_keys_api.go:54.20,56.3 1 1
github.com/Vector/vector-leads-scraper/pkg/grpc/grpc_list_api_keys_api.go:57.2,60.16 3 1
github.com/Vector/vector-leads-scraper/pkg/grpc/grpc_list_api_keys_api.go:60.16,63.3 2 0
github.com/Vector/vector-leads-scraper/pkg/grpc/grpc_list_api_keys_api.go:65.2,66.30 2 1
github.com/Vector/vector-leads-scraper/pkg/grpc/grpc_list_api_keys_api.go:66.30,68.3 1 1
github.com/Vector/vector-leads-scraper/pkg/grpc/grpc_list_api_keys_api.go:70.2,73.8 1 1
github.com/Vector/vector-leads-scraper/pkg/grpc/grpc_list_leads_api.go:32.112,38.16 3 1
github.com/Vector/vector-leads-scraper/pkg/grpc/grpc_list_leads_api.go:38.16,41.3 2 1
github.com/Vector/vector-leads-scraper/pkg/grpc/grpc_list_leads_api.go:44.2,44.42 1 1
github.com/Vector/vector-leads-scraper/pkg/grpc/grpc_list_leads_api.go:44.42,47.3 2 1
github.com/Vector/vector-leads-scraper/pkg/grpc/grpc_list_leads_api.go:50.2,51.19 2 1
github.com/Vector/vector-leads-scraper/pkg/grpc/grpc_list_leads_api.go:51.19,53.3 1 0
github.com/Vector/vector-leads-scraper/pkg/grpc/grpc_list_leads_api.go:56.2,57.20 2 1
github.com/Vector/vector-leads-scraper/pkg/grpc/grpc_list_leads_api.go:57.20,59.3 1 0
github.com/Vector/vector-leads-scraper/pkg/grpc/grpc_list_leads_api.go:60.2,68.16 4 1
github.com/Vector/vector-leads-scraper/pkg/grpc/grpc_list_leads_api.go:68.16,71.3 2 0
github.com/Vector/vector-leads-scraper/pkg/grpc/grpc_list_leads_api.go:74.2,75.28 2 1
github.com/Vector/vector-leads-scraper/pkg/grpc/grpc_list_leads_api.go:75.28,77.3 1 1
github.com/Vector/vector-leads-scraper/pkg/grpc/grpc_list_leads_api.go:79.2,82.8 1 1
github.com/Vector/vector-leads-scraper/pkg/grpc/grpc_list_organizations_api.go:34.136,45.16 4 1
github.com/Vector/vector-leads-scraper/pkg/grpc/grpc_list_organizations_api.go:45.16,49.3 2 1
github.com/Vector/vector-leads-scraper/pkg/grpc/grpc_list_organizations_api.go:52.2,52.41 1 1
github.com/Vector/vector-leads-scraper/pkg/grpc/grpc_list_organizations_api.go:52.41,56.3 2 1
github.com/Vector/vector-leads-scraper/pkg/grpc/grpc_list_organizations_api.go:58.2,64.19 3 1
github.com/Vector/vector-leads-scraper/pkg/grpc/grpc_list_organizations_api.go:64.19,66.3 1 0
github.com/Vector/vector-leads-scraper/pkg/grpc/grpc_list_organizations_api.go:69.2,76.16 3 1
github.com/Vector/vector-leads-scraper/pkg/grpc/grpc_list_organizations_api.go:76.16,79.3 2 0
github.com/Vector/vector-leads-scraper/pkg/grpc/grpc_list_organizations_api.go:82.2,83.41 2 1
github.com/Vector/vector-leads-scraper/pkg/grpc/grpc_list_organizations_api.go:83.41,85.3 1 1
github.com/Vector/vector-leads-scraper/pkg/grpc/grpc_list_organizations_api.go:87.2,90.8 1 1
github.com/Vector/vector-leads-scraper/pkg/grpc/grpc_list_tenants_api.go:33.118,46.16 6 1
github.com/Vector/vector-leads-scraper/pkg/grpc/grpc_list_tenants_api.go:46.16,50.3 2 1
github.com/Vector/vector-leads-scraper/pkg/grpc/grpc_list_tenants_api.go:53.2,53.41 1 1
github.com/Vector/vector-leads-scraper/pkg/grpc/grpc_list_tenants_api.go:53.41,57.3 2 1
github.com/Vector/vector-leads-scraper/pkg/grpc/grpc_list_tenants_api.go:59.2,65.19 3 1
github.com/Vector/vector-leads-scraper/pkg/grpc/grpc_list_tenants_api.go:65.19,67.3 1 0
github.com/Vector/vector-leads-scraper/pkg/grpc/grpc_list_tenants_api.go:70.2,71.20 2 1
github.com/Vector/vector-leads-scraper/pkg/grpc/grpc_list_tenants_api.go:71.20,73.3 1 0
github.com/Vector/vector-leads-scraper/pkg/grpc/grpc_list_tenants_api.go:74.2,82.16 3 1
github.com/Vector/vector-leads-scraper/pkg/grpc/grpc_list_tenants_api.go:82.16,85.3 2 0
github.com/Vector/vector-leads-scraper/pkg/grpc/grpc_list_tenants_api.go:88.2,89.35 2 1
github.com/Vector/vector-leads-scraper/pkg/grpc/grpc_list_tenants_api.go:89.35,91.3 1 1
github.com/Vector/vector-leads-scraper/pkg/grpc/grpc_list_tenants_api.go:93.2,96.8 1 1
github.com/Vector/vector-leads-scraper/pkg/grpc/grpc_list_webhooks_api.go:34.121,40.16 3 1
github.com/Vector/vector-leads-scraper/pkg/grpc/grpc_list_webhooks_api.go:40.16,43.3 2 1
github.com/Vector/vector-leads-scraper/pkg/grpc/grpc_list_webhooks_api.go:46.2,46.42 1 1
github.com/Vector/vector-leads-scraper/pkg/grpc/grpc_list_webhooks_api.go:46.42,49.3 2 1
github.com/Vector/vector-leads-scraper/pkg/grpc/grpc_list_webhooks_api.go:51.2,57.19 3 1
github.com/Vector/vector-leads-scraper/pkg/grpc/grpc_list_webhooks_api.go:57.19,59.3 1 0
github.com/Vector/vector-leads-scraper/pkg/grpc/grpc_list_webhooks_api.go:62.2,63.20 2 1
github.com/Vector/vector-leads-scraper/pkg/grpc/grpc_list_webhooks_api.go:63.20,65.3 1 0
github.com/Vector/vector-leads-scraper/pkg/grpc/grpc_list_webhooks_api.go:66.2,70.16 3 1
github.com/Vector/vector-leads-scraper/pkg/grpc/grpc_list_webhooks_api.go:70.16,72.38 2 0
github.com/Vector/vector-leads-scraper/pkg/grpc/grpc_list_webhooks_api.go:72.38,74.4 1 0
github.com/Vector/vector-leads-scraper/pkg/grpc/grpc_list_webhooks_api.go:75.3,75.70 1 0
github.com/Vector/vector-leads-scraper/pkg/grpc/grpc_list_webhooks_api.go:78.2,80.8 1 1
github.com/Vector/vector-leads-scraper/pkg/grpc/grpc_list_workflows_api.go:34.124,40.16 3 1
github.com/Vector/vector-leads-scraper/pkg/grpc/grpc_list_workflows_api.go:40.16,43.3 2 1
github.com/Vector/vector-leads-scraper/pkg/grpc/grpc_list_workflows_api.go:46.2,46.42 1 1
github.com/Vector/vector-leads-scraper/pkg/grpc/grpc_list_workflows_api.go:46.42,48.24 1 1
github.com/Vector/vector-leads-scraper/pkg/grpc/grpc_list_workflows_api.go:48.24,50.4 1 1
github.com/Vector/vector-leads-scraper/pkg/grpc/grpc_list_workflows_api.go:50.9,53.4 2 1
github.com/Vector/vector-leads-scraper/pkg/grpc/grpc_list_workflows_api.go:56.2,62.20 3 1
github.com/Vector/vector-leads-scraper/pkg/grpc/grpc_list_workflows_api.go:62.20,64.3 1 1
github.com/Vector/vector-leads-scraper/pkg/grpc/grpc_list_workflows_api.go:67.2,71.16 3 1
github.com/Vector/vector-leads-scraper/pkg/grpc/grpc_list_workflows_api.go:71.16,73.38 2 0
github.com/Vector/vector-leads-scraper/pkg/grpc/grpc_list_workflows_api.go:73.38,75.4 1 0
github.com/Vector/vector-leads-scraper/pkg/grpc/grpc_list_workflows_api.go:76.3,76.71 1 0
github.com/Vector/vector-leads-scraper/pkg/grpc/grpc_list_workflows_api.go:80.2,81.40 2 1
github.com/Vector/vector-leads-scraper/pkg/grpc/grpc_list_workflows_api.go:81.40,83.3 1 0
github.com/Vector/vector-leads-scraper/pkg/grpc/grpc_list_workflows_api.go:85.2,88.8 1 1
github.com/Vector/vector-leads-scraper/pkg/grpc/grpc_list_workspaces_api.go:31.127,37.16 3 1
github.com/Vector/vector-leads-scraper/pkg/grpc/grpc_list_workspaces_api.go:37.16,40.3 2 1
github.com/Vector/vector-leads-scraper/pkg/grpc/grpc_list_workspaces_api.go:43.2,43.42 1 1
github.com/Vector/vector-leads-scraper/pkg/grpc/grpc_list_workspaces_api.go:43.42,46.3 2 1
github.com/Vector/vector-leads-scraper/pkg/grpc/grpc_list_workspaces_api.go:48.2,54.19 3 1
github.com/Vector/vector-leads-scraper/pkg/grpc/grpc_list_workspaces_api.go:54.19,56.3 1 0
github.com/Vector/vector-leads-scraper/pkg/grpc/grpc_list_workspaces_api.go:59.2,60.20 2 1
github.com/Vector/vector-leads-scraper/pkg/grpc/grpc_list_workspaces_api.go:60.20,62.3 1 1
github.com/Vector/vector-leads-scraper/pkg/grpc/grpc_list_workspaces_api.go:63.2,67.16 3 1
github.com/Vector/vector-leads-scraper/pkg/grpc/grpc_list_workspaces_api.go:67.16,69.38 2 0
github.com/Vector/vector-leads-scraper/pkg/grpc/grpc_list_workspaces_api.go:69.38,71.4 1 0
github.com/Vector/vector-leads-scraper/pkg/grpc/grpc_list_workspaces_api.go:72.3,72.72 1 0
github.com/Vector/vector-leads-scraper/pkg/grpc/grpc_list_workspaces_api.go:75.2,78.8 1 1
github.com/Vector/vector-leads-scraper/pkg/grpc/grpc_pause_workflow_api.go:33.124,39.16 3 1
github.com/Vector/vector-leads-scraper/pkg/grpc/grpc_pause_workflow_api.go:39.16,42.3 2 0
github.com/Vector/vector-leads-scraper/pkg/grpc/grpc_pause_workflow_api.go:45.2,45.42 1 1
github.com/Vector/vector-leads-scraper/pkg/grpc/grpc_pause_workflow_api.go:45.42,48.3 2 1
github.com/Vector/vector-leads-scraper/pkg/grpc/grpc_pause_workflow_api.go:50.2,54.16 3 1
github.com/Vector/vector-leads-scraper/pkg/grpc/grpc_pause_workflow_api.go:54.16,57.3 2 1
github.com/Vector/vector-leads-scraper/pkg/grpc/grpc_pause_workflow_api.go:60.2,64.16 3 1
github.com/Vector/vector-leads-scraper/pkg/grpc/grpc_pause_workflow_api.go:64.16,66.38 2 0
github.com/Vector/vector-leads-scraper/pkg/grpc/grpc_pause_workflow_api.go:66.38,68.4 1 0
github.com/Vector/vector-leads-scraper/pkg/grpc/grpc_pause_workflow_api.go:69.3,69.71 1 0
github.com/Vector/vector-leads-scraper/pkg/grpc/grpc_pause_workflow_api.go:72.2,74.8 1 1
github.com/Vector/vector-leads-scraper/pkg/grpc/grpc_rotate_api_key_api.go:42.121,46.16 3 1
github.com/Vector/vector-leads-scraper/pkg/grpc/grpc_rotate_api_key_api.go:46.16,49.3 2 1
github.com/Vector/vector-leads-scraper/pkg/grpc/grpc_rotate_api_key_api.go:51.2,51.42 1 1
github.com/Vector/vector-leads-scraper/pkg/grpc/grpc_rotate_api_key_api.go:51.42,54.3 2 0
github.com/Vector/vector-leads-scraper/pkg/grpc/grpc_rotate_api_key_api.go:56.2,60.16 3 1
github.com/Vector/vector-leads-scraper/pkg/grpc/grpc_rotate_api_key_api.go:60.16,62.34 2 1
github.com/Vector/vector-leads-scraper/pkg/grpc/grpc_rotate_api_key_api.go:62.34,64.4 1 0
github.com/Vector/vector-leads-scraper/pkg/grpc/grpc_rotate_api_key_api.go:65.3,65.68 1 1
github.com/Vector/vector-leads-scraper/pkg/grpc/grpc_rotate_api_key_api.go:69.2,93.16 3 1
github.com/Vector/vector-leads-scraper/pkg/grpc/grpc_rotate_api_key_api.go:93.16,96.3 2 0
github.com/Vector/vector-leads-scraper/pkg/grpc/grpc_rotate_api_key_api.go:98.2,100.8 1 1
github.com/Vector/vector-leads-scraper/pkg/grpc/grpc_scraping_job_api.go:86.136,92.16 3 1
github.com/Vector/vector-leads-scraper/pkg/grpc/grpc_scraping_job_api.go:92.16,95.3 2 0
github.com/Vector/vector-leads-scraper/pkg/grpc/grpc_scraping_job_api.go:104.2,104.42 1 1
github.com/Vector/vector-leads-scraper/pkg/grpc/grpc_scraping_job_api.go:104.42,107.3 2 1
github.com/Vector/vector-leads-scraper/pkg/grpc/grpc_scraping_job_api.go:110.2,110.23 1 1
github.com/Vector/vector-leads-scraper/pkg/grpc/grpc_scraping_job_api.go:110.23,113.3 2 0
github.com/Vector/vector-leads-scraper/pkg/grpc/grpc_scraping_job_api.go:116.2,116.36 1 1
github.com/Vector/vector-leads-scraper/pkg/grpc/grpc_scraping_job_api.go:116.36,118.37 1 1
github.com/Vector/vector-leads-scraper/pkg/grpc/grpc_scraping_job_api.go:118.37,121.4 2 0
github.com/Vector/vector-leads-scraper/pkg/grpc/grpc_scraping_job_api.go:124.3,125.17 2 1
github.com/Vector/vector-leads-scraper/pkg/grpc/grpc_scraping_job_api.go:125.17,128.4 2 0
github.com/Vector/vector-leads-scraper/pkg/grpc/grpc_scraping_job_api.go:129.3,130.17 2 1
github.com/Vector/vector-leads-scraper/pkg/grpc/grpc_scraping_job_api.go:130.17,133.4 2 0
github.com/Vector/vector-leads-scraper/pkg/grpc/grpc_scraping_job_api.go:136.3,136.28 1 1
github.com/Vector/vector-leads-scraper/pkg/grpc/grpc_scraping_job_api.go:136.28,139.4 2 1
github.com/Vector/vector-leads-scraper/pkg/grpc/grpc_scraping_job_api.go:140.3,140.30 1 1
github.com/Vector/vector-leads-scraper/pkg/grpc/grpc_scraping_job_api.go:140.30,143.4 2 0
github.com/Vector/vector-leads-scraper/pkg/grpc/grpc_scraping_job_api.go:147.2,148.16 2 1
github.com/Vector/vector-leads-scraper/pkg/grpc/grpc_scraping_job_api.go:148.16,151.3 2 0
github.com/Vector/vector-leads-scraper/pkg/grpc/grpc_scraping_job_api.go:154.2,154.20 1 1
github.com/Vector/vector-leads-scraper/pkg/grpc/grpc_scraping_job_api.go:154.20,157.3 2 0
github.com/Vector/vector-leads-scraper/pkg/grpc/grpc_scraping_job_api.go:159.2,167.18 3 1
github.com/Vector/vector-leads-scraper/pkg/grpc/grpc_scraping_job_api.go:168.12,169.44 1 1
github.com/Vector/vector-leads-scraper/pkg/grpc/grpc_scraping_job_api.go:170.12,171.44 1 1
github.com/Vector/vector-leads-scraper/pkg/grpc/grpc_scraping_job_api.go:172.12,173.43 1 1
github.com/Vector/vector-leads-scraper/pkg/grpc/grpc_scraping_job_api.go:174.12,175.43 1 0
github.com/Vector/vector-leads-scraper/pkg/grpc/grpc_scraping_job_api.go:176.12,177.44 1 0
github.com/Vector/vector-leads-scraper/pkg/grpc/grpc_scraping_job_api.go:178.12,179.47 1 0
github.com/Vector/vector-leads-scraper/pkg/grpc/grpc_scraping_job_api.go:180.12,181.42 1 0
github.com/Vector/vector-leads-scraper/pkg/grpc/grpc_scraping_job_api.go:182.12,183.44 1 0
github.com/Vector/vector-leads-scraper/pkg/grpc/grpc_scraping_job_api.go:184.12,185.44 1 0
github.com/Vector/vector-leads-scraper/pkg/grpc/grpc_scraping_job_api.go:186.12,187.45 1 0
github.com/Vector/vector-leads-scraper/pkg/grpc/grpc_scraping_job_api.go:188.12,189.43 1 0
github.com/Vector/vector-leads-scraper/pkg/grpc/grpc_scraping_job_api.go:190.12,191.43 1 0
github.com/Vector/vector-leads-scraper/pkg/grpc/grpc_scraping_job_api.go:192.12,193.42 1 0
github.com/Vector/vector-leads-scraper/pkg/grpc/grpc_scraping_job_api.go:194.12,195.42 1 0
github.com/Vector/vector-leads-scraper/pkg/grpc/grpc_scraping_job_api.go:196.12,197.44 1 0
github.com/Vector/vector-leads-scraper/pkg/grpc/grpc_scraping_job_api.go:198.10,199.48 1 0
github.com/Vector/vector-leads-scraper/pkg/grpc/grpc_scraping_job_api.go:203.2,221.16 3 1
github.com/Vector/vector-leads-scraper/pkg/grpc/grpc_scraping_job_api.go:221.16,223.38 2 0
github.com/Vector/vector-leads-scraper/pkg/grpc/grpc_scraping_job_api.go:223.38,225.4 1 0
github.com/Vector/vector-leads-scraper/pkg/grpc/grpc_scraping_job_api.go:226.3,226.94 1 0
github.com/Vector/vector-leads-scraper/pkg/grpc/grpc_scraping_job_api.go:229.2,232.8 1 1
github.com/Vector/vector-leads-scraper/pkg/grpc/grpc_scraping_job_api.go:256.127,262.16 3 1
github.com/Vector/vector-leads-scraper/pkg/grpc/grpc_scraping_job_api.go:262.16,265.3 2 1
github.com/Vector/vector-leads-scraper/pkg/grpc/grpc_scraping_job_api.go:268.2,268.42 1 1
github.com/Vector/vector-leads-scraper/pkg/grpc/grpc_scraping_job_api.go:268.42,271.3 2 1
github.com/Vector/vector-leads-scraper/pkg/grpc/grpc_scraping_job_api.go:274.2,274.20 1 1
github.com/Vector/vector-leads-scraper/pkg/grpc/grpc_scraping_job_api.go:274.20,277.3 2 0
github.com/Vector/vector-leads-scraper/pkg/grpc/grpc_scraping_job_api.go:280.2,280.20 1 1
github.com/Vector/vector-leads-scraper/pkg/grpc/grpc_scraping_job_api.go:280.20,283.3 2 0
github.com/Vector/vector-leads-scraper/pkg/grpc/grpc_scraping_job_api.go:286.2,286.23 1 1
github.com/Vector/vector-leads-scraper/pkg/grpc/grpc_scraping_job_api.go:286.23,289.3 2 0
github.com/Vector/vector-leads-scraper/pkg/grpc/grpc_scraping_job_api.go:292.2,294.17 1 1
github.com/Vector/vector-leads-scraper/pkg/grpc/grpc_scraping_job_api.go:294.17,297.3 2 1
github.com/Vector/vector-leads-scraper/pkg/grpc/grpc_scraping_job_api.go:300.2,302.17 1 1
github.com/Vector/vector-leads-scraper/pkg/grpc/grpc_scraping_job_api.go:302.17,305.3 2 1
github.com/Vector/vector-leads-scraper/pkg/grpc/grpc_scraping_job_api.go:307.2,315.16 3 1
github.com/Vector/vector-leads-scraper/pkg/grpc/grpc_scraping_job_api.go:315.16,317.50 2 1
github.com/Vector/vector-leads-scraper/pkg/grpc/grpc_scraping_job_api.go:317.50,319.4 1 1
github.com/Vector/vector-leads-scraper/pkg/grpc/grpc_scraping_job_api.go:320.3,320.95 1 0
github.com/Vector/vector-leads-scraper/pkg/grpc/grpc_scraping_job_api.go:323.2,325.8 1 1
github.com/Vector/vector-leads-scraper/pkg/grpc/grpc_scraping_job_api.go:348.133,354.16 3 1
github.com/Vector/vector-leads-scraper/pkg/grpc/grpc_scraping_job_api.go:354.16,357.3 2 0
github.com/Vector/vector-leads-scraper/pkg/grpc/grpc_scraping_job_api.go:360.2,360.42 1 1
github.com/Vector/vector-leads-scraper/pkg/grpc/grpc_scraping_job_api.go:360.42,363.3 2 1
github.com/Vector/vector-leads-scraper/pkg/grpc/grpc_scraping_job_api.go:366.2,366.20 1 0
github.com/Vector/vector-leads-scraper/pkg/grpc/grpc_scraping_job_api.go:366.20,369.3 2 0
github.com/Vector/vector-leads-scraper/pkg/grpc/grpc_scraping_job_api.go:372.2,372.23 1 0
github.com/Vector/vector-leads-scraper/pkg/grpc/grpc_scraping_job_api.go:372.23,375.3 2 0
github.com/Vector/vector-leads-scraper/pkg/grpc/grpc_scraping_job_api.go:377.2,385.17 2 0
github.com/Vector/vector-leads-scraper/pkg/grpc/grpc_scraping_job_api.go:385.17,388.3 2 0
github.com/Vector/vector-leads-scraper/pkg/grpc/grpc_scraping_job_api.go:391.2,393.17 1 0
github.com/Vector/vector-leads-scraper/pkg/grpc/grpc_scraping_job_api.go:393.17,396.3 2 0
github.com/Vector/vector-leads-scraper/pkg/grpc/grpc_scraping_job_api.go:399.2,400.21 2 0
github.com/Vector/vector-leads-scraper/pkg/grpc/grpc_scraping_job_api.go:400.21,402.3 1 0
github.com/Vector/vector-leads-scraper/pkg/grpc/grpc_scraping_job_api.go:404.2,405.19 2 0
github.com/Vector/vector-leads-scraper/pkg/grpc/grpc_scraping_job_api.go:405.19,407.3 1 0
github.com/Vector/vector-leads-scraper/pkg/grpc/grpc_scraping_job_api.go:410.2,419.16 3 0
github.com/Vector/vector-leads-scraper/pkg/grpc/grpc_scraping_job_api.go:419.16,422.3 2 0
github.com/Vector/vector-leads-scraper/pkg/grpc/grpc_scraping_job_api.go:424.2,426.8 1 0
github.com/Vector/vector-leads-scraper/pkg/grpc/grpc_scraping_job_api.go:450.136,456.16 3 1
github.com/Vector/vector-leads-scraper/pkg/grpc/grpc_scraping_job_api.go:456.16,459.3 2 1
github.com/Vector/vector-leads-scraper/pkg/grpc/grpc_scraping_job_api.go:462.2,462.42 1 1
github.com/Vector/vector-leads-scraper/pkg/grpc/grpc_scraping_job_api.go:462.42,465.3 2 1
github.com/Vector/vector-leads-scraper/pkg/grpc/grpc_scraping_job_api.go:468.2,468.20 1 1
github.com/Vector/vector-leads-scraper/pkg/grpc/grpc_scraping_job_api.go:468.20,471.3 2 0
github.com/Vector/vector-leads-scraper/pkg/grpc/grpc_scraping_job_api.go:474.2,474.20 1 1
github.com/Vector/vector-leads-scraper/pkg/grpc/grpc_scraping_job_api.go:474.20,477.3 2 0
github.com/Vector/vector-leads-scraper/pkg/grpc/grpc_scraping_job_api.go:480.2,480.23 1 1
github.com/Vector/vector-leads-scraper/pkg/grpc/grpc_scraping_job_api.go:480.23,483.3 2 0
github.com/Vector/vector-leads-scraper/pkg/grpc/grpc_scraping_job_api.go:485.2,493.16 3 1
github.com/Vector/vector-leads-scraper/pkg/grpc/grpc_scraping_job_api.go:493.16,495.41 2 1
github.com/Vector/vector-leads-scraper/pkg/grpc/grpc_scraping_job_api.go:495.41,497.4 1 1
github.com/Vector/vector-leads-scraper/pkg/grpc/grpc_scraping_job_api.go:498.3,498.76 1 0
github.com/Vector/vector-leads-scraper/pkg/grpc/grpc_scraping_job_api.go:501.2,503.8 1 1
github.com/Vector/vector-leads-scraper/pkg/grpc/grpc_scraping_job_api.go:527.154,533.16 3 1
github.com/Vector/vector-leads-scraper/pkg/grpc/grpc_scraping_job_api.go:533.16,536.3 2 1
github.com/Vector/vector-leads-scraper/pkg/grpc/grpc_scraping_job_api.go:539.2,539.42 1 1
github.com/Vector/vector-leads-scraper/pkg/grpc/grpc_scraping_job_api.go:539.42,542.3 2 1
github.com/Vector/vector-leads-scraper/pkg/grpc/grpc_scraping_job_api.go:545.2,545.20 1 1
github.com/Vector/vector-leads-scraper/pkg/grpc/grpc_scraping_job_api.go:545.20,548.3 2 0
github.com/Vector/vector-leads-scraper/pkg/grpc/grpc_scraping_job_api.go:551.2,551.20 1 1
github.com/Vector/vector-leads-scraper/pkg/grpc/grpc_scraping_job_api.go:551.20,554.3 2 0
github.com/Vector/vector-leads-scraper/pkg/grpc/grpc_scraping_job_api.go:557.2,557.23 1 1
github.com/Vector/vector-leads-scraper/pkg/grpc/grpc_scraping_job_api.go:557.23,560.3 2 0
github.com/Vector/vector-leads-scraper/pkg/grpc/grpc_scraping_job_api.go:562.2,570.16 3 1
github.com/Vector/vector-leads-scraper/pkg/grpc/grpc_scraping_job_api.go:570.16,572.41 2 1
github.com/Vector/vector-leads-scraper/pkg/grpc/grpc_scraping_job_api.go:572.41,574.4 1 0
github.com/Vector/vector-leads-scraper/pkg/grpc/grpc_scraping_job_api.go:575.3,575.73 1 1
github.com/Vector/vector-leads-scraper/pkg/grpc/grpc_scraping_job_api.go:579.2,579.77 1 1
github.com/Vector/vector-leads-scraper/pkg/grpc/grpc_scraping_job_api.go:579.77,582.3 2 1
github.com/Vector/vector-leads-scraper/pkg/grpc/grpc_scraping_job_api.go:590.2,594.8 1 0
github.com/Vector/vector-leads-scraper/pkg/grpc/grpc_tenant_api_key_api.go:15.139,19.16 3 1
github.com/Vector/vector-leads-scraper/pkg/grpc/grpc_tenant_api_key_api.go:19.16,22.3 2 1
github.com/Vector/vector-leads-scraper/pkg/grpc/grpc_tenant_api_key_api.go:24.2,24.42 1 1
github.com/Vector/vector-leads-scraper/pkg/grpc/grpc_tenant_api_key_api.go:24.42,27.3 2 1
github.com/Vector/vector-leads-scraper/pkg/grpc/grpc_tenant_api_key_api.go:30.2,31.16 2 1
github.com/Vector/vector-leads-scraper/pkg/grpc/grpc_tenant_api_key_api.go:31.16,34.3 2 0
github.com/Vector/vector-leads-scraper/pkg/grpc/grpc_tenant_api_key_api.go:36.2,42.16 3 1
github.com/Vector/vector-leads-scraper/pkg/grpc/grpc_tenant_api_key_api.go:42.16,45.3 2 0
github.com/Vector/vector-leads-scraper/pkg/grpc/grpc_tenant_api_key_api.go:47.2,55.8 2 1
github.com/Vector/vector-leads-scraper/pkg/grpc/grpc_tenant_api_key_api.go:59.130,63.16 3 1
github.com/Vector/vector-leads-scraper/pkg/grpc/grpc_tenant_api_key_api.go:63.16,66.3 2 1
github.com/Vector/vector-leads-scraper/pkg/grpc/grpc_tenant_api_key_api.go:68.2,68.42 1 1
github.com/Vector/vector-leads-scraper/pkg/grpc/grpc_tenant_api_key_api.go:68.42,71.3 2 1
github.com/Vector/vector-leads-scraper/pkg/grpc/grpc_tenant_api_key_api.go:73.2,76.16 3 1
github.com/Vector/vector-leads-scraper/pkg/grpc/grpc_tenant_api_key_api.go:76.16,78.34 2 1
github.com/Vector/vector-leads-scraper/pkg/grpc/grpc_tenant_api_key_api.go:78.34,80.4 1 0
github.com/Vector/vector-leads-scraper/pkg/grpc/grpc_tenant_api_key_api.go:81.3,81.75 1 1
github.com/Vector/vector-leads-scraper/pkg/grpc/grpc_tenant_api_key_api.go:84.2,86.8 1 1
github.com/Vector/vector-leads-scraper/pkg/grpc/grpc_tenant_api_key_api.go:90.139,94.16 3 1
github.com/Vector/vector-leads-scraper/pkg/grpc/grpc_tenant_api_key_api.go:94.16,97.3 2 1
github.com/Vector/vector-leads-scraper/pkg/grpc/grpc_tenant_api_key_api.go:99.2,99.42 1 1
github.com/Vector/vector-leads-scraper/pkg/grpc/grpc_tenant_api_key_api.go:99.42,102.3 2 1
github.com/Vector/vector-leads-scraper/pkg/grpc/grpc_tenant_api_key_api.go:105.2,106.16 2 1
github.com/Vector/vector-leads-scraper/pkg/grpc/grpc_tenant_api_key_api.go:106.16,109.3 2 0
github.com/Vector/vector-leads-scraper/pkg/grpc/grpc_tenant_api_key_api.go:111.2,114.16 3 1
github.com/Vector/vector-leads-scraper/pkg/grpc/grpc_tenant_api_key_api.go:114.16,116.34 2 1
github.com/Vector/vector-leads-scraper/pkg/grpc/grpc_tenant_api_key_api.go:116.34,118.4 1 1
github.com/Vector/vector-leads-scraper/pkg/grpc/grpc_tenant_api_key_api.go:119.3,119.78 1 0
github.com/Vector/vector-leads-scraper/pkg/grpc/grpc_tenant_api_key_api.go:122.2,124.8 1 1
github.com/Vector/vector-leads-scraper/pkg/grpc/grpc_tenant_api_key_api.go:128.139,132.16 3 1
github.com/Vector/vector-leads-scraper/pkg/grpc/grpc_tenant_api_key_api.go:132.16,135.3 2 1
github.com/Vector/vector-leads-scraper/pkg/grpc/grpc_tenant_api_key_api.go:137.2,137.42 1 1
github.com/Vector/vector-leads-scraper/pkg/grpc/grpc_tenant_api_key_api.go:137.42,140.3 2 1
github.com/Vector/vector-leads-scraper/pkg/grpc/grpc_tenant_api_key_api.go:142.2,145.16 3 1
github.com/Vector/vector-leads-scraper/pkg/grpc/grpc_tenant_api_key_api.go:145.16,147.34 2 1
github.com/Vector/vector-leads-scraper/pkg/grpc/grpc_tenant_api_key_api.go:147.34,149.4 1 1
github.com/Vector/vector-leads-scraper/pkg/grpc/grpc_tenant_api_key_api.go:150.3,150.78 1 0
github.com/Vector/vector-leads-scraper/pkg/grpc/grpc_tenant_api_key_api.go:153.2,155.8 1 1
github.com/Vector/vector-leads-scraper/pkg/grpc/grpc_tenant_api_key_api.go:159.136,163.16 3 1
github.com/Vector/vector-leads-scraper/pkg/grpc/grpc_tenant_api_key_api.go:163.16,166.3 2 1
github.com/Vector/vector-leads-scraper/pkg/grpc/grpc_tenant_api_key_api.go:168.2,168.42 1 1
github.com/Vector/vector-leads-scraper/pkg/grpc/grpc_tenant_api_key_api.go:168.42,171.3 2 1
github.com/Vector/vector-leads-scraper/pkg/grpc/grpc_tenant_api_key_api.go:173.2,176.19 3 1
github.com/Vector/vector-leads-scraper/pkg/grpc/grpc_tenant_api_key_api.go:176.19,178.3 1 0
github.com/Vector/vector-leads-scraper/pkg/grpc/grpc_tenant_api_key_api.go:180.2,181.20 2 1
github.com/Vector/vector-leads-scraper/pkg/grpc/grpc_tenant_api_key_api.go:181.20,183.3 1 0
github.com/Vector/vector-leads-scraper/pkg/grpc/grpc_tenant_api_key_api.go:184.2,187.16 3 1
github.com/Vector/vector-leads-scraper/pkg/grpc/grpc_tenant_api_key_api.go:187.16,190.3 2 0
github.com/Vector/vector-leads-scraper/pkg/grpc/grpc_tenant_api_key_api.go:192.2,193.30 2 1
github.com/Vector/vector-leads-scraper/pkg/grpc/grpc_tenant_api_key_api.go:193.30,195.3 1 0
github.com/Vector/vector-leads-scraper/pkg/grpc/grpc_tenant_api_key_api.go:197.2,200.8 1 1
github.com/Vector/vector-leads-scraper/pkg/grpc/grpc_trigger_workflow_api.go:33.130,39.16 3 1
github.com/Vector/vector-leads-scraper/pkg/grpc/grpc_trigger_workflow_api.go:39.16,42.3 2 1
github.com/Vector/vector-leads-scraper/pkg/grpc/grpc_trigger_workflow_api.go:45.2,45.42 1 1
github.com/Vector/vector-leads-scraper/pkg/grpc/grpc_trigger_workflow_api.go:45.42,48.3 2 1
github.com/Vector/vector-leads-scraper/pkg/grpc/grpc_trigger_workflow_api.go:50.2,54.16 3 1
github.com/Vector/vector-leads-scraper/pkg/grpc/grpc_trigger_workflow_api.go:54.16,56.56 2 1
github.com/Vector/vector-leads-scraper/pkg/grpc/grpc_trigger_workflow_api.go:56.56,58.4 1 1
github.com/Vector/vector-leads-scraper/pkg/grpc/grpc_trigger_workflow_api.go:59.3,59.69 1 0
github.com/Vector/vector-leads-scraper/pkg/grpc/grpc_trigger_workflow_api.go:63.2,79.8 2 1
github.com/Vector/vector-leads-scraper/pkg/grpc/grpc_update_account_api.go:36.124,42.16 3 1
github.com/Vector/vector-leads-scraper/pkg/grpc/grpc_update_account_api.go:42.16,45.3 2 0
github.com/Vector/vector-leads-scraper/pkg/grpc/grpc_update_account_api.go:48.2,48.42 1 1
github.com/Vector/vector-leads-scraper/pkg/grpc/grpc_update_account_api.go:48.42,51.3 2 0
github.com/Vector/vector-leads-scraper/pkg/grpc/grpc_update_account_api.go:54.2,55.20 2 1
github.com/Vector/vector-leads-scraper/pkg/grpc/grpc_update_account_api.go:55.20,57.3 1 0
github.com/Vector/vector-leads-scraper/pkg/grpc/grpc_update_account_api.go:59.2,60.20 2 1
github.com/Vector/vector-leads-scraper/pkg/grpc/grpc_update_account_api.go:60.20,62.3 1 0
github.com/Vector/vector-leads-scraper/pkg/grpc/grpc_update_account_api.go:64.2,65.16 2 1
github.com/Vector/vector-leads-scraper/pkg/grpc/grpc_update_account_api.go:65.16,67.3 1 0
github.com/Vector/vector-leads-scraper/pkg/grpc/grpc_update_account_api.go:69.2,75.16 4 1
github.com/Vector/vector-leads-scraper/pkg/grpc/grpc_update_account_api.go:75.16,77.45 2 0
github.com/Vector/vector-leads-scraper/pkg/grpc/grpc_update_account_api.go:77.45,79.4 1 0
github.com/Vector/vector-leads-scraper/pkg/grpc/grpc_update_account_api.go:80.3,80.71 1 0
github.com/Vector/vector-leads-scraper/pkg/grpc/grpc_update_account_api.go:83.2,85.8 1 1
github.com/Vector/vector-leads-scraper/pkg/grpc/grpc_update_api_key_api.go:35.121,39.16 3 1
github.com/Vector/vector-leads-scraper/pkg/grpc/grpc_update_api_key_api.go:39.16,42.3 2 1
github.com/Vector/vector-leads-scraper/pkg/grpc/grpc_update_api_key_api.go:44.2,44.42 1 1
github.com/Vector/vector-leads-scraper/pkg/grpc/grpc_update_api_key_api.go:44.42,47.3 2 1
github.com/Vector/vector-leads-scraper/pkg/grpc/grpc_update_api_key_api.go:49.2,50.19 2 1
github.com/Vector/vector-leads-scraper/pkg/grpc/grpc_update_api_key_api.go:50.19,53.3 2 0
github.com/Vector/vector-leads-scraper/pkg/grpc/grpc_update_api_key_api.go:55.2,58.16 3 1
github.com/Vector/vector-leads-scraper/pkg/grpc/grpc_update_api_key_api.go:58.16,60.34 2 1
github.com/Vector/vector-leads-scraper/pkg/grpc/grpc_update_api_key_api.go:60.34,62.4 1 0
github.com/Vector/vector-leads-scraper/pkg/grpc/grpc_update_api_key_api.go:63.3,63.71 1 1
github.com/Vector/vector-leads-scraper/pkg/grpc/grpc_update_api_key_api.go:66.2,68.8 1 1
github.com/Vector/vector-leads-scraper/pkg/grpc/grpc_update_organization_api.go:37.139,48.16 4 1
github.com/Vector/vector-leads-scraper/pkg/grpc/grpc_update_organization_api.go:48.16,52.3 2 1
github.com/Vector/vector-leads-scraper/pkg/grpc/grpc_update_organization_api.go:55.2,55.41 1 1
github.com/Vector/vector-leads-scraper/pkg/grpc/grpc_update_organization_api.go:55.41,59.3 2 1
github.com/Vector/vector-leads-scraper/pkg/grpc/grpc_update_organization_api.go:61.2,61.34 1 1
github.com/Vector/vector-leads-scraper/pkg/grpc/grpc_update_organization_api.go:61.34,63.3 1 0
github.com/Vector/vector-leads-scraper/pkg/grpc/grpc_update_organization_api.go:65.2,73.16 3 1
github.com/Vector/vector-leads-scraper/pkg/grpc/grpc_update_organization_api.go:73.16,76.3 2 0
github.com/Vector/vector-leads-scraper/pkg/grpc/grpc_update_organization_api.go:78.2,80.8 1 1
github.com/Vector/vector-leads-scraper/pkg/grpc/grpc_update_tenant_api.go:38.121,49.16 4 1
github.com/Vector/vector-leads-scraper/pkg/grpc/grpc_update_tenant_api.go:49.16,53.3 2 1
github.com/Vector/vector-leads-scraper/pkg/grpc/grpc_update_tenant_api.go:56.2,56.41 1 1
github.com/Vector/vector-leads-scraper/pkg/grpc/grpc_update_tenant_api.go:56.41,60.3 2 1
github.com/Vector/vector-leads-scraper/pkg/grpc/grpc_update_tenant_api.go:62.2,62.28 1 1
github.com/Vector/vector-leads-scraper/pkg/grpc/grpc_update_tenant_api.go:62.28,64.3 1 0
github.com/Vector/vector-leads-scraper/pkg/grpc/grpc_update_tenant_api.go:66.2,73.16 3 1
github.com/Vector/vector-leads-scraper/pkg/grpc/grpc_update_tenant_api.go:73.16,75.44 2 0
github.com/Vector/vector-leads-scraper/pkg/grpc/grpc_update_tenant_api.go:75.44,77.4 1 0
github.com/Vector/vector-leads-scraper/pkg/grpc/grpc_update_tenant_api.go:78.3,78.70 1 0
github.com/Vector/vector-leads-scraper/pkg/grpc/grpc_update_tenant_api.go:81.2,83.8 1 1
github.com/Vector/vector-leads-scraper/pkg/grpc/grpc_update_webhook_api.go:47.124,53.16 3 1
github.com/Vector/vector-leads-scraper/pkg/grpc/grpc_update_webhook_api.go:53.16,56.3 2 1
github.com/Vector/vector-leads-scraper/pkg/grpc/grpc_update_webhook_api.go:59.2,59.42 1 1
github.com/Vector/vector-leads-scraper/pkg/grpc/grpc_update_webhook_api.go:59.42,62.3 2 0
github.com/Vector/vector-leads-scraper/pkg/grpc/grpc_update_webhook_api.go:65.2,66.20 2 1
github.com/Vector/vector-leads-scraper/pkg/grpc/grpc_update_webhook_api.go:66.20,69.3 2 0
github.com/Vector/vector-leads-scraper/pkg/grpc/grpc_update_webhook_api.go:71.2,77.16 3 1
github.com/Vector/vector-leads-scraper/pkg/grpc/grpc_update_webhook_api.go:77.16,79.38 2 1
github.com/Vector/vector-leads-scraper/pkg/grpc/grpc_update_webhook_api.go:79.38,81.4 1 0
github.com/Vector/vector-leads-scraper/pkg/grpc/grpc_update_webhook_api.go:82.3,82.71 1 1
github.com/Vector/vector-leads-scraper/pkg/grpc/grpc_update_webhook_api.go:85.2,87.8 1 1
github.com/Vector/vector-leads-scraper/pkg/grpc/grpc_update_workflow_api.go:38.127,44.16 3 1
github.com/Vector/vector-leads-scraper/pkg/grpc/grpc_update_workflow_api.go:44.16,47.3 2 1
github.com/Vector/vector-leads-scraper/pkg/grpc/grpc_update_workflow_api.go:50.2,51.21 2 1
github.com/Vector/vector-leads-scraper/pkg/grpc/grpc_update_workflow_api.go:51.21,54.3 2 1
github.com/Vector/vector-leads-scraper/pkg/grpc/grpc_update_workflow_api.go:57.2,58.16 2 1
github.com/Vector/vector-leads-scraper/pkg/grpc/grpc_update_workflow_api.go:58.16,60.56 2 1
github.com/Vector/vector-leads-scraper/pkg/grpc/grpc_update_workflow_api.go:60.56,62.4 1 1
github.com/Vector/vector-leads-scraper/pkg/grpc/grpc_update_workflow_api.go:63.3,63.69 1 0
github.com/Vector/vector-leads-scraper/pkg/grpc/grpc_update_workflow_api.go:67.2,67.42 1 1
github.com/Vector/vector-leads-scraper/pkg/grpc/grpc_update_workflow_api.go:67.42,70.3 2 1
github.com/Vector/vector-leads-scraper/pkg/grpc/grpc_update_workflow_api.go:73.2,73.86 1 1
github.com/Vector/vector-leads-scraper/pkg/grpc/grpc_update_workflow_api.go:73.86,76.3 2 0
github.com/Vector/vector-leads-scraper/pkg/grpc/grpc_update_workflow_api.go:78.2,84.16 3 1
github.com/Vector/vector-leads-scraper/pkg/grpc/grpc_update_workflow_api.go:84.16,86.38 2 0
github.com/Vector/vector-leads-scraper/pkg/grpc/grpc_update_workflow_api.go:86.38,88.4 1 0
github.com/Vector/vector-leads-scraper/pkg/grpc/grpc_update_workflow_api.go:89.3,89.72 1 0
github.com/Vector/vector-leads-scraper/pkg/grpc/grpc_update_workflow_api.go:92.2,94.8 1 1
github.com/Vector/vector-leads-scraper/pkg/grpc/grpc_update_workspace_api.go:33.130,39.16 3 1
github.com/Vector/vector-leads-scraper/pkg/grpc/grpc_update_workspace_api.go:39.16,42.3 2 1
github.com/Vector/vector-leads-scraper/pkg/grpc/grpc_update_workspace_api.go:45.2,45.42 1 1
github.com/Vector/vector-leads-scraper/pkg/grpc/grpc_update_workspace_api.go:45.42,48.3 2 1
github.com/Vector/vector-leads-scraper/pkg/grpc/grpc_update_workspace_api.go:51.2,52.22 2 1
github.com/Vector/vector-leads-scraper/pkg/grpc/grpc_update_workspace_api.go:52.22,55.3 2 0
github.com/Vector/vector-leads-scraper/pkg/grpc/grpc_update_workspace_api.go:57.2,63.16 3 1
github.com/Vector/vector-leads-scraper/pkg/grpc/grpc_update_workspace_api.go:63.16,65.38 2 1
github.com/Vector/vector-leads-scraper/pkg/grpc/grpc_update_workspace_api.go:65.38,67.4 1 0
github.com/Vector/vector-leads-scraper/pkg/grpc/grpc_update_workspace_api.go:68.3,68.117 1 1
github.com/Vector/vector-leads-scraper/pkg/grpc/grpc_update_workspace_api.go:68.117,70.4 1 1
github.com/Vector/vector-leads-scraper/pkg/grpc/grpc_update_workspace_api.go:71.3,71.73 1 0
github.com/Vector/vector-leads-scraper/pkg/grpc/grpc_update_workspace_api.go:74.2,76.8 1 1
github.com/Vector/vector-leads-scraper/pkg/grpc/server.go:112.60,114.2 1 0
github.com/Vector/vector-leads-scraper/pkg/grpc/server.go:124.157,132.27 2 0
github.com/Vector/vector-leads-scraper/pkg/grpc/server.go:132.27,134.3 1 0
github.com/Vector/vector-leads-scraper/pkg/grpc/server.go:136.2,136.17 1 0
github.com/Vector/vector-leads-scraper/pkg/grpc/server.go:150.48,152.16 2 0
github.com/Vector/vector-leads-scraper/pkg/grpc/server.go:152.16,154.3 1 0
github.com/Vector/vector-leads-scraper/pkg/grpc/server.go:156.2,163.12 6 0
github.com/Vector/vector-leads-scraper/pkg/grpc/server.go:163.12,164.45 1 0
github.com/Vector/vector-leads-scraper/pkg/grpc/server.go:164.45,166.4 1 0
github.com/Vector/vector-leads-scraper/pkg/grpc/server.go:169.2,169.12 1 0
github.com/Vector/vector-leads-scraper/pkg/grpc/server.go:180.81,183.53 2 1
github.com/Vector/vector-leads-scraper/pkg/grpc/server.go:183.53,185.71 1 1
github.com/Vector/vector-leads-scraper/pkg/grpc/server.go:185.71,189.4 2 1
github.com/Vector/vector-leads-scraper/pkg/grpc/server.go:193.2,193.14 1 1
github.com/Vector/vector-leads-scraper/pkg/grpc/server.go:193.14,194.41 1 1
github.com/Vector/vector-leads-scraper/pkg/grpc/server.go:194.41,196.4 1 1
github.com/Vector/vector-leads-scraper/pkg/grpc/server.go:200.2,201.53 2 1
github.com/Vector/vector-leads-scraper/pkg/grpc/server.go:201.53,203.66 1 1
github.com/Vector/vector-leads-scraper/pkg/grpc/server.go:203.66,205.4 1 1
github.com/Vector/vector-leads-scraper/pkg/grpc/server.go:205.9,205.61 1 1
github.com/Vector/vector-leads-scraper/pkg/grpc/server.go:205.61,207.4 1 1
github.com/Vector/vector-leads-scraper/pkg/grpc/server.go:211.2,212.53 2 1
github.com/Vector/vector-leads-scraper/pkg/grpc/server.go:212.53,213.58 1 1
github.com/Vector/vector-leads-scraper/pkg/grpc/server.go:213.58,215.4 1 1
github.com/Vector/vector-leads-scraper/pkg/grpc/server.go:219.2,224.27 2 1
github.com/Vector/vector-leads-scraper/pkg/grpc/server_mock.go:68.34,98.16 5 1
github.com/Vector/vector-leads-scraper/pkg/grpc/server_mock.go:98.16,100.3 1 0
github.com/Vector/vector-leads-scraper/pkg/grpc/server_mock.go:102.2,108.3 1 1
github.com/Vector/vector-leads-scraper/pkg/grpc/server_mock.go:117.93,120.16 2 1
github.com/Vector/vector-leads-scraper/pkg/grpc/server_mock.go:120.16,122.3 1 0
github.com/Vector/vector-leads-scraper/pkg/grpc/server_mock.go:125.2,126.16 2 1
github.com/Vector/vector-leads-scraper/pkg/grpc/server_mock.go:126.16,128.3 1 0
github.com/Vector/vector-leads-scraper/pkg/grpc/server_mock.go:130.2,138.16 3 1
github.com/Vector/vector-leads-scraper/pkg/grpc/server_mock.go:138.16,140.3 1 0
github.com/Vector/vector-leads-scraper/pkg/grpc/server_mock.go:143.2,171.16 11 1
github.com/Vector/vector-leads-scraper/pkg/grpc/server_mock.go:171.16,173.3 1 0
github.com/Vector/vector-leads-scraper/pkg/grpc/server_mock.go:175.2,176.16 2 1
github.com/Vector/vector-leads-scraper/pkg/grpc/server_mock.go:176.16,178.3 1 0
github.com/Vector/vector-leads-scraper/pkg/grpc/server_mock.go:181.2,182.16 2 1
github.com/Vector/vector-leads-scraper/pkg/grpc/server_mock.go:182.16,184.3 1 0
github.com/Vector/vector-leads-scraper/pkg/grpc/server_mock.go:187.2,201.16 4 1
github.com/Vector/vector-leads-scraper/pkg/grpc/server_mock.go:201.16,203.3 1 0
github.com/Vector/vector-leads-scraper/pkg/grpc/server_mock.go:205.2,209.8 1 1
github.com/Vector/vector-leads-scraper/pkg/grpc/server_mock.go:225.37,226.31 1 1
github.com/Vector/vector-leads-scraper/pkg/grpc/server_mock.go:226.31,232.13 4 1
github.com/Vector/vector-leads-scraper/pkg/grpc/server_mock.go:232.13,233.49 1 1
github.com/Vector/vector-leads-scraper/pkg/grpc/server_mock.go:233.49,235.5 1 0
github.com/Vector/vector-leads-scraper/pkg/grpc/server_mock.go:238.3,238.58 1 1
github.com/Vector/vector-leads-scraper/pkg/grpc/server_mock.go:238.58,240.4 1 1
github.com/Vector/vector-leads-scraper/pkg/grpc/server_mock.go:256.60,260.16 2 1
github.com/Vector/vector-leads-scraper/pkg/grpc/server_mock.go:260.16,262.3 1 0
github.com/Vector/vector-leads-scraper/pkg/grpc/server_mock.go:263.2,263.13 1 1
github.com/Vector/vector-leads-scraper/pkg/grpc/server_mock.go:275.78,280.2 4 1
github.com/Vector/vector-leads-scraper/pkg/grpc/server_mock.go:290.67,340.19 21 1
github.com/Vector/vector-leads-scraper/pkg/grpc/server_mock.go:340.19,353.72 3 1
github.com/Vector/vector-leads-scraper/pkg/grpc/server_mock.go:353.72,354.48 1 1
github.com/Vector/vector-leads-scraper/pkg/grpc/server_mock.go:354.48,362.20 2 1
github.com/Vector/vector-leads-scraper/pkg/grpc/server_mock.go:362.20,364.7 1 0
github.com/Vector/vector-leads-scraper/pkg/grpc/server_mock.go:369.4,377.75 2 1
github.com/Vector/vector-leads-scraper/pkg/grpc/server_mock.go:377.75,378.51 1 1
github.com/Vector/vector-leads-scraper/pkg/grpc/server_mock.go:378.51,386.20 2 1
github.com/Vector/vector-leads-scraper/pkg/grpc/server_mock.go:386.20,388.7 1 0
github.com/Vector/vector-leads-scraper/pkg/grpc/server_mock.go:393.4,396.18 2 1
github.com/Vector/vector-leads-scraper/pkg/grpc/server_mock.go:396.18,398.5 1 0
github.com/Vector/vector-leads-scraper/pkg/grpc/server_mock.go:401.4,406.18 2 1
github.com/Vector/vector-leads-scraper/pkg/grpc/server_mock.go:406.18,408.5 1 0
github.com/Vector/vector-leads-scraper/pkg/grpc/server_mock.go:411.4,415.18 2 1
github.com/Vector/vector-leads-scraper/pkg/grpc/server_mock.go:415.18,417.5 1 0
github.com/Vector/vector-leads-scraper/pkg/grpc/server_mock.go:420.4,423.18 2 1
github.com/Vector/vector-leads-scraper/pkg/grpc/server_mock.go:423.18,425.5 1 0
github.com/Vector/vector-leads-scraper/pkg/grpc/server_option.go:12.50,13.25 1 1
github.com/Vector/vector-leads-scraper/pkg/grpc/server_option.go:13.25,15.3 1 1
github.com/Vector/vector-leads-scraper/pkg/grpc/util.go:12.106,21.20 5 1
github.com/Vector/vector-leads-scraper/pkg/grpc/util.go:21.20,24.3 2 1
github.com/Vector/vector-leads-scraper/pkg/grpc/util.go:25.2,25.29 1 1
