mode: set
github.com/Vector/vector-leads-scraper/internal/resultwriter/config.go:36.30,47.2 1 1
github.com/Vector/vector-leads-scraper/internal/resultwriter/provider.go:35.89,36.19 1 1
github.com/Vector/vector-leads-scraper/internal/resultwriter/provider.go:36.19,38.3 1 0
github.com/Vector/vector-leads-scraper/internal/resultwriter/provider.go:40.2,48.27 2 1
github.com/Vector/vector-leads-scraper/internal/resultwriter/provider.go:48.27,50.3 1 1
github.com/Vector/vector-leads-scraper/internal/resultwriter/provider.go:52.2,54.10 2 1
github.com/Vector/vector-leads-scraper/internal/resultwriter/provider.go:61.45,62.27 1 1
github.com/Vector/vector-leads-scraper/internal/resultwriter/provider.go:62.27,63.15 1 1
github.com/Vector/vector-leads-scraper/internal/resultwriter/provider.go:63.15,65.4 1 1
github.com/Vector/vector-leads-scraper/internal/resultwriter/provider.go:70.85,75.16 4 1
github.com/Vector/vector-leads-scraper/internal/resultwriter/provider.go:75.16,78.3 2 1
github.com/Vector/vector-leads-scraper/internal/resultwriter/provider.go:79.2,81.12 2 1
github.com/Vector/vector-leads-scraper/internal/resultwriter/provider.go:81.12,85.7 3 1
github.com/Vector/vector-leads-scraper/internal/resultwriter/provider.go:85.7,86.11 1 1
github.com/Vector/vector-leads-scraper/internal/resultwriter/provider.go:87.22,88.11 1 1
github.com/Vector/vector-leads-scraper/internal/resultwriter/provider.go:89.25,91.11 2 0
github.com/Vector/vector-leads-scraper/internal/resultwriter/provider.go:92.29,93.12 1 1
github.com/Vector/vector-leads-scraper/internal/resultwriter/provider.go:93.12,95.6 1 0
github.com/Vector/vector-leads-scraper/internal/resultwriter/provider.go:96.5,96.40 1 1
github.com/Vector/vector-leads-scraper/internal/resultwriter/provider.go:96.40,97.14 1 0
github.com/Vector/vector-leads-scraper/internal/resultwriter/provider.go:100.5,100.12 1 1
github.com/Vector/vector-leads-scraper/internal/resultwriter/provider.go:101.22,101.22 0 1
github.com/Vector/vector-leads-scraper/internal/resultwriter/provider.go:102.23,103.12 1 0
github.com/Vector/vector-leads-scraper/internal/resultwriter/provider.go:109.2,109.19 1 1
github.com/Vector/vector-leads-scraper/internal/resultwriter/provider.go:113.73,115.9 2 1
github.com/Vector/vector-leads-scraper/internal/resultwriter/provider.go:115.9,117.3 1 1
github.com/Vector/vector-leads-scraper/internal/resultwriter/provider.go:119.2,131.16 3 1
github.com/Vector/vector-leads-scraper/internal/resultwriter/provider.go:131.16,133.3 1 1
github.com/Vector/vector-leads-scraper/internal/resultwriter/provider.go:135.2,135.12 1 1
github.com/Vector/vector-leads-scraper/internal/resultwriter/provider.go:138.51,147.6 7 1
github.com/Vector/vector-leads-scraper/internal/resultwriter/provider.go:147.6,148.10 1 1
github.com/Vector/vector-leads-scraper/internal/resultwriter/provider.go:149.21,150.10 1 0
github.com/Vector/vector-leads-scraper/internal/resultwriter/provider.go:151.11,151.11 0 1
github.com/Vector/vector-leads-scraper/internal/resultwriter/provider.go:155.3,156.17 2 1
github.com/Vector/vector-leads-scraper/internal/resultwriter/provider.go:156.17,159.4 2 0
github.com/Vector/vector-leads-scraper/internal/resultwriter/provider.go:161.3,161.20 1 1
github.com/Vector/vector-leads-scraper/internal/resultwriter/provider.go:161.20,163.29 1 1
github.com/Vector/vector-leads-scraper/internal/resultwriter/provider.go:163.29,164.99 1 1
github.com/Vector/vector-leads-scraper/internal/resultwriter/provider.go:164.99,165.14 1 0
github.com/Vector/vector-leads-scraper/internal/resultwriter/provider.go:168.5,169.63 2 1
github.com/Vector/vector-leads-scraper/internal/resultwriter/provider.go:169.63,172.6 2 1
github.com/Vector/vector-leads-scraper/internal/resultwriter/provider.go:175.5,186.12 2 1
github.com/Vector/vector-leads-scraper/internal/resultwriter/provider.go:187.28,187.28 0 1
github.com/Vector/vector-leads-scraper/internal/resultwriter/provider.go:188.23,189.12 1 0
github.com/Vector/vector-leads-scraper/internal/resultwriter/provider.go:192.9,194.11 1 0
github.com/Vector/vector-leads-scraper/internal/resultwriter/provider.go:195.36,197.32 2 0
github.com/Vector/vector-leads-scraper/internal/resultwriter/provider.go:197.32,199.6 1 0
github.com/Vector/vector-leads-scraper/internal/resultwriter/provider.go:200.22,201.11 1 0
github.com/Vector/vector-leads-scraper/internal/resultwriter/writer.go:33.83,34.15 1 1
github.com/Vector/vector-leads-scraper/internal/resultwriter/writer.go:34.15,36.3 1 1
github.com/Vector/vector-leads-scraper/internal/resultwriter/writer.go:38.2,38.16 1 1
github.com/Vector/vector-leads-scraper/internal/resultwriter/writer.go:38.16,40.3 1 1
github.com/Vector/vector-leads-scraper/internal/resultwriter/writer.go:42.2,42.19 1 1
github.com/Vector/vector-leads-scraper/internal/resultwriter/writer.go:42.19,44.3 1 0
github.com/Vector/vector-leads-scraper/internal/resultwriter/writer.go:46.2,53.57 2 1
github.com/Vector/vector-leads-scraper/internal/resultwriter/writer.go:53.57,67.17 3 1
github.com/Vector/vector-leads-scraper/internal/resultwriter/writer.go:67.17,69.4 1 0
github.com/Vector/vector-leads-scraper/internal/resultwriter/writer.go:70.3,70.34 1 1
github.com/Vector/vector-leads-scraper/internal/resultwriter/writer.go:73.2,73.15 1 1
github.com/Vector/vector-leads-scraper/internal/resultwriter/writer.go:76.84,86.25 5 1
github.com/Vector/vector-leads-scraper/internal/resultwriter/writer.go:86.25,88.10 2 1
github.com/Vector/vector-leads-scraper/internal/resultwriter/writer.go:88.10,90.4 1 0
github.com/Vector/vector-leads-scraper/internal/resultwriter/writer.go:92.3,93.10 2 1
github.com/Vector/vector-leads-scraper/internal/resultwriter/writer.go:93.10,95.4 1 0
github.com/Vector/vector-leads-scraper/internal/resultwriter/writer.go:97.3,103.91 5 1
github.com/Vector/vector-leads-scraper/internal/resultwriter/writer.go:103.91,105.34 1 0
github.com/Vector/vector-leads-scraper/internal/resultwriter/writer.go:105.34,106.22 1 0
github.com/Vector/vector-leads-scraper/internal/resultwriter/writer.go:106.22,107.68 1 0
github.com/Vector/vector-leads-scraper/internal/resultwriter/writer.go:107.68,113.7 2 0
github.com/Vector/vector-leads-scraper/internal/resultwriter/writer.go:114.6,114.35 1 0
github.com/Vector/vector-leads-scraper/internal/resultwriter/writer.go:117.4,117.31 1 0
github.com/Vector/vector-leads-scraper/internal/resultwriter/writer.go:122.2,122.32 1 1
github.com/Vector/vector-leads-scraper/internal/resultwriter/writer.go:122.32,123.20 1 1
github.com/Vector/vector-leads-scraper/internal/resultwriter/writer.go:123.20,124.66 1 1
github.com/Vector/vector-leads-scraper/internal/resultwriter/writer.go:124.66,130.5 2 0
github.com/Vector/vector-leads-scraper/internal/resultwriter/writer.go:135.2,135.73 1 1
github.com/Vector/vector-leads-scraper/internal/resultwriter/writer.go:135.73,136.83 1 1
github.com/Vector/vector-leads-scraper/internal/resultwriter/writer.go:136.83,139.4 1 0
github.com/Vector/vector-leads-scraper/internal/resultwriter/writer.go:142.2,142.12 1 1
github.com/Vector/vector-leads-scraper/internal/resultwriter/writer.go:146.38,148.24 2 1
github.com/Vector/vector-leads-scraper/internal/resultwriter/writer.go:148.24,149.29 1 1
github.com/Vector/vector-leads-scraper/internal/resultwriter/writer.go:149.29,151.4 1 1
github.com/Vector/vector-leads-scraper/internal/resultwriter/writer.go:153.2,153.12 1 1
github.com/Vector/vector-leads-scraper/internal/resultwriter/writer.go:157.74,203.30 2 1
github.com/Vector/vector-leads-scraper/internal/resultwriter/writer.go:203.30,206.28 3 1
github.com/Vector/vector-leads-scraper/internal/resultwriter/writer.go:206.28,212.21 3 1
github.com/Vector/vector-leads-scraper/internal/resultwriter/writer.go:212.21,215.5 2 1
github.com/Vector/vector-leads-scraper/internal/resultwriter/writer.go:216.4,216.46 1 1
github.com/Vector/vector-leads-scraper/internal/resultwriter/writer.go:218.3,218.35 1 1
github.com/Vector/vector-leads-scraper/internal/resultwriter/writer.go:221.2,221.13 1 1
github.com/Vector/vector-leads-scraper/internal/resultwriter/writer.go:225.82,226.13 1 1
github.com/Vector/vector-leads-scraper/internal/resultwriter/writer.go:227.16,228.65 1 1
github.com/Vector/vector-leads-scraper/internal/resultwriter/writer.go:229.17,230.66 1 1
github.com/Vector/vector-leads-scraper/internal/resultwriter/writer.go:231.19,232.68 1 1
github.com/Vector/vector-leads-scraper/internal/resultwriter/writer.go:233.18,234.67 1 1
github.com/Vector/vector-leads-scraper/internal/resultwriter/writer.go:235.16,236.65 1 1
github.com/Vector/vector-leads-scraper/internal/resultwriter/writer.go:237.18,238.67 1 1
github.com/Vector/vector-leads-scraper/internal/resultwriter/writer.go:239.16,240.65 1 1
github.com/Vector/vector-leads-scraper/internal/resultwriter/writer.go:241.10,242.70 1 1
github.com/Vector/vector-leads-scraper/internal/resultwriter/writer.go:247.46,248.21 1 1
github.com/Vector/vector-leads-scraper/internal/resultwriter/writer.go:248.21,250.3 1 1
github.com/Vector/vector-leads-scraper/internal/resultwriter/writer.go:251.2,251.11 1 1
