mode: set
github.com/Vector/vector-leads-scraper/internal/resultwriter/config.go:36.30,47.2 1 1
github.com/Vector/vector-leads-scraper/internal/resultwriter/provider.go:35.89,36.19 1 0
github.com/Vector/vector-leads-scraper/internal/resultwriter/provider.go:36.19,38.3 1 0
github.com/Vector/vector-leads-scraper/internal/resultwriter/provider.go:40.2,48.27 2 0
github.com/Vector/vector-leads-scraper/internal/resultwriter/provider.go:48.27,50.3 1 0
github.com/Vector/vector-leads-scraper/internal/resultwriter/provider.go:52.2,54.10 2 0
github.com/Vector/vector-leads-scraper/internal/resultwriter/provider.go:61.45,62.27 1 0
github.com/Vector/vector-leads-scraper/internal/resultwriter/provider.go:62.27,63.15 1 0
github.com/Vector/vector-leads-scraper/internal/resultwriter/provider.go:63.15,65.4 1 0
github.com/Vector/vector-leads-scraper/internal/resultwriter/provider.go:70.85,75.16 4 0
github.com/Vector/vector-leads-scraper/internal/resultwriter/provider.go:75.16,78.3 2 0
github.com/Vector/vector-leads-scraper/internal/resultwriter/provider.go:79.2,81.12 2 0
github.com/Vector/vector-leads-scraper/internal/resultwriter/provider.go:81.12,85.7 3 0
github.com/Vector/vector-leads-scraper/internal/resultwriter/provider.go:85.7,86.11 1 0
github.com/Vector/vector-leads-scraper/internal/resultwriter/provider.go:87.22,88.11 1 0
github.com/Vector/vector-leads-scraper/internal/resultwriter/provider.go:89.25,91.11 2 0
github.com/Vector/vector-leads-scraper/internal/resultwriter/provider.go:92.29,93.12 1 0
github.com/Vector/vector-leads-scraper/internal/resultwriter/provider.go:93.12,95.6 1 0
github.com/Vector/vector-leads-scraper/internal/resultwriter/provider.go:96.5,96.40 1 0
github.com/Vector/vector-leads-scraper/internal/resultwriter/provider.go:96.40,97.14 1 0
github.com/Vector/vector-leads-scraper/internal/resultwriter/provider.go:100.5,100.12 1 0
github.com/Vector/vector-leads-scraper/internal/resultwriter/provider.go:101.22,101.22 0 0
github.com/Vector/vector-leads-scraper/internal/resultwriter/provider.go:102.23,103.12 1 0
github.com/Vector/vector-leads-scraper/internal/resultwriter/provider.go:109.2,109.19 1 0
github.com/Vector/vector-leads-scraper/internal/resultwriter/provider.go:113.73,115.9 2 0
github.com/Vector/vector-leads-scraper/internal/resultwriter/provider.go:115.9,117.3 1 0
github.com/Vector/vector-leads-scraper/internal/resultwriter/provider.go:119.2,129.16 3 0
github.com/Vector/vector-leads-scraper/internal/resultwriter/provider.go:129.16,131.3 1 0
github.com/Vector/vector-leads-scraper/internal/resultwriter/provider.go:133.2,133.12 1 0
github.com/Vector/vector-leads-scraper/internal/resultwriter/provider.go:136.51,145.6 7 0
github.com/Vector/vector-leads-scraper/internal/resultwriter/provider.go:145.6,146.10 1 0
github.com/Vector/vector-leads-scraper/internal/resultwriter/provider.go:147.21,148.10 1 0
github.com/Vector/vector-leads-scraper/internal/resultwriter/provider.go:149.11,149.11 0 0
github.com/Vector/vector-leads-scraper/internal/resultwriter/provider.go:153.3,154.17 2 0
github.com/Vector/vector-leads-scraper/internal/resultwriter/provider.go:154.17,157.4 2 0
github.com/Vector/vector-leads-scraper/internal/resultwriter/provider.go:159.3,159.20 1 0
github.com/Vector/vector-leads-scraper/internal/resultwriter/provider.go:159.20,161.29 1 0
github.com/Vector/vector-leads-scraper/internal/resultwriter/provider.go:161.29,162.99 1 0
github.com/Vector/vector-leads-scraper/internal/resultwriter/provider.go:162.99,163.14 1 0
github.com/Vector/vector-leads-scraper/internal/resultwriter/provider.go:166.5,167.63 2 0
github.com/Vector/vector-leads-scraper/internal/resultwriter/provider.go:167.63,170.6 2 0
github.com/Vector/vector-leads-scraper/internal/resultwriter/provider.go:173.5,178.12 2 0
github.com/Vector/vector-leads-scraper/internal/resultwriter/provider.go:179.34,179.34 0 0
github.com/Vector/vector-leads-scraper/internal/resultwriter/provider.go:180.23,181.12 1 0
github.com/Vector/vector-leads-scraper/internal/resultwriter/provider.go:184.9,186.11 1 0
github.com/Vector/vector-leads-scraper/internal/resultwriter/provider.go:187.36,189.32 2 0
github.com/Vector/vector-leads-scraper/internal/resultwriter/provider.go:189.32,191.6 1 0
github.com/Vector/vector-leads-scraper/internal/resultwriter/provider.go:192.22,193.11 1 0
github.com/Vector/vector-leads-scraper/internal/resultwriter/writer.go:33.83,34.15 1 1
github.com/Vector/vector-leads-scraper/internal/resultwriter/writer.go:34.15,36.3 1 1
github.com/Vector/vector-leads-scraper/internal/resultwriter/writer.go:38.2,38.16 1 1
github.com/Vector/vector-leads-scraper/internal/resultwriter/writer.go:38.16,40.3 1 1
github.com/Vector/vector-leads-scraper/internal/resultwriter/writer.go:42.2,42.19 1 1
github.com/Vector/vector-leads-scraper/internal/resultwriter/writer.go:42.19,44.3 1 0
github.com/Vector/vector-leads-scraper/internal/resultwriter/writer.go:46.2,53.57 2 1
github.com/Vector/vector-leads-scraper/internal/resultwriter/writer.go:53.57,67.17 3 0
github.com/Vector/vector-leads-scraper/internal/resultwriter/writer.go:67.17,69.4 1 0
github.com/Vector/vector-leads-scraper/internal/resultwriter/writer.go:70.3,70.34 1 0
github.com/Vector/vector-leads-scraper/internal/resultwriter/writer.go:73.2,73.15 1 1
github.com/Vector/vector-leads-scraper/internal/resultwriter/writer.go:76.84,83.25 4 1
github.com/Vector/vector-leads-scraper/internal/resultwriter/writer.go:83.25,85.10 2 1
github.com/Vector/vector-leads-scraper/internal/resultwriter/writer.go:85.10,87.4 1 0
github.com/Vector/vector-leads-scraper/internal/resultwriter/writer.go:89.3,90.10 2 1
github.com/Vector/vector-leads-scraper/internal/resultwriter/writer.go:90.10,92.4 1 0
github.com/Vector/vector-leads-scraper/internal/resultwriter/writer.go:94.3,98.91 3 1
github.com/Vector/vector-leads-scraper/internal/resultwriter/writer.go:98.91,100.34 1 0
github.com/Vector/vector-leads-scraper/internal/resultwriter/writer.go:100.34,101.22 1 0
github.com/Vector/vector-leads-scraper/internal/resultwriter/writer.go:101.22,102.68 1 0
github.com/Vector/vector-leads-scraper/internal/resultwriter/writer.go:102.68,108.7 2 0
github.com/Vector/vector-leads-scraper/internal/resultwriter/writer.go:109.6,109.35 1 0
github.com/Vector/vector-leads-scraper/internal/resultwriter/writer.go:112.4,112.31 1 0
github.com/Vector/vector-leads-scraper/internal/resultwriter/writer.go:117.2,117.32 1 1
github.com/Vector/vector-leads-scraper/internal/resultwriter/writer.go:117.32,118.20 1 1
github.com/Vector/vector-leads-scraper/internal/resultwriter/writer.go:118.20,119.66 1 1
github.com/Vector/vector-leads-scraper/internal/resultwriter/writer.go:119.66,125.5 2 0
github.com/Vector/vector-leads-scraper/internal/resultwriter/writer.go:130.2,130.52 1 1
github.com/Vector/vector-leads-scraper/internal/resultwriter/writer.go:130.52,133.32 2 0
github.com/Vector/vector-leads-scraper/internal/resultwriter/writer.go:133.32,135.4 1 0
github.com/Vector/vector-leads-scraper/internal/resultwriter/writer.go:136.3,136.83 1 0
github.com/Vector/vector-leads-scraper/internal/resultwriter/writer.go:136.83,139.4 1 0
github.com/Vector/vector-leads-scraper/internal/resultwriter/writer.go:142.2,142.12 1 1
github.com/Vector/vector-leads-scraper/internal/resultwriter/writer.go:146.38,148.24 2 0
github.com/Vector/vector-leads-scraper/internal/resultwriter/writer.go:148.24,149.29 1 0
github.com/Vector/vector-leads-scraper/internal/resultwriter/writer.go:149.29,151.4 1 0
github.com/Vector/vector-leads-scraper/internal/resultwriter/writer.go:153.2,153.12 1 0
github.com/Vector/vector-leads-scraper/internal/resultwriter/writer.go:157.74,203.30 2 1
github.com/Vector/vector-leads-scraper/internal/resultwriter/writer.go:203.30,205.47 2 0
github.com/Vector/vector-leads-scraper/internal/resultwriter/writer.go:205.47,206.26 1 0
github.com/Vector/vector-leads-scraper/internal/resultwriter/writer.go:206.26,213.5 1 0
github.com/Vector/vector-leads-scraper/internal/resultwriter/writer.go:215.3,215.35 1 0
github.com/Vector/vector-leads-scraper/internal/resultwriter/writer.go:218.2,218.13 1 1
github.com/Vector/vector-leads-scraper/internal/resultwriter/writer.go:222.82,223.13 1 0
github.com/Vector/vector-leads-scraper/internal/resultwriter/writer.go:224.16,225.65 1 0
github.com/Vector/vector-leads-scraper/internal/resultwriter/writer.go:226.17,227.66 1 0
github.com/Vector/vector-leads-scraper/internal/resultwriter/writer.go:228.19,229.68 1 0
github.com/Vector/vector-leads-scraper/internal/resultwriter/writer.go:230.18,231.67 1 0
github.com/Vector/vector-leads-scraper/internal/resultwriter/writer.go:232.16,233.65 1 0
github.com/Vector/vector-leads-scraper/internal/resultwriter/writer.go:234.18,235.67 1 0
github.com/Vector/vector-leads-scraper/internal/resultwriter/writer.go:236.16,237.65 1 0
github.com/Vector/vector-leads-scraper/internal/resultwriter/writer.go:238.10,239.70 1 0
github.com/Vector/vector-leads-scraper/internal/resultwriter/writer.go:244.46,245.21 1 0
github.com/Vector/vector-leads-scraper/internal/resultwriter/writer.go:245.21,247.3 1 0
github.com/Vector/vector-leads-scraper/internal/resultwriter/writer.go:248.2,248.11 1 0
