mode: set
github.com/Vector/vector-leads-scraper/gmaps/emailjob.go:23.98,42.27 4 1
github.com/Vector/vector-leads-scraper/gmaps/emailjob.go:42.27,44.3 1 1
github.com/Vector/vector-leads-scraper/gmaps/emailjob.go:46.2,46.13 1 1
github.com/Vector/vector-leads-scraper/gmaps/emailjob.go:49.80,50.34 1 1
github.com/Vector/vector-leads-scraper/gmaps/emailjob.go:50.34,52.3 1 1
github.com/Vector/vector-leads-scraper/gmaps/emailjob.go:55.115,56.15 1 1
github.com/Vector/vector-leads-scraper/gmaps/emailjob.go:56.15,59.3 2 1
github.com/Vector/vector-leads-scraper/gmaps/emailjob.go:61.2,61.15 1 1
github.com/Vector/vector-leads-scraper/gmaps/emailjob.go:61.15,62.27 1 1
github.com/Vector/vector-leads-scraper/gmaps/emailjob.go:62.27,64.4 1 1
github.com/Vector/vector-leads-scraper/gmaps/emailjob.go:67.2,72.23 3 1
github.com/Vector/vector-leads-scraper/gmaps/emailjob.go:72.23,74.3 1 1
github.com/Vector/vector-leads-scraper/gmaps/emailjob.go:76.2,77.9 2 1
github.com/Vector/vector-leads-scraper/gmaps/emailjob.go:77.9,79.3 1 0
github.com/Vector/vector-leads-scraper/gmaps/emailjob.go:81.2,82.22 2 1
github.com/Vector/vector-leads-scraper/gmaps/emailjob.go:82.22,84.3 1 1
github.com/Vector/vector-leads-scraper/gmaps/emailjob.go:86.2,88.26 2 1
github.com/Vector/vector-leads-scraper/gmaps/emailjob.go:91.54,93.2 1 1
github.com/Vector/vector-leads-scraper/gmaps/emailjob.go:95.56,100.72 3 1
github.com/Vector/vector-leads-scraper/gmaps/emailjob.go:100.72,102.13 2 1
github.com/Vector/vector-leads-scraper/gmaps/emailjob.go:102.13,104.54 2 1
github.com/Vector/vector-leads-scraper/gmaps/emailjob.go:104.54,105.21 1 1
github.com/Vector/vector-leads-scraper/gmaps/emailjob.go:105.21,108.6 2 1
github.com/Vector/vector-leads-scraper/gmaps/emailjob.go:113.2,113.15 1 1
github.com/Vector/vector-leads-scraper/gmaps/emailjob.go:116.48,122.27 4 1
github.com/Vector/vector-leads-scraper/gmaps/emailjob.go:122.27,123.35 1 1
github.com/Vector/vector-leads-scraper/gmaps/emailjob.go:123.35,126.4 2 1
github.com/Vector/vector-leads-scraper/gmaps/emailjob.go:129.2,129.15 1 1
github.com/Vector/vector-leads-scraper/gmaps/emailjob.go:132.46,134.16 2 1
github.com/Vector/vector-leads-scraper/gmaps/emailjob.go:134.16,136.3 1 1
github.com/Vector/vector-leads-scraper/gmaps/emailjob.go:138.2,138.28 1 1
github.com/Vector/vector-leads-scraper/gmaps/entry.go:97.61,116.2 10 0
github.com/Vector/vector-leads-scraper/gmaps/entry.go:118.63,122.2 2 0
github.com/Vector/vector-leads-scraper/gmaps/entry.go:124.47,125.21 1 0
github.com/Vector/vector-leads-scraper/gmaps/entry.go:125.21,127.3 1 0
github.com/Vector/vector-leads-scraper/gmaps/entry.go:129.2,135.25 2 0
github.com/Vector/vector-leads-scraper/gmaps/entry.go:135.25,136.46 1 0
github.com/Vector/vector-leads-scraper/gmaps/entry.go:136.46,138.4 1 0
github.com/Vector/vector-leads-scraper/gmaps/entry.go:141.2,141.13 1 0
github.com/Vector/vector-leads-scraper/gmaps/entry.go:144.34,145.19 1 0
github.com/Vector/vector-leads-scraper/gmaps/entry.go:145.19,147.3 1 0
github.com/Vector/vector-leads-scraper/gmaps/entry.go:149.2,149.22 1 0
github.com/Vector/vector-leads-scraper/gmaps/entry.go:149.22,151.3 1 0
github.com/Vector/vector-leads-scraper/gmaps/entry.go:153.2,153.12 1 0
github.com/Vector/vector-leads-scraper/gmaps/entry.go:156.39,191.2 1 0
github.com/Vector/vector-leads-scraper/gmaps/entry.go:193.35,228.2 1 0
github.com/Vector/vector-leads-scraper/gmaps/entry.go:231.57,232.15 1 1
github.com/Vector/vector-leads-scraper/gmaps/entry.go:232.15,233.31 1 1
github.com/Vector/vector-leads-scraper/gmaps/entry.go:233.31,237.4 2 0
github.com/Vector/vector-leads-scraper/gmaps/entry.go:240.2,241.49 2 1
github.com/Vector/vector-leads-scraper/gmaps/entry.go:241.49,243.3 1 0
github.com/Vector/vector-leads-scraper/gmaps/entry.go:245.2,245.17 1 1
github.com/Vector/vector-leads-scraper/gmaps/entry.go:245.17,247.3 1 0
github.com/Vector/vector-leads-scraper/gmaps/entry.go:249.2,250.9 2 1
github.com/Vector/vector-leads-scraper/gmaps/entry.go:250.9,252.3 1 0
github.com/Vector/vector-leads-scraper/gmaps/entry.go:254.2,260.29 5 1
github.com/Vector/vector-leads-scraper/gmaps/entry.go:260.29,262.3 1 1
github.com/Vector/vector-leads-scraper/gmaps/entry.go:264.2,264.31 1 1
github.com/Vector/vector-leads-scraper/gmaps/entry.go:264.31,266.3 1 1
github.com/Vector/vector-leads-scraper/gmaps/entry.go:268.2,297.23 21 1
github.com/Vector/vector-leads-scraper/gmaps/entry.go:297.23,302.3 1 1
github.com/Vector/vector-leads-scraper/gmaps/entry.go:304.2,312.28 3 1
github.com/Vector/vector-leads-scraper/gmaps/entry.go:312.28,314.3 1 1
github.com/Vector/vector-leads-scraper/gmaps/entry.go:316.2,332.26 4 1
github.com/Vector/vector-leads-scraper/gmaps/entry.go:332.26,334.3 1 1
github.com/Vector/vector-leads-scraper/gmaps/entry.go:336.2,347.24 3 1
github.com/Vector/vector-leads-scraper/gmaps/entry.go:347.24,356.24 4 1
github.com/Vector/vector-leads-scraper/gmaps/entry.go:356.24,362.22 2 1
github.com/Vector/vector-leads-scraper/gmaps/entry.go:362.22,364.5 1 1
github.com/Vector/vector-leads-scraper/gmaps/entry.go:367.3,367.43 1 1
github.com/Vector/vector-leads-scraper/gmaps/entry.go:370.2,379.26 3 1
github.com/Vector/vector-leads-scraper/gmaps/entry.go:379.26,385.17 4 1
github.com/Vector/vector-leads-scraper/gmaps/entry.go:385.17,387.4 1 0
github.com/Vector/vector-leads-scraper/gmaps/entry.go:389.3,392.24 1 1
github.com/Vector/vector-leads-scraper/gmaps/entry.go:392.24,393.22 1 1
github.com/Vector/vector-leads-scraper/gmaps/entry.go:393.22,395.6 1 1
github.com/Vector/vector-leads-scraper/gmaps/entry.go:397.5,397.62 1 1
github.com/Vector/vector-leads-scraper/gmaps/entry.go:403.3,403.24 1 1
github.com/Vector/vector-leads-scraper/gmaps/entry.go:403.24,404.12 1 1
github.com/Vector/vector-leads-scraper/gmaps/entry.go:407.3,409.24 2 1
github.com/Vector/vector-leads-scraper/gmaps/entry.go:409.24,411.17 2 1
github.com/Vector/vector-leads-scraper/gmaps/entry.go:411.17,413.5 1 1
github.com/Vector/vector-leads-scraper/gmaps/entry.go:416.3,416.56 1 1
github.com/Vector/vector-leads-scraper/gmaps/entry.go:419.2,419.19 1 1
github.com/Vector/vector-leads-scraper/gmaps/entry.go:428.61,431.28 2 1
github.com/Vector/vector-leads-scraper/gmaps/entry.go:431.28,438.39 3 1
github.com/Vector/vector-leads-scraper/gmaps/entry.go:438.39,440.4 1 1
github.com/Vector/vector-leads-scraper/gmaps/entry.go:443.2,443.15 1 1
github.com/Vector/vector-leads-scraper/gmaps/entry.go:447.49,451.29 3 1
github.com/Vector/vector-leads-scraper/gmaps/entry.go:451.29,456.25 4 1
github.com/Vector/vector-leads-scraper/gmaps/entry.go:456.25,458.4 1 1
github.com/Vector/vector-leads-scraper/gmaps/entry.go:460.3,460.21 1 1
github.com/Vector/vector-leads-scraper/gmaps/entry.go:463.2,463.14 1 1
github.com/Vector/vector-leads-scraper/gmaps/entry.go:466.59,480.24 4 1
github.com/Vector/vector-leads-scraper/gmaps/entry.go:480.24,482.10 2 1
github.com/Vector/vector-leads-scraper/gmaps/entry.go:482.10,484.4 1 0
github.com/Vector/vector-leads-scraper/gmaps/entry.go:486.3,492.25 4 1
github.com/Vector/vector-leads-scraper/gmaps/entry.go:492.25,494.11 2 1
github.com/Vector/vector-leads-scraper/gmaps/entry.go:494.11,496.5 1 0
github.com/Vector/vector-leads-scraper/gmaps/entry.go:498.4,499.11 2 1
github.com/Vector/vector-leads-scraper/gmaps/entry.go:499.11,501.5 1 0
github.com/Vector/vector-leads-scraper/gmaps/entry.go:503.4,504.11 2 1
github.com/Vector/vector-leads-scraper/gmaps/entry.go:504.11,506.5 1 0
github.com/Vector/vector-leads-scraper/gmaps/entry.go:508.4,508.26 1 1
github.com/Vector/vector-leads-scraper/gmaps/entry.go:511.3,511.39 1 1
github.com/Vector/vector-leads-scraper/gmaps/entry.go:514.2,514.21 1 1
github.com/Vector/vector-leads-scraper/gmaps/entry.go:517.63,523.23 2 1
github.com/Vector/vector-leads-scraper/gmaps/entry.go:523.23,525.3 1 0
github.com/Vector/vector-leads-scraper/gmaps/entry.go:527.2,527.23 1 1
github.com/Vector/vector-leads-scraper/gmaps/entry.go:527.23,530.22 2 1
github.com/Vector/vector-leads-scraper/gmaps/entry.go:530.22,532.4 1 1
github.com/Vector/vector-leads-scraper/gmaps/entry.go:534.3,536.18 2 1
github.com/Vector/vector-leads-scraper/gmaps/entry.go:536.18,538.4 1 1
github.com/Vector/vector-leads-scraper/gmaps/entry.go:540.3,543.10 3 1
github.com/Vector/vector-leads-scraper/gmaps/entry.go:543.10,545.4 1 0
github.com/Vector/vector-leads-scraper/gmaps/entry.go:548.2,548.40 1 1
github.com/Vector/vector-leads-scraper/gmaps/entry.go:548.40,550.3 1 0
github.com/Vector/vector-leads-scraper/gmaps/entry.go:552.2,553.9 2 1
github.com/Vector/vector-leads-scraper/gmaps/entry.go:553.9,555.3 1 1
github.com/Vector/vector-leads-scraper/gmaps/entry.go:557.2,557.12 1 1
github.com/Vector/vector-leads-scraper/gmaps/entry.go:560.45,562.2 1 0
github.com/Vector/vector-leads-scraper/gmaps/entry.go:564.30,565.25 1 0
github.com/Vector/vector-leads-scraper/gmaps/entry.go:566.14,567.13 1 0
github.com/Vector/vector-leads-scraper/gmaps/entry.go:568.15,569.32 1 0
github.com/Vector/vector-leads-scraper/gmaps/entry.go:570.11,571.12 1 0
github.com/Vector/vector-leads-scraper/gmaps/entry.go:572.10,574.19 2 0
github.com/Vector/vector-leads-scraper/gmaps/entry.go:578.44,582.16 3 1
github.com/Vector/vector-leads-scraper/gmaps/entry.go:582.16,584.3 1 0
github.com/Vector/vector-leads-scraper/gmaps/entry.go:586.2,586.22 1 1
github.com/Vector/vector-leads-scraper/gmaps/entry.go:594.92,595.67 1 0
github.com/Vector/vector-leads-scraper/gmaps/entry.go:595.67,596.33 1 0
github.com/Vector/vector-leads-scraper/gmaps/entry.go:596.33,598.26 2 0
github.com/Vector/vector-leads-scraper/gmaps/entry.go:598.26,599.68 1 0
github.com/Vector/vector-leads-scraper/gmaps/entry.go:599.68,601.6 1 0
github.com/Vector/vector-leads-scraper/gmaps/entry.go:606.2,608.72 2 0
github.com/Vector/vector-leads-scraper/gmaps/entry.go:608.72,609.10 1 0
github.com/Vector/vector-leads-scraper/gmaps/entry.go:610.32,611.13 1 0
github.com/Vector/vector-leads-scraper/gmaps/entry.go:612.32,613.12 1 0
github.com/Vector/vector-leads-scraper/gmaps/entry.go:614.11,615.12 1 0
github.com/Vector/vector-leads-scraper/gmaps/entry.go:619.2,619.50 1 0
github.com/Vector/vector-leads-scraper/gmaps/entry.go:619.50,620.41 1 0
github.com/Vector/vector-leads-scraper/gmaps/entry.go:620.41,621.23 1 0
github.com/Vector/vector-leads-scraper/gmaps/entry.go:621.23,623.5 1 0
github.com/Vector/vector-leads-scraper/gmaps/entry.go:627.2,627.57 1 0
github.com/Vector/vector-leads-scraper/gmaps/job.go:39.12,47.14 3 0
github.com/Vector/vector-leads-scraper/gmaps/job.go:47.14,49.3 1 0
github.com/Vector/vector-leads-scraper/gmaps/job.go:51.2,52.38 2 0
github.com/Vector/vector-leads-scraper/gmaps/job.go:52.38,54.3 1 0
github.com/Vector/vector-leads-scraper/gmaps/job.go:54.8,57.3 1 0
github.com/Vector/vector-leads-scraper/gmaps/job.go:59.2,73.27 2 0
github.com/Vector/vector-leads-scraper/gmaps/job.go:73.27,75.3 1 0
github.com/Vector/vector-leads-scraper/gmaps/job.go:77.2,77.13 1 0
github.com/Vector/vector-leads-scraper/gmaps/job.go:80.52,81.26 1 0
github.com/Vector/vector-leads-scraper/gmaps/job.go:81.26,83.3 1 0
github.com/Vector/vector-leads-scraper/gmaps/job.go:86.54,87.26 1 0
github.com/Vector/vector-leads-scraper/gmaps/job.go:87.26,89.3 1 0
github.com/Vector/vector-leads-scraper/gmaps/job.go:92.39,94.2 1 0
github.com/Vector/vector-leads-scraper/gmaps/job.go:96.107,97.15 1 0
github.com/Vector/vector-leads-scraper/gmaps/job.go:97.15,100.3 2 0
github.com/Vector/vector-leads-scraper/gmaps/job.go:102.2,105.9 3 0
github.com/Vector/vector-leads-scraper/gmaps/job.go:105.9,107.3 1 0
github.com/Vector/vector-leads-scraper/gmaps/job.go:109.2,111.48 2 0
github.com/Vector/vector-leads-scraper/gmaps/job.go:111.48,113.27 2 0
github.com/Vector/vector-leads-scraper/gmaps/job.go:113.27,115.4 1 0
github.com/Vector/vector-leads-scraper/gmaps/job.go:117.3,119.32 2 0
github.com/Vector/vector-leads-scraper/gmaps/job.go:120.8,121.85 1 0
github.com/Vector/vector-leads-scraper/gmaps/job.go:121.85,122.48 1 0
github.com/Vector/vector-leads-scraper/gmaps/job.go:122.48,124.29 2 0
github.com/Vector/vector-leads-scraper/gmaps/job.go:124.29,126.6 1 0
github.com/Vector/vector-leads-scraper/gmaps/job.go:128.5,130.64 2 0
github.com/Vector/vector-leads-scraper/gmaps/job.go:130.64,132.6 1 0
github.com/Vector/vector-leads-scraper/gmaps/job.go:137.2,137.26 1 0
github.com/Vector/vector-leads-scraper/gmaps/job.go:137.26,140.3 2 0
github.com/Vector/vector-leads-scraper/gmaps/job.go:142.2,144.23 2 0
github.com/Vector/vector-leads-scraper/gmaps/job.go:147.97,154.16 3 0
github.com/Vector/vector-leads-scraper/gmaps/job.go:154.16,158.3 2 0
github.com/Vector/vector-leads-scraper/gmaps/job.go:160.2,160.58 1 0
github.com/Vector/vector-leads-scraper/gmaps/job.go:160.58,164.3 2 0
github.com/Vector/vector-leads-scraper/gmaps/job.go:166.2,173.16 3 0
github.com/Vector/vector-leads-scraper/gmaps/job.go:173.16,177.3 2 0
github.com/Vector/vector-leads-scraper/gmaps/job.go:179.2,183.43 4 0
github.com/Vector/vector-leads-scraper/gmaps/job.go:183.43,185.3 1 0
github.com/Vector/vector-leads-scraper/gmaps/job.go:189.2,196.16 3 0
github.com/Vector/vector-leads-scraper/gmaps/job.go:196.16,197.10 1 0
github.com/Vector/vector-leads-scraper/gmaps/job.go:198.21,201.15 2 0
github.com/Vector/vector-leads-scraper/gmaps/job.go:202.38,202.38 0 0
github.com/Vector/vector-leads-scraper/gmaps/job.go:206.2,206.50 1 0
github.com/Vector/vector-leads-scraper/gmaps/job.go:206.50,212.17 4 0
github.com/Vector/vector-leads-scraper/gmaps/job.go:212.17,215.4 2 0
github.com/Vector/vector-leads-scraper/gmaps/job.go:217.3,219.14 2 0
github.com/Vector/vector-leads-scraper/gmaps/job.go:222.2,223.16 2 0
github.com/Vector/vector-leads-scraper/gmaps/job.go:223.16,227.3 2 0
github.com/Vector/vector-leads-scraper/gmaps/job.go:229.2,230.16 2 0
github.com/Vector/vector-leads-scraper/gmaps/job.go:230.16,233.3 2 0
github.com/Vector/vector-leads-scraper/gmaps/job.go:235.2,237.13 2 0
github.com/Vector/vector-leads-scraper/gmaps/job.go:240.63,251.16 4 0
github.com/Vector/vector-leads-scraper/gmaps/job.go:251.16,253.3 1 0
github.com/Vector/vector-leads-scraper/gmaps/job.go:255.2,255.15 1 0
github.com/Vector/vector-leads-scraper/gmaps/job.go:255.15,257.3 1 0
github.com/Vector/vector-leads-scraper/gmaps/job.go:260.2,260.19 1 0
github.com/Vector/vector-leads-scraper/gmaps/job.go:263.83,286.32 7 0
github.com/Vector/vector-leads-scraper/gmaps/job.go:286.32,290.26 3 0
github.com/Vector/vector-leads-scraper/gmaps/job.go:290.26,292.4 1 0
github.com/Vector/vector-leads-scraper/gmaps/job.go:295.3,296.17 2 0
github.com/Vector/vector-leads-scraper/gmaps/job.go:296.17,298.4 1 0
github.com/Vector/vector-leads-scraper/gmaps/job.go:300.3,301.10 2 0
github.com/Vector/vector-leads-scraper/gmaps/job.go:301.10,303.4 1 0
github.com/Vector/vector-leads-scraper/gmaps/job.go:305.3,305.36 1 0
github.com/Vector/vector-leads-scraper/gmaps/job.go:305.36,306.9 1 0
github.com/Vector/vector-leads-scraper/gmaps/job.go:309.3,311.10 2 0
github.com/Vector/vector-leads-scraper/gmaps/job.go:312.21,313.35 1 0
github.com/Vector/vector-leads-scraper/gmaps/job.go:314.11,314.11 0 0
github.com/Vector/vector-leads-scraper/gmaps/job.go:317.3,319.26 2 0
github.com/Vector/vector-leads-scraper/gmaps/job.go:319.26,321.4 1 0
github.com/Vector/vector-leads-scraper/gmaps/job.go:324.3,324.32 1 0
github.com/Vector/vector-leads-scraper/gmaps/job.go:327.2,327.17 1 0
github.com/Vector/vector-leads-scraper/gmaps/multiple.go:11.55,13.51 2 1
github.com/Vector/vector-leads-scraper/gmaps/multiple.go:13.51,15.3 1 0
github.com/Vector/vector-leads-scraper/gmaps/multiple.go:17.2,17.20 1 1
github.com/Vector/vector-leads-scraper/gmaps/multiple.go:17.20,19.3 1 0
github.com/Vector/vector-leads-scraper/gmaps/multiple.go:21.2,22.32 2 1
github.com/Vector/vector-leads-scraper/gmaps/multiple.go:22.32,24.3 1 0
github.com/Vector/vector-leads-scraper/gmaps/multiple.go:26.2,27.20 2 1
github.com/Vector/vector-leads-scraper/gmaps/multiple.go:27.20,29.3 1 0
github.com/Vector/vector-leads-scraper/gmaps/multiple.go:31.2,33.34 2 1
github.com/Vector/vector-leads-scraper/gmaps/multiple.go:33.34,35.10 2 1
github.com/Vector/vector-leads-scraper/gmaps/multiple.go:35.10,36.12 1 0
github.com/Vector/vector-leads-scraper/gmaps/multiple.go:39.3,53.33 10 1
github.com/Vector/vector-leads-scraper/gmaps/multiple.go:53.33,56.37 2 1
github.com/Vector/vector-leads-scraper/gmaps/multiple.go:56.37,57.14 1 1
github.com/Vector/vector-leads-scraper/gmaps/multiple.go:57.14,59.6 1 1
github.com/Vector/vector-leads-scraper/gmaps/multiple.go:61.5,61.44 1 1
github.com/Vector/vector-leads-scraper/gmaps/multiple.go:64.4,64.22 1 1
github.com/Vector/vector-leads-scraper/gmaps/multiple.go:67.3,77.36 9 1
github.com/Vector/vector-leads-scraper/gmaps/multiple.go:80.2,80.21 1 1
github.com/Vector/vector-leads-scraper/gmaps/multiple.go:83.40,85.24 2 1
github.com/Vector/vector-leads-scraper/gmaps/multiple.go:85.24,87.3 1 1
github.com/Vector/vector-leads-scraper/gmaps/multiple.go:89.2,89.12 1 1
github.com/Vector/vector-leads-scraper/gmaps/place.go:25.102,46.27 5 0
github.com/Vector/vector-leads-scraper/gmaps/place.go:46.27,48.3 1 0
github.com/Vector/vector-leads-scraper/gmaps/place.go:50.2,50.13 1 0
github.com/Vector/vector-leads-scraper/gmaps/place.go:53.73,54.27 1 0
github.com/Vector/vector-leads-scraper/gmaps/place.go:54.27,56.3 1 0
github.com/Vector/vector-leads-scraper/gmaps/place.go:59.106,60.15 1 0
github.com/Vector/vector-leads-scraper/gmaps/place.go:60.15,64.3 3 0
github.com/Vector/vector-leads-scraper/gmaps/place.go:66.2,67.9 2 0
github.com/Vector/vector-leads-scraper/gmaps/place.go:67.9,69.3 1 0
github.com/Vector/vector-leads-scraper/gmaps/place.go:71.2,72.16 2 0
github.com/Vector/vector-leads-scraper/gmaps/place.go:72.16,74.3 1 0
github.com/Vector/vector-leads-scraper/gmaps/place.go:76.2,78.22 2 0
github.com/Vector/vector-leads-scraper/gmaps/place.go:78.22,80.3 1 0
github.com/Vector/vector-leads-scraper/gmaps/place.go:82.2,82.54 1 0
github.com/Vector/vector-leads-scraper/gmaps/place.go:82.54,84.27 2 0
github.com/Vector/vector-leads-scraper/gmaps/place.go:84.27,86.4 1 0
github.com/Vector/vector-leads-scraper/gmaps/place.go:88.3,92.47 3 0
github.com/Vector/vector-leads-scraper/gmaps/place.go:93.8,93.33 1 0
github.com/Vector/vector-leads-scraper/gmaps/place.go:93.33,95.3 1 0
github.com/Vector/vector-leads-scraper/gmaps/place.go:97.2,97.25 1 0
github.com/Vector/vector-leads-scraper/gmaps/place.go:100.96,107.16 3 0
github.com/Vector/vector-leads-scraper/gmaps/place.go:107.16,111.3 2 0
github.com/Vector/vector-leads-scraper/gmaps/place.go:113.2,113.58 1 0
github.com/Vector/vector-leads-scraper/gmaps/place.go:113.58,117.3 2 0
github.com/Vector/vector-leads-scraper/gmaps/place.go:119.2,125.16 3 0
github.com/Vector/vector-leads-scraper/gmaps/place.go:125.16,129.3 2 0
github.com/Vector/vector-leads-scraper/gmaps/place.go:131.2,135.43 4 0
github.com/Vector/vector-leads-scraper/gmaps/place.go:135.43,137.3 1 0
github.com/Vector/vector-leads-scraper/gmaps/place.go:139.2,140.16 2 0
github.com/Vector/vector-leads-scraper/gmaps/place.go:140.16,144.3 2 0
github.com/Vector/vector-leads-scraper/gmaps/place.go:146.2,147.9 2 0
github.com/Vector/vector-leads-scraper/gmaps/place.go:147.9,151.3 2 0
github.com/Vector/vector-leads-scraper/gmaps/place.go:153.2,157.22 3 0
github.com/Vector/vector-leads-scraper/gmaps/place.go:157.22,159.3 1 0
github.com/Vector/vector-leads-scraper/gmaps/place.go:161.2,163.13 2 0
github.com/Vector/vector-leads-scraper/gmaps/place.go:166.40,168.2 1 0
github.com/Vector/vector-leads-scraper/gmaps/searchjob.go:38.81,58.27 4 0
github.com/Vector/vector-leads-scraper/gmaps/searchjob.go:58.27,60.3 1 0
github.com/Vector/vector-leads-scraper/gmaps/searchjob.go:62.2,62.13 1 0
github.com/Vector/vector-leads-scraper/gmaps/searchjob.go:65.75,66.28 1 0
github.com/Vector/vector-leads-scraper/gmaps/searchjob.go:66.28,68.3 1 0
github.com/Vector/vector-leads-scraper/gmaps/searchjob.go:71.107,72.15 1 0
github.com/Vector/vector-leads-scraper/gmaps/searchjob.go:72.15,76.3 3 0
github.com/Vector/vector-leads-scraper/gmaps/searchjob.go:78.2,79.20 2 0
github.com/Vector/vector-leads-scraper/gmaps/searchjob.go:79.20,81.3 1 0
github.com/Vector/vector-leads-scraper/gmaps/searchjob.go:83.2,84.16 2 0
github.com/Vector/vector-leads-scraper/gmaps/searchjob.go:84.16,86.3 1 0
github.com/Vector/vector-leads-scraper/gmaps/searchjob.go:88.2,94.26 2 0
github.com/Vector/vector-leads-scraper/gmaps/searchjob.go:94.26,98.3 3 0
github.com/Vector/vector-leads-scraper/gmaps/searchjob.go:100.2,100.26 1 0
github.com/Vector/vector-leads-scraper/gmaps/searchjob.go:103.42,104.20 1 0
github.com/Vector/vector-leads-scraper/gmaps/searchjob.go:104.20,106.3 1 0
github.com/Vector/vector-leads-scraper/gmaps/searchjob.go:108.2,109.17 2 0
github.com/Vector/vector-leads-scraper/gmaps/searchjob.go:109.17,111.3 1 0
github.com/Vector/vector-leads-scraper/gmaps/searchjob.go:113.2,113.23 1 0
github.com/Vector/vector-leads-scraper/gmaps/searchjob.go:116.71,140.2 6 0
