mode: set
github.com/Vector/vector-leads-scraper/gmaps/emailjob.go:23.98,42.27 4 1
github.com/Vector/vector-leads-scraper/gmaps/emailjob.go:42.27,44.3 1 1
github.com/Vector/vector-leads-scraper/gmaps/emailjob.go:46.2,46.13 1 1
github.com/Vector/vector-leads-scraper/gmaps/emailjob.go:49.80,50.34 1 1
github.com/Vector/vector-leads-scraper/gmaps/emailjob.go:50.34,52.3 1 1
github.com/Vector/vector-leads-scraper/gmaps/emailjob.go:55.115,56.15 1 1
github.com/Vector/vector-leads-scraper/gmaps/emailjob.go:56.15,59.3 2 1
github.com/Vector/vector-leads-scraper/gmaps/emailjob.go:61.2,61.15 1 1
github.com/Vector/vector-leads-scraper/gmaps/emailjob.go:61.15,62.27 1 1
github.com/Vector/vector-leads-scraper/gmaps/emailjob.go:62.27,64.4 1 1
github.com/Vector/vector-leads-scraper/gmaps/emailjob.go:67.2,72.23 3 1
github.com/Vector/vector-leads-scraper/gmaps/emailjob.go:72.23,74.3 1 1
github.com/Vector/vector-leads-scraper/gmaps/emailjob.go:76.2,77.9 2 1
github.com/Vector/vector-leads-scraper/gmaps/emailjob.go:77.9,79.3 1 0
github.com/Vector/vector-leads-scraper/gmaps/emailjob.go:81.2,82.22 2 1
github.com/Vector/vector-leads-scraper/gmaps/emailjob.go:82.22,84.3 1 1
github.com/Vector/vector-leads-scraper/gmaps/emailjob.go:86.2,88.26 2 1
github.com/Vector/vector-leads-scraper/gmaps/emailjob.go:91.54,93.2 1 1
github.com/Vector/vector-leads-scraper/gmaps/emailjob.go:95.56,100.72 3 1
github.com/Vector/vector-leads-scraper/gmaps/emailjob.go:100.72,102.13 2 1
github.com/Vector/vector-leads-scraper/gmaps/emailjob.go:102.13,104.54 2 1
github.com/Vector/vector-leads-scraper/gmaps/emailjob.go:104.54,105.21 1 1
github.com/Vector/vector-leads-scraper/gmaps/emailjob.go:105.21,108.6 2 1
github.com/Vector/vector-leads-scraper/gmaps/emailjob.go:113.2,113.15 1 1
github.com/Vector/vector-leads-scraper/gmaps/emailjob.go:116.48,122.27 4 1
github.com/Vector/vector-leads-scraper/gmaps/emailjob.go:122.27,123.35 1 1
github.com/Vector/vector-leads-scraper/gmaps/emailjob.go:123.35,126.4 2 1
github.com/Vector/vector-leads-scraper/gmaps/emailjob.go:129.2,129.15 1 1
github.com/Vector/vector-leads-scraper/gmaps/emailjob.go:132.46,134.16 2 1
github.com/Vector/vector-leads-scraper/gmaps/emailjob.go:134.16,136.3 1 1
github.com/Vector/vector-leads-scraper/gmaps/emailjob.go:138.2,138.28 1 1
github.com/Vector/vector-leads-scraper/gmaps/entry.go:97.61,116.2 10 1
github.com/Vector/vector-leads-scraper/gmaps/entry.go:118.63,121.2 2 1
github.com/Vector/vector-leads-scraper/gmaps/entry.go:123.47,124.21 1 1
github.com/Vector/vector-leads-scraper/gmaps/entry.go:124.21,126.3 1 1
github.com/Vector/vector-leads-scraper/gmaps/entry.go:128.2,134.25 2 1
github.com/Vector/vector-leads-scraper/gmaps/entry.go:134.25,135.46 1 1
github.com/Vector/vector-leads-scraper/gmaps/entry.go:135.46,137.4 1 1
github.com/Vector/vector-leads-scraper/gmaps/entry.go:140.2,140.13 1 1
github.com/Vector/vector-leads-scraper/gmaps/entry.go:143.34,144.19 1 1
github.com/Vector/vector-leads-scraper/gmaps/entry.go:144.19,146.3 1 1
github.com/Vector/vector-leads-scraper/gmaps/entry.go:148.2,148.22 1 1
github.com/Vector/vector-leads-scraper/gmaps/entry.go:148.22,150.3 1 1
github.com/Vector/vector-leads-scraper/gmaps/entry.go:152.2,152.12 1 1
github.com/Vector/vector-leads-scraper/gmaps/entry.go:155.39,190.2 1 1
github.com/Vector/vector-leads-scraper/gmaps/entry.go:192.35,227.2 1 1
github.com/Vector/vector-leads-scraper/gmaps/entry.go:230.57,231.15 1 1
github.com/Vector/vector-leads-scraper/gmaps/entry.go:231.15,232.31 1 1
github.com/Vector/vector-leads-scraper/gmaps/entry.go:232.31,236.4 2 0
github.com/Vector/vector-leads-scraper/gmaps/entry.go:239.2,240.49 2 1
github.com/Vector/vector-leads-scraper/gmaps/entry.go:240.49,242.3 1 0
github.com/Vector/vector-leads-scraper/gmaps/entry.go:244.2,244.17 1 1
github.com/Vector/vector-leads-scraper/gmaps/entry.go:244.17,246.3 1 0
github.com/Vector/vector-leads-scraper/gmaps/entry.go:248.2,249.9 2 1
github.com/Vector/vector-leads-scraper/gmaps/entry.go:249.9,251.3 1 0
github.com/Vector/vector-leads-scraper/gmaps/entry.go:253.2,259.29 5 1
github.com/Vector/vector-leads-scraper/gmaps/entry.go:259.29,261.3 1 1
github.com/Vector/vector-leads-scraper/gmaps/entry.go:263.2,263.31 1 1
github.com/Vector/vector-leads-scraper/gmaps/entry.go:263.31,265.3 1 1
github.com/Vector/vector-leads-scraper/gmaps/entry.go:267.2,296.23 21 1
github.com/Vector/vector-leads-scraper/gmaps/entry.go:296.23,301.3 1 1
github.com/Vector/vector-leads-scraper/gmaps/entry.go:303.2,311.28 3 1
github.com/Vector/vector-leads-scraper/gmaps/entry.go:311.28,313.3 1 1
github.com/Vector/vector-leads-scraper/gmaps/entry.go:315.2,331.26 4 1
github.com/Vector/vector-leads-scraper/gmaps/entry.go:331.26,333.3 1 1
github.com/Vector/vector-leads-scraper/gmaps/entry.go:335.2,346.24 3 1
github.com/Vector/vector-leads-scraper/gmaps/entry.go:346.24,355.24 4 1
github.com/Vector/vector-leads-scraper/gmaps/entry.go:355.24,361.22 2 1
github.com/Vector/vector-leads-scraper/gmaps/entry.go:361.22,363.5 1 1
github.com/Vector/vector-leads-scraper/gmaps/entry.go:366.3,366.43 1 1
github.com/Vector/vector-leads-scraper/gmaps/entry.go:369.2,378.26 3 1
github.com/Vector/vector-leads-scraper/gmaps/entry.go:378.26,384.17 4 1
github.com/Vector/vector-leads-scraper/gmaps/entry.go:384.17,386.4 1 0
github.com/Vector/vector-leads-scraper/gmaps/entry.go:388.3,391.24 1 1
github.com/Vector/vector-leads-scraper/gmaps/entry.go:391.24,392.22 1 1
github.com/Vector/vector-leads-scraper/gmaps/entry.go:392.22,394.6 1 1
github.com/Vector/vector-leads-scraper/gmaps/entry.go:396.5,396.62 1 1
github.com/Vector/vector-leads-scraper/gmaps/entry.go:402.3,402.24 1 1
github.com/Vector/vector-leads-scraper/gmaps/entry.go:402.24,403.12 1 1
github.com/Vector/vector-leads-scraper/gmaps/entry.go:406.3,408.24 2 1
github.com/Vector/vector-leads-scraper/gmaps/entry.go:408.24,410.17 2 1
github.com/Vector/vector-leads-scraper/gmaps/entry.go:410.17,412.5 1 1
github.com/Vector/vector-leads-scraper/gmaps/entry.go:415.3,415.56 1 1
github.com/Vector/vector-leads-scraper/gmaps/entry.go:418.2,418.19 1 1
github.com/Vector/vector-leads-scraper/gmaps/entry.go:427.61,430.28 2 1
github.com/Vector/vector-leads-scraper/gmaps/entry.go:430.28,437.39 3 1
github.com/Vector/vector-leads-scraper/gmaps/entry.go:437.39,439.4 1 1
github.com/Vector/vector-leads-scraper/gmaps/entry.go:442.2,442.15 1 1
github.com/Vector/vector-leads-scraper/gmaps/entry.go:446.49,450.29 3 1
github.com/Vector/vector-leads-scraper/gmaps/entry.go:450.29,455.25 4 1
github.com/Vector/vector-leads-scraper/gmaps/entry.go:455.25,457.4 1 1
github.com/Vector/vector-leads-scraper/gmaps/entry.go:459.3,459.21 1 1
github.com/Vector/vector-leads-scraper/gmaps/entry.go:462.2,462.14 1 1
github.com/Vector/vector-leads-scraper/gmaps/entry.go:465.59,479.24 4 1
github.com/Vector/vector-leads-scraper/gmaps/entry.go:479.24,481.10 2 1
github.com/Vector/vector-leads-scraper/gmaps/entry.go:481.10,483.4 1 0
github.com/Vector/vector-leads-scraper/gmaps/entry.go:485.3,491.25 4 1
github.com/Vector/vector-leads-scraper/gmaps/entry.go:491.25,493.11 2 1
github.com/Vector/vector-leads-scraper/gmaps/entry.go:493.11,495.5 1 0
github.com/Vector/vector-leads-scraper/gmaps/entry.go:497.4,498.11 2 1
github.com/Vector/vector-leads-scraper/gmaps/entry.go:498.11,500.5 1 0
github.com/Vector/vector-leads-scraper/gmaps/entry.go:502.4,503.11 2 1
github.com/Vector/vector-leads-scraper/gmaps/entry.go:503.11,505.5 1 0
github.com/Vector/vector-leads-scraper/gmaps/entry.go:507.4,507.26 1 1
github.com/Vector/vector-leads-scraper/gmaps/entry.go:510.3,510.39 1 1
github.com/Vector/vector-leads-scraper/gmaps/entry.go:513.2,513.21 1 1
github.com/Vector/vector-leads-scraper/gmaps/entry.go:516.63,522.23 2 1
github.com/Vector/vector-leads-scraper/gmaps/entry.go:522.23,524.3 1 0
github.com/Vector/vector-leads-scraper/gmaps/entry.go:526.2,526.23 1 1
github.com/Vector/vector-leads-scraper/gmaps/entry.go:526.23,529.22 2 1
github.com/Vector/vector-leads-scraper/gmaps/entry.go:529.22,531.4 1 1
github.com/Vector/vector-leads-scraper/gmaps/entry.go:533.3,535.18 2 1
github.com/Vector/vector-leads-scraper/gmaps/entry.go:535.18,537.4 1 1
github.com/Vector/vector-leads-scraper/gmaps/entry.go:539.3,542.10 3 1
github.com/Vector/vector-leads-scraper/gmaps/entry.go:542.10,544.4 1 0
github.com/Vector/vector-leads-scraper/gmaps/entry.go:547.2,547.40 1 1
github.com/Vector/vector-leads-scraper/gmaps/entry.go:547.40,549.3 1 0
github.com/Vector/vector-leads-scraper/gmaps/entry.go:551.2,552.9 2 1
github.com/Vector/vector-leads-scraper/gmaps/entry.go:552.9,554.3 1 1
github.com/Vector/vector-leads-scraper/gmaps/entry.go:556.2,556.12 1 1
github.com/Vector/vector-leads-scraper/gmaps/entry.go:559.45,561.2 1 1
github.com/Vector/vector-leads-scraper/gmaps/entry.go:563.30,564.25 1 1
github.com/Vector/vector-leads-scraper/gmaps/entry.go:565.14,566.13 1 0
github.com/Vector/vector-leads-scraper/gmaps/entry.go:567.15,568.32 1 1
github.com/Vector/vector-leads-scraper/gmaps/entry.go:569.11,570.12 1 0
github.com/Vector/vector-leads-scraper/gmaps/entry.go:571.10,573.19 2 1
github.com/Vector/vector-leads-scraper/gmaps/entry.go:577.44,581.16 3 1
github.com/Vector/vector-leads-scraper/gmaps/entry.go:581.16,583.3 1 0
github.com/Vector/vector-leads-scraper/gmaps/entry.go:585.2,585.22 1 1
github.com/Vector/vector-leads-scraper/gmaps/entry.go:593.92,594.67 1 0
github.com/Vector/vector-leads-scraper/gmaps/entry.go:594.67,595.33 1 0
github.com/Vector/vector-leads-scraper/gmaps/entry.go:595.33,597.26 2 0
github.com/Vector/vector-leads-scraper/gmaps/entry.go:597.26,598.68 1 0
github.com/Vector/vector-leads-scraper/gmaps/entry.go:598.68,600.6 1 0
github.com/Vector/vector-leads-scraper/gmaps/entry.go:605.2,607.72 2 0
github.com/Vector/vector-leads-scraper/gmaps/entry.go:607.72,608.10 1 0
github.com/Vector/vector-leads-scraper/gmaps/entry.go:609.32,610.13 1 0
github.com/Vector/vector-leads-scraper/gmaps/entry.go:611.32,612.12 1 0
github.com/Vector/vector-leads-scraper/gmaps/entry.go:613.11,614.12 1 0
github.com/Vector/vector-leads-scraper/gmaps/entry.go:618.2,618.50 1 0
github.com/Vector/vector-leads-scraper/gmaps/entry.go:618.50,619.41 1 0
github.com/Vector/vector-leads-scraper/gmaps/entry.go:619.41,620.23 1 0
github.com/Vector/vector-leads-scraper/gmaps/entry.go:620.23,622.5 1 0
github.com/Vector/vector-leads-scraper/gmaps/entry.go:626.2,626.57 1 0
github.com/Vector/vector-leads-scraper/gmaps/entry.go:629.64,648.2 10 1
github.com/Vector/vector-leads-scraper/gmaps/entry.go:650.45,652.2 1 1
github.com/Vector/vector-leads-scraper/gmaps/entry.go:654.38,655.25 1 1
github.com/Vector/vector-leads-scraper/gmaps/entry.go:656.14,657.13 1 1
github.com/Vector/vector-leads-scraper/gmaps/entry.go:658.15,659.32 1 1
github.com/Vector/vector-leads-scraper/gmaps/entry.go:660.11,661.12 1 1
github.com/Vector/vector-leads-scraper/gmaps/entry.go:662.10,664.19 2 1
github.com/Vector/vector-leads-scraper/gmaps/entry.go:668.104,669.67 1 1
github.com/Vector/vector-leads-scraper/gmaps/entry.go:669.67,670.33 1 1
github.com/Vector/vector-leads-scraper/gmaps/entry.go:670.33,672.26 2 1
github.com/Vector/vector-leads-scraper/gmaps/entry.go:672.26,673.68 1 1
github.com/Vector/vector-leads-scraper/gmaps/entry.go:673.68,675.6 1 0
github.com/Vector/vector-leads-scraper/gmaps/entry.go:680.2,682.72 2 1
github.com/Vector/vector-leads-scraper/gmaps/entry.go:682.72,683.10 1 1
github.com/Vector/vector-leads-scraper/gmaps/entry.go:684.32,685.13 1 1
github.com/Vector/vector-leads-scraper/gmaps/entry.go:686.32,687.12 1 0
github.com/Vector/vector-leads-scraper/gmaps/entry.go:688.11,689.12 1 0
github.com/Vector/vector-leads-scraper/gmaps/entry.go:693.2,693.50 1 1
github.com/Vector/vector-leads-scraper/gmaps/entry.go:693.50,694.41 1 1
github.com/Vector/vector-leads-scraper/gmaps/entry.go:694.41,695.23 1 1
github.com/Vector/vector-leads-scraper/gmaps/entry.go:695.23,697.5 1 0
github.com/Vector/vector-leads-scraper/gmaps/entry.go:701.2,701.57 1 1
github.com/Vector/vector-leads-scraper/gmaps/job.go:39.12,47.14 3 0
github.com/Vector/vector-leads-scraper/gmaps/job.go:47.14,49.3 1 0
github.com/Vector/vector-leads-scraper/gmaps/job.go:51.2,52.38 2 0
github.com/Vector/vector-leads-scraper/gmaps/job.go:52.38,54.3 1 0
github.com/Vector/vector-leads-scraper/gmaps/job.go:54.8,57.3 1 0
github.com/Vector/vector-leads-scraper/gmaps/job.go:59.2,73.27 2 0
github.com/Vector/vector-leads-scraper/gmaps/job.go:73.27,75.3 1 0
github.com/Vector/vector-leads-scraper/gmaps/job.go:77.2,77.13 1 0
github.com/Vector/vector-leads-scraper/gmaps/job.go:80.52,81.26 1 0
github.com/Vector/vector-leads-scraper/gmaps/job.go:81.26,83.3 1 0
github.com/Vector/vector-leads-scraper/gmaps/job.go:86.54,87.26 1 0
github.com/Vector/vector-leads-scraper/gmaps/job.go:87.26,89.3 1 0
github.com/Vector/vector-leads-scraper/gmaps/job.go:92.39,94.2 1 0
github.com/Vector/vector-leads-scraper/gmaps/job.go:96.107,97.15 1 0
github.com/Vector/vector-leads-scraper/gmaps/job.go:97.15,100.3 2 0
github.com/Vector/vector-leads-scraper/gmaps/job.go:102.2,105.9 3 0
github.com/Vector/vector-leads-scraper/gmaps/job.go:105.9,107.3 1 0
github.com/Vector/vector-leads-scraper/gmaps/job.go:109.2,111.48 2 0
github.com/Vector/vector-leads-scraper/gmaps/job.go:111.48,113.27 2 0
github.com/Vector/vector-leads-scraper/gmaps/job.go:113.27,115.4 1 0
github.com/Vector/vector-leads-scraper/gmaps/job.go:117.3,119.32 2 0
github.com/Vector/vector-leads-scraper/gmaps/job.go:120.8,121.85 1 0
github.com/Vector/vector-leads-scraper/gmaps/job.go:121.85,122.48 1 0
github.com/Vector/vector-leads-scraper/gmaps/job.go:122.48,124.29 2 0
github.com/Vector/vector-leads-scraper/gmaps/job.go:124.29,126.6 1 0
github.com/Vector/vector-leads-scraper/gmaps/job.go:128.5,130.64 2 0
github.com/Vector/vector-leads-scraper/gmaps/job.go:130.64,132.6 1 0
github.com/Vector/vector-leads-scraper/gmaps/job.go:137.2,137.26 1 0
github.com/Vector/vector-leads-scraper/gmaps/job.go:137.26,140.3 2 0
github.com/Vector/vector-leads-scraper/gmaps/job.go:142.2,144.23 2 0
github.com/Vector/vector-leads-scraper/gmaps/job.go:147.97,154.16 3 0
github.com/Vector/vector-leads-scraper/gmaps/job.go:154.16,158.3 2 0
github.com/Vector/vector-leads-scraper/gmaps/job.go:160.2,160.58 1 0
github.com/Vector/vector-leads-scraper/gmaps/job.go:160.58,164.3 2 0
github.com/Vector/vector-leads-scraper/gmaps/job.go:166.2,173.16 3 0
github.com/Vector/vector-leads-scraper/gmaps/job.go:173.16,177.3 2 0
github.com/Vector/vector-leads-scraper/gmaps/job.go:179.2,183.43 4 0
github.com/Vector/vector-leads-scraper/gmaps/job.go:183.43,185.3 1 0
github.com/Vector/vector-leads-scraper/gmaps/job.go:189.2,196.16 3 0
github.com/Vector/vector-leads-scraper/gmaps/job.go:196.16,197.10 1 0
github.com/Vector/vector-leads-scraper/gmaps/job.go:198.21,201.15 2 0
github.com/Vector/vector-leads-scraper/gmaps/job.go:202.38,202.38 0 0
github.com/Vector/vector-leads-scraper/gmaps/job.go:206.2,206.50 1 0
github.com/Vector/vector-leads-scraper/gmaps/job.go:206.50,212.17 4 0
github.com/Vector/vector-leads-scraper/gmaps/job.go:212.17,215.4 2 0
github.com/Vector/vector-leads-scraper/gmaps/job.go:217.3,219.14 2 0
github.com/Vector/vector-leads-scraper/gmaps/job.go:222.2,223.16 2 0
github.com/Vector/vector-leads-scraper/gmaps/job.go:223.16,227.3 2 0
github.com/Vector/vector-leads-scraper/gmaps/job.go:229.2,230.16 2 0
github.com/Vector/vector-leads-scraper/gmaps/job.go:230.16,233.3 2 0
github.com/Vector/vector-leads-scraper/gmaps/job.go:235.2,237.13 2 0
github.com/Vector/vector-leads-scraper/gmaps/job.go:240.63,251.16 4 0
github.com/Vector/vector-leads-scraper/gmaps/job.go:251.16,253.3 1 0
github.com/Vector/vector-leads-scraper/gmaps/job.go:255.2,255.15 1 0
github.com/Vector/vector-leads-scraper/gmaps/job.go:255.15,257.3 1 0
github.com/Vector/vector-leads-scraper/gmaps/job.go:260.2,260.19 1 0
github.com/Vector/vector-leads-scraper/gmaps/job.go:263.83,286.32 7 0
github.com/Vector/vector-leads-scraper/gmaps/job.go:286.32,290.26 3 0
github.com/Vector/vector-leads-scraper/gmaps/job.go:290.26,292.4 1 0
github.com/Vector/vector-leads-scraper/gmaps/job.go:295.3,296.17 2 0
github.com/Vector/vector-leads-scraper/gmaps/job.go:296.17,298.4 1 0
github.com/Vector/vector-leads-scraper/gmaps/job.go:300.3,301.10 2 0
github.com/Vector/vector-leads-scraper/gmaps/job.go:301.10,303.4 1 0
github.com/Vector/vector-leads-scraper/gmaps/job.go:305.3,305.36 1 0
github.com/Vector/vector-leads-scraper/gmaps/job.go:305.36,306.9 1 0
github.com/Vector/vector-leads-scraper/gmaps/job.go:309.3,311.10 2 0
github.com/Vector/vector-leads-scraper/gmaps/job.go:312.21,313.35 1 0
github.com/Vector/vector-leads-scraper/gmaps/job.go:314.11,314.11 0 0
github.com/Vector/vector-leads-scraper/gmaps/job.go:317.3,319.26 2 0
github.com/Vector/vector-leads-scraper/gmaps/job.go:319.26,321.4 1 0
github.com/Vector/vector-leads-scraper/gmaps/job.go:324.3,324.32 1 0
github.com/Vector/vector-leads-scraper/gmaps/job.go:327.2,327.17 1 0
github.com/Vector/vector-leads-scraper/gmaps/multiple.go:11.55,13.51 2 1
github.com/Vector/vector-leads-scraper/gmaps/multiple.go:13.51,15.3 1 0
github.com/Vector/vector-leads-scraper/gmaps/multiple.go:17.2,17.20 1 1
github.com/Vector/vector-leads-scraper/gmaps/multiple.go:17.20,19.3 1 0
github.com/Vector/vector-leads-scraper/gmaps/multiple.go:21.2,22.32 2 1
github.com/Vector/vector-leads-scraper/gmaps/multiple.go:22.32,24.3 1 0
github.com/Vector/vector-leads-scraper/gmaps/multiple.go:26.2,27.20 2 1
github.com/Vector/vector-leads-scraper/gmaps/multiple.go:27.20,29.3 1 0
github.com/Vector/vector-leads-scraper/gmaps/multiple.go:31.2,33.34 2 1
github.com/Vector/vector-leads-scraper/gmaps/multiple.go:33.34,35.10 2 1
github.com/Vector/vector-leads-scraper/gmaps/multiple.go:35.10,36.12 1 0
github.com/Vector/vector-leads-scraper/gmaps/multiple.go:39.3,53.33 10 1
github.com/Vector/vector-leads-scraper/gmaps/multiple.go:53.33,56.37 2 1
github.com/Vector/vector-leads-scraper/gmaps/multiple.go:56.37,57.14 1 1
github.com/Vector/vector-leads-scraper/gmaps/multiple.go:57.14,59.6 1 1
github.com/Vector/vector-leads-scraper/gmaps/multiple.go:61.5,61.44 1 1
github.com/Vector/vector-leads-scraper/gmaps/multiple.go:64.4,64.22 1 1
github.com/Vector/vector-leads-scraper/gmaps/multiple.go:67.3,77.36 9 1
github.com/Vector/vector-leads-scraper/gmaps/multiple.go:80.2,80.21 1 1
github.com/Vector/vector-leads-scraper/gmaps/multiple.go:83.40,85.24 2 1
github.com/Vector/vector-leads-scraper/gmaps/multiple.go:85.24,87.3 1 1
github.com/Vector/vector-leads-scraper/gmaps/multiple.go:89.2,89.12 1 1
github.com/Vector/vector-leads-scraper/gmaps/place.go:25.102,46.27 5 0
github.com/Vector/vector-leads-scraper/gmaps/place.go:46.27,48.3 1 0
github.com/Vector/vector-leads-scraper/gmaps/place.go:50.2,50.13 1 0
github.com/Vector/vector-leads-scraper/gmaps/place.go:53.73,54.27 1 0
github.com/Vector/vector-leads-scraper/gmaps/place.go:54.27,56.3 1 0
github.com/Vector/vector-leads-scraper/gmaps/place.go:59.106,60.15 1 0
github.com/Vector/vector-leads-scraper/gmaps/place.go:60.15,64.3 3 0
github.com/Vector/vector-leads-scraper/gmaps/place.go:66.2,67.9 2 0
github.com/Vector/vector-leads-scraper/gmaps/place.go:67.9,69.3 1 0
github.com/Vector/vector-leads-scraper/gmaps/place.go:71.2,72.16 2 0
github.com/Vector/vector-leads-scraper/gmaps/place.go:72.16,74.3 1 0
github.com/Vector/vector-leads-scraper/gmaps/place.go:76.2,78.22 2 0
github.com/Vector/vector-leads-scraper/gmaps/place.go:78.22,80.3 1 0
github.com/Vector/vector-leads-scraper/gmaps/place.go:82.2,82.54 1 0
github.com/Vector/vector-leads-scraper/gmaps/place.go:82.54,84.27 2 0
github.com/Vector/vector-leads-scraper/gmaps/place.go:84.27,86.4 1 0
github.com/Vector/vector-leads-scraper/gmaps/place.go:88.3,92.47 3 0
github.com/Vector/vector-leads-scraper/gmaps/place.go:93.8,93.33 1 0
github.com/Vector/vector-leads-scraper/gmaps/place.go:93.33,95.3 1 0
github.com/Vector/vector-leads-scraper/gmaps/place.go:97.2,97.25 1 0
github.com/Vector/vector-leads-scraper/gmaps/place.go:100.96,107.16 3 0
github.com/Vector/vector-leads-scraper/gmaps/place.go:107.16,111.3 2 0
github.com/Vector/vector-leads-scraper/gmaps/place.go:113.2,113.58 1 0
github.com/Vector/vector-leads-scraper/gmaps/place.go:113.58,117.3 2 0
github.com/Vector/vector-leads-scraper/gmaps/place.go:119.2,125.16 3 0
github.com/Vector/vector-leads-scraper/gmaps/place.go:125.16,129.3 2 0
github.com/Vector/vector-leads-scraper/gmaps/place.go:131.2,135.43 4 0
github.com/Vector/vector-leads-scraper/gmaps/place.go:135.43,137.3 1 0
github.com/Vector/vector-leads-scraper/gmaps/place.go:139.2,140.16 2 0
github.com/Vector/vector-leads-scraper/gmaps/place.go:140.16,144.3 2 0
github.com/Vector/vector-leads-scraper/gmaps/place.go:146.2,147.9 2 0
github.com/Vector/vector-leads-scraper/gmaps/place.go:147.9,151.3 2 0
github.com/Vector/vector-leads-scraper/gmaps/place.go:153.2,157.22 3 0
github.com/Vector/vector-leads-scraper/gmaps/place.go:157.22,159.3 1 0
github.com/Vector/vector-leads-scraper/gmaps/place.go:161.2,163.13 2 0
github.com/Vector/vector-leads-scraper/gmaps/place.go:166.40,168.2 1 0
github.com/Vector/vector-leads-scraper/gmaps/searchjob.go:38.81,58.27 4 0
github.com/Vector/vector-leads-scraper/gmaps/searchjob.go:58.27,60.3 1 0
github.com/Vector/vector-leads-scraper/gmaps/searchjob.go:62.2,62.13 1 0
github.com/Vector/vector-leads-scraper/gmaps/searchjob.go:65.75,66.28 1 0
github.com/Vector/vector-leads-scraper/gmaps/searchjob.go:66.28,68.3 1 0
github.com/Vector/vector-leads-scraper/gmaps/searchjob.go:71.107,72.15 1 0
github.com/Vector/vector-leads-scraper/gmaps/searchjob.go:72.15,76.3 3 0
github.com/Vector/vector-leads-scraper/gmaps/searchjob.go:78.2,79.20 2 0
github.com/Vector/vector-leads-scraper/gmaps/searchjob.go:79.20,81.3 1 0
github.com/Vector/vector-leads-scraper/gmaps/searchjob.go:83.2,84.16 2 0
github.com/Vector/vector-leads-scraper/gmaps/searchjob.go:84.16,86.3 1 0
github.com/Vector/vector-leads-scraper/gmaps/searchjob.go:88.2,94.26 2 0
github.com/Vector/vector-leads-scraper/gmaps/searchjob.go:94.26,98.3 3 0
github.com/Vector/vector-leads-scraper/gmaps/searchjob.go:100.2,100.26 1 0
github.com/Vector/vector-leads-scraper/gmaps/searchjob.go:103.42,104.20 1 0
github.com/Vector/vector-leads-scraper/gmaps/searchjob.go:104.20,106.3 1 0
github.com/Vector/vector-leads-scraper/gmaps/searchjob.go:108.2,109.17 2 0
github.com/Vector/vector-leads-scraper/gmaps/searchjob.go:109.17,111.3 1 0
github.com/Vector/vector-leads-scraper/gmaps/searchjob.go:113.2,113.23 1 0
github.com/Vector/vector-leads-scraper/gmaps/searchjob.go:116.71,140.2 6 0
